[2026-03-20T00:02:13.948+0000] {processor.py:186} INFO - Started process (PID=1673) to work on /opt/airflow/dags/hello_world_docker.py
[2026-03-20T00:02:13.949+0000] {processor.py:914} INFO - Processing file /opt/airflow/dags/hello_world_docker.py for tasks to queue
[2026-03-20T00:02:13.949+0000] {logging_mixin.py:190} INFO - [2026-03-20T00:02:13.949+0000] {dagbag.py:587} INFO - Filling up the DagBag from /opt/airflow/dags/hello_world_docker.py
[2026-03-20T00:02:13.958+0000] {processor.py:925} INFO - DAG(s) 'HelloWorld_docker' retrieved from /opt/airflow/dags/hello_world_docker.py
[2026-03-20T00:02:13.974+0000] {logging_mixin.py:190} INFO - [2026-03-20T00:02:13.974+0000] {dag.py:3229} INFO - Sync 1 DAGs
[2026-03-20T00:02:13.987+0000] {logging_mixin.py:190} INFO - [2026-03-20T00:02:13.987+0000] {dag.py:4156} INFO - Setting next_dagrun for HelloWorld_docker to 2026-03-19 02:00:00+00:00, run_after=2026-03-20 02:00:00+00:00
[2026-03-20T00:02:13.999+0000] {processor.py:208} INFO - Processing /opt/airflow/dags/hello_world_docker.py took 0.054 seconds
[2026-03-20T00:19:37.463+0000] {processor.py:186} INFO - Started process (PID=1704) to work on /opt/airflow/dags/hello_world_docker.py
[2026-03-20T00:19:37.463+0000] {processor.py:914} INFO - Processing file /opt/airflow/dags/hello_world_docker.py for tasks to queue
[2026-03-20T00:19:37.465+0000] {logging_mixin.py:190} INFO - [2026-03-20T00:19:37.464+0000] {dagbag.py:587} INFO - Filling up the DagBag from /opt/airflow/dags/hello_world_docker.py
[2026-03-20T00:19:37.474+0000] {processor.py:925} INFO - DAG(s) 'HelloWorld_docker' retrieved from /opt/airflow/dags/hello_world_docker.py
[2026-03-20T00:19:37.488+0000] {logging_mixin.py:190} INFO - [2026-03-20T00:19:37.488+0000] {dag.py:3229} INFO - Sync 1 DAGs
[2026-03-20T00:19:37.498+0000] {logging_mixin.py:190} INFO - [2026-03-20T00:19:37.498+0000] {dag.py:4156} INFO - Setting next_dagrun for HelloWorld_docker to 2026-03-19 02:00:00+00:00, run_after=2026-03-20 02:00:00+00:00
[2026-03-20T00:19:37.511+0000] {processor.py:208} INFO - Processing /opt/airflow/dags/hello_world_docker.py took 0.053 seconds
[2026-03-20T00:55:51.934+0000] {processor.py:186} INFO - Started process (PID=1735) to work on /opt/airflow/dags/hello_world_docker.py
[2026-03-20T00:55:51.935+0000] {processor.py:914} INFO - Processing file /opt/airflow/dags/hello_world_docker.py for tasks to queue
[2026-03-20T00:55:51.937+0000] {logging_mixin.py:190} INFO - [2026-03-20T00:55:51.937+0000] {dagbag.py:587} INFO - Filling up the DagBag from /opt/airflow/dags/hello_world_docker.py
[2026-03-20T00:55:51.946+0000] {processor.py:925} INFO - DAG(s) 'HelloWorld_docker' retrieved from /opt/airflow/dags/hello_world_docker.py
[2026-03-20T00:55:51.974+0000] {logging_mixin.py:190} INFO - [2026-03-20T00:55:51.974+0000] {dag.py:3229} INFO - Sync 1 DAGs
[2026-03-20T00:55:51.991+0000] {logging_mixin.py:190} INFO - [2026-03-20T00:55:51.991+0000] {dag.py:4156} INFO - Setting next_dagrun for HelloWorld_docker to 2026-03-19 02:00:00+00:00, run_after=2026-03-20 02:00:00+00:00
[2026-03-20T00:55:52.008+0000] {processor.py:208} INFO - Processing /opt/airflow/dags/hello_world_docker.py took 0.080 seconds
[2026-03-20T00:58:01.253+0000] {processor.py:186} INFO - Started process (PID=1766) to work on /opt/airflow/dags/hello_world_docker.py
[2026-03-20T00:58:01.256+0000] {processor.py:914} INFO - Processing file /opt/airflow/dags/hello_world_docker.py for tasks to queue
[2026-03-20T00:58:01.258+0000] {logging_mixin.py:190} INFO - [2026-03-20T00:58:01.257+0000] {dagbag.py:587} INFO - Filling up the DagBag from /opt/airflow/dags/hello_world_docker.py
[2026-03-20T00:58:01.268+0000] {processor.py:925} INFO - DAG(s) 'HelloWorld_docker' retrieved from /opt/airflow/dags/hello_world_docker.py
[2026-03-20T00:58:01.291+0000] {logging_mixin.py:190} INFO - [2026-03-20T00:58:01.291+0000] {dag.py:3229} INFO - Sync 1 DAGs
[2026-03-20T00:58:01.304+0000] {logging_mixin.py:190} INFO - [2026-03-20T00:58:01.303+0000] {dag.py:4156} INFO - Setting next_dagrun for HelloWorld_docker to 2026-03-19 02:00:00+00:00, run_after=2026-03-20 02:00:00+00:00
[2026-03-20T00:58:01.316+0000] {processor.py:208} INFO - Processing /opt/airflow/dags/hello_world_docker.py took 0.069 seconds
[2026-03-20T01:02:55.773+0000] {processor.py:186} INFO - Started process (PID=1797) to work on /opt/airflow/dags/hello_world_docker.py
[2026-03-20T01:02:55.774+0000] {processor.py:914} INFO - Processing file /opt/airflow/dags/hello_world_docker.py for tasks to queue
[2026-03-20T01:02:55.777+0000] {logging_mixin.py:190} INFO - [2026-03-20T01:02:55.776+0000] {dagbag.py:587} INFO - Filling up the DagBag from /opt/airflow/dags/hello_world_docker.py
[2026-03-20T01:02:55.794+0000] {processor.py:925} INFO - DAG(s) 'HelloWorld_docker' retrieved from /opt/airflow/dags/hello_world_docker.py
[2026-03-20T01:02:55.842+0000] {logging_mixin.py:190} INFO - [2026-03-20T01:02:55.842+0000] {dag.py:3229} INFO - Sync 1 DAGs
[2026-03-20T01:02:55.869+0000] {logging_mixin.py:190} INFO - [2026-03-20T01:02:55.869+0000] {dag.py:4156} INFO - Setting next_dagrun for HelloWorld_docker to 2026-03-19 02:00:00+00:00, run_after=2026-03-20 02:00:00+00:00
[2026-03-20T01:02:55.894+0000] {processor.py:208} INFO - Processing /opt/airflow/dags/hello_world_docker.py took 0.135 seconds
[2026-03-20T01:03:26.503+0000] {processor.py:186} INFO - Started process (PID=1828) to work on /opt/airflow/dags/hello_world_docker.py
[2026-03-20T01:03:26.505+0000] {processor.py:914} INFO - Processing file /opt/airflow/dags/hello_world_docker.py for tasks to queue
[2026-03-20T01:03:26.507+0000] {logging_mixin.py:190} INFO - [2026-03-20T01:03:26.507+0000] {dagbag.py:587} INFO - Filling up the DagBag from /opt/airflow/dags/hello_world_docker.py
[2026-03-20T01:03:26.536+0000] {processor.py:925} INFO - DAG(s) 'HelloWorld_docker' retrieved from /opt/airflow/dags/hello_world_docker.py
[2026-03-20T01:03:26.567+0000] {logging_mixin.py:190} INFO - [2026-03-20T01:03:26.567+0000] {dag.py:3229} INFO - Sync 1 DAGs
[2026-03-20T01:03:26.593+0000] {logging_mixin.py:190} INFO - [2026-03-20T01:03:26.593+0000] {dag.py:4156} INFO - Setting next_dagrun for HelloWorld_docker to 2026-03-19 02:00:00+00:00, run_after=2026-03-20 02:00:00+00:00
[2026-03-20T01:03:26.606+0000] {processor.py:208} INFO - Processing /opt/airflow/dags/hello_world_docker.py took 0.116 seconds
[2026-03-20T01:03:57.452+0000] {processor.py:186} INFO - Started process (PID=1859) to work on /opt/airflow/dags/hello_world_docker.py
[2026-03-20T01:03:57.453+0000] {processor.py:914} INFO - Processing file /opt/airflow/dags/hello_world_docker.py for tasks to queue
[2026-03-20T01:03:57.455+0000] {logging_mixin.py:190} INFO - [2026-03-20T01:03:57.454+0000] {dagbag.py:587} INFO - Filling up the DagBag from /opt/airflow/dags/hello_world_docker.py
[2026-03-20T01:03:57.464+0000] {processor.py:925} INFO - DAG(s) 'HelloWorld_docker' retrieved from /opt/airflow/dags/hello_world_docker.py
[2026-03-20T01:03:57.484+0000] {logging_mixin.py:190} INFO - [2026-03-20T01:03:57.483+0000] {dag.py:3229} INFO - Sync 1 DAGs
[2026-03-20T01:03:57.498+0000] {logging_mixin.py:190} INFO - [2026-03-20T01:03:57.498+0000] {dag.py:4156} INFO - Setting next_dagrun for HelloWorld_docker to 2026-03-19 02:00:00+00:00, run_after=2026-03-20 02:00:00+00:00
[2026-03-20T01:03:57.511+0000] {processor.py:208} INFO - Processing /opt/airflow/dags/hello_world_docker.py took 0.066 seconds
