[2026-04-23T23:03:59.233+0000] {local_task_job_runner.py:123} INFO - ::group::Pre task execution logs
[2026-04-23T23:03:59.241+0000] {taskinstance.py:2612} INFO - Dependencies all met for dep_context=non-requeueable deps ti=<TaskInstance: BuildELT_dbt.dbt_run manual__2026-04-23T23:03:58.550467+00:00 [queued]>
[2026-04-23T23:03:59.245+0000] {taskinstance.py:2612} INFO - Dependencies all met for dep_context=requeueable deps ti=<TaskInstance: BuildELT_dbt.dbt_run manual__2026-04-23T23:03:58.550467+00:00 [queued]>
[2026-04-23T23:03:59.245+0000] {taskinstance.py:2865} INFO - Starting attempt 1 of 1
[2026-04-23T23:03:59.251+0000] {taskinstance.py:2888} INFO - Executing <Task(BashOperator): dbt_run> on 2026-04-23 23:03:58.550467+00:00
[2026-04-23T23:03:59.258+0000] {standard_task_runner.py:104} INFO - Running: ['***', 'tasks', 'run', 'BuildELT_dbt', 'dbt_run', 'manual__2026-04-23T23:03:58.550467+00:00', '--job-id', '223', '--raw', '--subdir', 'DAGS_FOLDER/build_elt_with_dbt.py', '--cfg-path', '/tmp/tmp_czp9e4_']
[2026-04-23T23:03:59.260+0000] {logging_mixin.py:190} WARNING - /home/***/.local/lib/python3.12/site-packages/***/task/task_runner/standard_task_runner.py:70 DeprecationWarning: This process (pid=1336) is multi-threaded, use of fork() may lead to deadlocks in the child.
[2026-04-23T23:03:59.261+0000] {standard_task_runner.py:72} INFO - Started process 1337 to run task
[2026-04-23T23:03:59.260+0000] {standard_task_runner.py:105} INFO - Job 223: Subtask dbt_run
[2026-04-23T23:03:59.288+0000] {task_command.py:467} INFO - Running <TaskInstance: BuildELT_dbt.dbt_run manual__2026-04-23T23:03:58.550467+00:00 [running]> on host 2311453635e8
[2026-04-23T23:03:59.325+0000] {taskinstance.py:3131} INFO - Exporting env vars: AIRFLOW_CTX_DAG_OWNER='***' AIRFLOW_CTX_DAG_ID='BuildELT_dbt' AIRFLOW_CTX_TASK_ID='dbt_run' AIRFLOW_CTX_EXECUTION_DATE='2026-04-23T23:03:58.550467+00:00' AIRFLOW_CTX_TRY_NUMBER='1' AIRFLOW_CTX_DAG_RUN_ID='manual__2026-04-23T23:03:58.550467+00:00'
[2026-04-23T23:03:59.325+0000] {taskinstance.py:731} INFO - ::endgroup::
[2026-04-23T23:03:59.336+0000] {subprocess.py:63} INFO - Tmp dir root location: /tmp
[2026-04-23T23:03:59.336+0000] {subprocess.py:75} INFO - Running command: ['/usr/bin/bash', '-c', '/home/***/.local/bin/dbt run --profiles-dir /opt/***/dbt --project-dir /opt/***/dbt']
[2026-04-23T23:03:59.341+0000] {subprocess.py:86} INFO - Output:
[2026-04-23T23:04:00.328+0000] {subprocess.py:93} INFO - [0m23:04:00  Running with dbt=1.8.7
[2026-04-23T23:04:00.785+0000] {subprocess.py:93} INFO - [0m23:04:00  Registered adapter: snowflake=1.8.1
[2026-04-23T23:04:01.018+0000] {subprocess.py:93} INFO - [0m23:04:01  Found 5 models, 12 data tests, 1 snapshot, 3 sources, 454 macros
[2026-04-23T23:04:01.019+0000] {subprocess.py:93} INFO - [0m23:04:01
[2026-04-23T23:04:05.558+0000] {subprocess.py:93} INFO - [0m23:04:05  Concurrency: 1 threads (target='dev')
[2026-04-23T23:04:05.560+0000] {subprocess.py:93} INFO - [0m23:04:05
[2026-04-23T23:04:05.575+0000] {subprocess.py:93} INFO - [0m23:04:05  1 of 5 START sql view model analytics.stg_weather_data ......................... [RUN]
[2026-04-23T23:04:06.949+0000] {subprocess.py:93} INFO - [0m23:04:06  1 of 5 OK created sql view model analytics.stg_weather_data .................... [[32mSUCCESS 1[0m in 1.37s]
[2026-04-23T23:04:06.953+0000] {subprocess.py:93} INFO - [0m23:04:06  2 of 5 START sql table model analytics.average_temps ........................... [RUN]
[2026-04-23T23:04:09.573+0000] {subprocess.py:93} INFO - [0m23:04:09  2 of 5 OK created sql table model analytics.average_temps ...................... [[32mSUCCESS 1[0m in 2.62s]
[2026-04-23T23:04:09.576+0000] {subprocess.py:93} INFO - [0m23:04:09  3 of 5 START sql table model analytics.percent_rainy_days_monthly .............. [RUN]
[2026-04-23T23:04:12.700+0000] {subprocess.py:93} INFO - [0m23:04:12  3 of 5 OK created sql table model analytics.percent_rainy_days_monthly ......... [[32mSUCCESS 1[0m in 3.12s]
[2026-04-23T23:04:12.705+0000] {subprocess.py:93} INFO - [0m23:04:12  4 of 5 START sql table model analytics.weather_code_distribution ............... [RUN]
[2026-04-23T23:04:15.213+0000] {subprocess.py:93} INFO - [0m23:04:15  4 of 5 OK created sql table model analytics.weather_code_distribution .......... [[32mSUCCESS 1[0m in 2.51s]
[2026-04-23T23:04:15.216+0000] {subprocess.py:93} INFO - [0m23:04:15  5 of 5 START sql table model analytics.weather_weekly_precipitation ............ [RUN]
[2026-04-23T23:04:21.576+0000] {subprocess.py:93} INFO - [0m23:04:21  5 of 5 OK created sql table model analytics.weather_weekly_precipitation ....... [[32mSUCCESS 1[0m in 6.35s]
[2026-04-23T23:04:21.596+0000] {subprocess.py:93} INFO - [0m23:04:21
[2026-04-23T23:04:21.597+0000] {subprocess.py:93} INFO - [0m23:04:21  Finished running 1 view model, 4 table models in 0 hours 0 minutes and 20.58 seconds (20.58s).
[2026-04-23T23:04:21.640+0000] {subprocess.py:93} INFO - [0m23:04:21
[2026-04-23T23:04:21.640+0000] {subprocess.py:93} INFO - [0m23:04:21  [32mCompleted successfully[0m
[2026-04-23T23:04:21.641+0000] {subprocess.py:93} INFO - [0m23:04:21
[2026-04-23T23:04:21.641+0000] {subprocess.py:93} INFO - [0m23:04:21  Done. PASS=5 WARN=0 ERROR=0 SKIP=0 TOTAL=5
[2026-04-23T23:04:22.367+0000] {subprocess.py:97} INFO - Command exited with return code 0
[2026-04-23T23:04:22.398+0000] {taskinstance.py:340} INFO - ::group::Post task execution logs
[2026-04-23T23:04:22.398+0000] {taskinstance.py:352} INFO - Marking task as SUCCESS. dag_id=BuildELT_dbt, task_id=dbt_run, run_id=manual__2026-04-23T23:03:58.550467+00:00, execution_date=20260423T230358, start_date=20260423T230359, end_date=20260423T230422
[2026-04-23T23:04:22.424+0000] {local_task_job_runner.py:266} INFO - Task exited with return code 0
[2026-04-23T23:04:22.443+0000] {taskinstance.py:3900} INFO - 1 downstream tasks scheduled from follow-on schedule check
[2026-04-23T23:04:22.444+0000] {local_task_job_runner.py:245} INFO - ::endgroup::
