[2026-04-23T08:20:51.537+0000] {local_task_job_runner.py:123} INFO - ::group::Pre task execution logs
[2026-04-23T08:20:51.543+0000] {taskinstance.py:2612} INFO - Dependencies all met for dep_context=non-requeueable deps ti=<TaskInstance: BuildELT_dbt.dbt_snapshot manual__2026-04-23T08:20:17.188978+00:00 [queued]>
[2026-04-23T08:20:51.546+0000] {taskinstance.py:2612} INFO - Dependencies all met for dep_context=requeueable deps ti=<TaskInstance: BuildELT_dbt.dbt_snapshot manual__2026-04-23T08:20:17.188978+00:00 [queued]>
[2026-04-23T08:20:51.547+0000] {taskinstance.py:2865} INFO - Starting attempt 1 of 1
[2026-04-23T08:20:51.551+0000] {taskinstance.py:2888} INFO - Executing <Task(BashOperator): dbt_snapshot> on 2026-04-23 08:20:17.188978+00:00
[2026-04-23T08:20:51.555+0000] {standard_task_runner.py:104} INFO - Running: ['***', 'tasks', 'run', 'BuildELT_dbt', 'dbt_snapshot', 'manual__2026-04-23T08:20:17.188978+00:00', '--job-id', '205', '--raw', '--subdir', 'DAGS_FOLDER/build_elt_with_dbt.py', '--cfg-path', '/tmp/tmpxdkh3baa']
[2026-04-23T08:20:51.556+0000] {standard_task_runner.py:105} INFO - Job 205: Subtask dbt_snapshot
[2026-04-23T08:20:51.556+0000] {logging_mixin.py:190} WARNING - /home/***/.local/lib/python3.12/site-packages/***/task/task_runner/standard_task_runner.py:70 DeprecationWarning: This process (pid=319) is multi-threaded, use of fork() may lead to deadlocks in the child.
[2026-04-23T08:20:51.557+0000] {standard_task_runner.py:72} INFO - Started process 320 to run task
[2026-04-23T08:20:51.572+0000] {task_command.py:467} INFO - Running <TaskInstance: BuildELT_dbt.dbt_snapshot manual__2026-04-23T08:20:17.188978+00:00 [running]> on host 2311453635e8
[2026-04-23T08:20:51.600+0000] {taskinstance.py:3131} INFO - Exporting env vars: AIRFLOW_CTX_DAG_OWNER='***' AIRFLOW_CTX_DAG_ID='BuildELT_dbt' AIRFLOW_CTX_TASK_ID='dbt_snapshot' AIRFLOW_CTX_EXECUTION_DATE='2026-04-23T08:20:17.188978+00:00' AIRFLOW_CTX_TRY_NUMBER='1' AIRFLOW_CTX_DAG_RUN_ID='manual__2026-04-23T08:20:17.188978+00:00'
[2026-04-23T08:20:51.601+0000] {taskinstance.py:731} INFO - ::endgroup::
[2026-04-23T08:20:51.609+0000] {subprocess.py:63} INFO - Tmp dir root location: /tmp
[2026-04-23T08:20:51.609+0000] {subprocess.py:75} INFO - Running command: ['/usr/bin/bash', '-c', '/home/***/.local/bin/dbt snapshot --profiles-dir /opt/***/dbt --project-dir /opt/***/dbt']
[2026-04-23T08:20:51.613+0000] {subprocess.py:86} INFO - Output:
[2026-04-23T08:20:52.447+0000] {subprocess.py:93} INFO - [0m08:20:52  Running with dbt=1.8.7
[2026-04-23T08:20:52.841+0000] {subprocess.py:93} INFO - [0m08:20:52  Registered adapter: snowflake=1.8.1
[2026-04-23T08:20:52.976+0000] {subprocess.py:93} INFO - [0m08:20:52  Found 3 models, 1 snapshot, 12 data tests, 3 sources, 454 macros
[2026-04-23T08:20:52.977+0000] {subprocess.py:93} INFO - [0m08:20:52
[2026-04-23T08:20:56.545+0000] {subprocess.py:93} INFO - [0m08:20:56  Concurrency: 1 threads (target='dev')
[2026-04-23T08:20:56.545+0000] {subprocess.py:93} INFO - [0m08:20:56
[2026-04-23T08:20:56.554+0000] {subprocess.py:93} INFO - [0m08:20:56  1 of 1 START snapshot snapshot.snapshot_weather_data ........................... [RUN]
[2026-04-23T08:20:59.982+0000] {subprocess.py:93} INFO - [0m08:20:59  1 of 1 OK snapshotted snapshot.snapshot_weather_data ........................... [[32mSUCCESS 1[0m in 3.42s]
[2026-04-23T08:20:59.986+0000] {subprocess.py:93} INFO - [0m08:20:59
[2026-04-23T08:20:59.987+0000] {subprocess.py:93} INFO - [0m08:20:59  Finished running 1 snapshot in 0 hours 0 minutes and 7.01 seconds (7.01s).
[2026-04-23T08:21:00.017+0000] {subprocess.py:93} INFO - [0m08:21:00
[2026-04-23T08:21:00.018+0000] {subprocess.py:93} INFO - [0m08:21:00  [32mCompleted successfully[0m
[2026-04-23T08:21:00.018+0000] {subprocess.py:93} INFO - [0m08:21:00
[2026-04-23T08:21:00.018+0000] {subprocess.py:93} INFO - [0m08:21:00  Done. PASS=1 WARN=0 ERROR=0 SKIP=0 TOTAL=1
[2026-04-23T08:21:00.542+0000] {subprocess.py:97} INFO - Command exited with return code 0
[2026-04-23T08:21:00.559+0000] {taskinstance.py:340} INFO - ::group::Post task execution logs
[2026-04-23T08:21:00.560+0000] {taskinstance.py:352} INFO - Marking task as SUCCESS. dag_id=BuildELT_dbt, task_id=dbt_snapshot, run_id=manual__2026-04-23T08:20:17.188978+00:00, execution_date=20260423T082017, start_date=20260423T082051, end_date=20260423T082100
[2026-04-23T08:21:00.605+0000] {local_task_job_runner.py:266} INFO - Task exited with return code 0
[2026-04-23T08:21:00.613+0000] {taskinstance.py:3900} INFO - 0 downstream tasks scheduled from follow-on schedule check
[2026-04-23T08:21:00.614+0000] {local_task_job_runner.py:245} INFO - ::endgroup::
