[2026-04-23T22:57:02.541+0000] {local_task_job_runner.py:123} INFO - ::group::Pre task execution logs
[2026-04-23T22:57:02.547+0000] {taskinstance.py:2612} INFO - Dependencies all met for dep_context=non-requeueable deps ti=<TaskInstance: BuildELT_dbt.dbt_snapshot manual__2026-04-23T22:56:28.206037+00:00 [queued]>
[2026-04-23T22:57:02.549+0000] {taskinstance.py:2612} INFO - Dependencies all met for dep_context=requeueable deps ti=<TaskInstance: BuildELT_dbt.dbt_snapshot manual__2026-04-23T22:56:28.206037+00:00 [queued]>
[2026-04-23T22:57:02.550+0000] {taskinstance.py:2865} INFO - Starting attempt 1 of 1
[2026-04-23T22:57:02.555+0000] {taskinstance.py:2888} INFO - Executing <Task(BashOperator): dbt_snapshot> on 2026-04-23 22:56:28.206037+00:00
[2026-04-23T22:57:02.558+0000] {standard_task_runner.py:104} INFO - Running: ['***', 'tasks', 'run', 'BuildELT_dbt', 'dbt_snapshot', 'manual__2026-04-23T22:56:28.206037+00:00', '--job-id', '222', '--raw', '--subdir', 'DAGS_FOLDER/build_elt_with_dbt.py', '--cfg-path', '/tmp/tmpfdc2486g']
[2026-04-23T22:57:02.559+0000] {standard_task_runner.py:105} INFO - Job 222: Subtask dbt_snapshot
[2026-04-23T22:57:02.559+0000] {logging_mixin.py:190} WARNING - /home/***/.local/lib/python3.12/site-packages/***/task/task_runner/standard_task_runner.py:70 DeprecationWarning: This process (pid=1033) is multi-threaded, use of fork() may lead to deadlocks in the child.
[2026-04-23T22:57:02.560+0000] {standard_task_runner.py:72} INFO - Started process 1034 to run task
[2026-04-23T22:57:02.575+0000] {task_command.py:467} INFO - Running <TaskInstance: BuildELT_dbt.dbt_snapshot manual__2026-04-23T22:56:28.206037+00:00 [running]> on host 2311453635e8
[2026-04-23T22:57:02.602+0000] {taskinstance.py:3131} INFO - Exporting env vars: AIRFLOW_CTX_DAG_OWNER='***' AIRFLOW_CTX_DAG_ID='BuildELT_dbt' AIRFLOW_CTX_TASK_ID='dbt_snapshot' AIRFLOW_CTX_EXECUTION_DATE='2026-04-23T22:56:28.206037+00:00' AIRFLOW_CTX_TRY_NUMBER='1' AIRFLOW_CTX_DAG_RUN_ID='manual__2026-04-23T22:56:28.206037+00:00'
[2026-04-23T22:57:02.602+0000] {taskinstance.py:731} INFO - ::endgroup::
[2026-04-23T22:57:02.608+0000] {subprocess.py:63} INFO - Tmp dir root location: /tmp
[2026-04-23T22:57:02.608+0000] {subprocess.py:75} INFO - Running command: ['/usr/bin/bash', '-c', '/home/***/.local/bin/dbt snapshot --profiles-dir /opt/***/dbt --project-dir /opt/***/dbt']
[2026-04-23T22:57:02.611+0000] {subprocess.py:86} INFO - Output:
[2026-04-23T22:57:03.438+0000] {subprocess.py:93} INFO - [0m22:57:03  Running with dbt=1.8.7
[2026-04-23T22:57:03.807+0000] {subprocess.py:93} INFO - [0m22:57:03  Registered adapter: snowflake=1.8.1
[2026-04-23T22:57:03.957+0000] {subprocess.py:93} INFO - [0m22:57:03  Found 5 models, 1 snapshot, 12 data tests, 3 sources, 454 macros
[2026-04-23T22:57:03.959+0000] {subprocess.py:93} INFO - [0m22:57:03
[2026-04-23T22:57:06.596+0000] {subprocess.py:93} INFO - [0m22:57:06  Concurrency: 1 threads (target='dev')
[2026-04-23T22:57:06.598+0000] {subprocess.py:93} INFO - [0m22:57:06
[2026-04-23T22:57:06.614+0000] {subprocess.py:93} INFO - [0m22:57:06  1 of 1 START snapshot snapshot.snapshot_weather_data ........................... [RUN]
[2026-04-23T22:57:07.452+0000] {subprocess.py:93} INFO - [0m22:57:07  1 of 1 ERROR snapshotting snapshot.snapshot_weather_data ....................... [[31mERROR[0m in 0.84s]
[2026-04-23T22:57:07.455+0000] {subprocess.py:93} INFO - [0m22:57:07
[2026-04-23T22:57:07.455+0000] {subprocess.py:93} INFO - [0m22:57:07  Finished running 1 snapshot in 0 hours 0 minutes and 3.50 seconds (3.50s).
[2026-04-23T22:57:07.481+0000] {subprocess.py:93} INFO - [0m22:57:07
[2026-04-23T22:57:07.481+0000] {subprocess.py:93} INFO - [0m22:57:07  [31mCompleted with 1 error and 0 warnings:[0m
[2026-04-23T22:57:07.482+0000] {subprocess.py:93} INFO - [0m22:57:07
[2026-04-23T22:57:07.482+0000] {subprocess.py:93} INFO - [0m22:57:07    Database Error in snapshot snapshot_weather_data (snapshots/snapshot_weather_data.sql)
[2026-04-23T22:57:07.482+0000] {subprocess.py:93} INFO -   000904 (42000): SQL compilation error: error line 2 at position 15
[2026-04-23T22:57:07.482+0000] {subprocess.py:93} INFO -   invalid identifier 'PRECIPITATION'
[2026-04-23T22:57:07.483+0000] {subprocess.py:93} INFO - [0m22:57:07
[2026-04-23T22:57:07.483+0000] {subprocess.py:93} INFO - [0m22:57:07  Done. PASS=0 WARN=0 ERROR=1 SKIP=0 TOTAL=1
[2026-04-23T22:57:08.108+0000] {subprocess.py:97} INFO - Command exited with return code 1
[2026-04-23T22:57:08.112+0000] {taskinstance.py:3310} ERROR - Task failed with exception
Traceback (most recent call last):
  File "/home/airflow/.local/lib/python3.12/site-packages/airflow/models/taskinstance.py", line 767, in _execute_task
    result = _execute_callable(context=context, **execute_callable_kwargs)
             ^^^^^^^^^^^^^^^^^^^^^^^^^^^^^^^^^^^^^^^^^^^^^^^^^^^^^^^^^^^^^
  File "/home/airflow/.local/lib/python3.12/site-packages/airflow/models/taskinstance.py", line 733, in _execute_callable
    return ExecutionCallableRunner(
           ^^^^^^^^^^^^^^^^^^^^^^^^
  File "/home/airflow/.local/lib/python3.12/site-packages/airflow/utils/operator_helpers.py", line 252, in run
    return self.func(*args, **kwargs)
           ^^^^^^^^^^^^^^^^^^^^^^^^^^
  File "/home/airflow/.local/lib/python3.12/site-packages/airflow/models/baseoperator.py", line 406, in wrapper
    return func(self, *args, **kwargs)
           ^^^^^^^^^^^^^^^^^^^^^^^^^^^
  File "/home/airflow/.local/lib/python3.12/site-packages/airflow/operators/bash.py", line 249, in execute
    raise AirflowException(
airflow.exceptions.AirflowException: Bash command failed. The command returned a non-zero exit code 1.
[2026-04-23T22:57:08.114+0000] {taskinstance.py:1225} INFO - Marking task as FAILED. dag_id=BuildELT_dbt, task_id=dbt_snapshot, run_id=manual__2026-04-23T22:56:28.206037+00:00, execution_date=20260423T225628, start_date=20260423T225702, end_date=20260423T225708
[2026-04-23T22:57:08.119+0000] {taskinstance.py:340} INFO - ::group::Post task execution logs
[2026-04-23T22:57:08.120+0000] {standard_task_runner.py:124} ERROR - Failed to execute job 222 for task dbt_snapshot (Bash command failed. The command returned a non-zero exit code 1.; 1034)
Traceback (most recent call last):
  File "/home/airflow/.local/lib/python3.12/site-packages/airflow/task/task_runner/standard_task_runner.py", line 117, in _start_by_fork
    ret = args.func(args, dag=self.dag)
          ^^^^^^^^^^^^^^^^^^^^^^^^^^^^^
  File "/home/airflow/.local/lib/python3.12/site-packages/airflow/cli/cli_config.py", line 49, in command
    return func(*args, **kwargs)
           ^^^^^^^^^^^^^^^^^^^^^
  File "/home/airflow/.local/lib/python3.12/site-packages/airflow/utils/cli.py", line 115, in wrapper
    return f(*args, **kwargs)
           ^^^^^^^^^^^^^^^^^^
  File "/home/airflow/.local/lib/python3.12/site-packages/airflow/cli/commands/task_command.py", line 483, in task_run
    task_return_code = _run_task_by_selected_method(args, _dag, ti)
                       ^^^^^^^^^^^^^^^^^^^^^^^^^^^^^^^^^^^^^^^^^^^^
  File "/home/airflow/.local/lib/python3.12/site-packages/airflow/cli/commands/task_command.py", line 256, in _run_task_by_selected_method
    return _run_raw_task(args, ti)
           ^^^^^^^^^^^^^^^^^^^^^^^
  File "/home/airflow/.local/lib/python3.12/site-packages/airflow/cli/commands/task_command.py", line 341, in _run_raw_task
    return ti._run_raw_task(
           ^^^^^^^^^^^^^^^^^
  File "/home/airflow/.local/lib/python3.12/site-packages/airflow/utils/session.py", line 97, in wrapper
    return func(*args, session=session, **kwargs)
           ^^^^^^^^^^^^^^^^^^^^^^^^^^^^^^^^^^^^^^
  File "/home/airflow/.local/lib/python3.12/site-packages/airflow/models/taskinstance.py", line 3004, in _run_raw_task
    return _run_raw_task(
           ^^^^^^^^^^^^^^
  File "/home/airflow/.local/lib/python3.12/site-packages/airflow/models/taskinstance.py", line 273, in _run_raw_task
    TaskInstance._execute_task_with_callbacks(
  File "/home/airflow/.local/lib/python3.12/site-packages/airflow/models/taskinstance.py", line 3158, in _execute_task_with_callbacks
    result = self._execute_task(context, task_orig)
             ^^^^^^^^^^^^^^^^^^^^^^^^^^^^^^^^^^^^^^
  File "/home/airflow/.local/lib/python3.12/site-packages/airflow/models/taskinstance.py", line 3182, in _execute_task
    return _execute_task(self, context, task_orig)
           ^^^^^^^^^^^^^^^^^^^^^^^^^^^^^^^^^^^^^^^
  File "/home/airflow/.local/lib/python3.12/site-packages/airflow/models/taskinstance.py", line 767, in _execute_task
    result = _execute_callable(context=context, **execute_callable_kwargs)
             ^^^^^^^^^^^^^^^^^^^^^^^^^^^^^^^^^^^^^^^^^^^^^^^^^^^^^^^^^^^^^
  File "/home/airflow/.local/lib/python3.12/site-packages/airflow/models/taskinstance.py", line 733, in _execute_callable
    return ExecutionCallableRunner(
           ^^^^^^^^^^^^^^^^^^^^^^^^
  File "/home/airflow/.local/lib/python3.12/site-packages/airflow/utils/operator_helpers.py", line 252, in run
    return self.func(*args, **kwargs)
           ^^^^^^^^^^^^^^^^^^^^^^^^^^
  File "/home/airflow/.local/lib/python3.12/site-packages/airflow/models/baseoperator.py", line 406, in wrapper
    return func(self, *args, **kwargs)
           ^^^^^^^^^^^^^^^^^^^^^^^^^^^
  File "/home/airflow/.local/lib/python3.12/site-packages/airflow/operators/bash.py", line 249, in execute
    raise AirflowException(
airflow.exceptions.AirflowException: Bash command failed. The command returned a non-zero exit code 1.
[2026-04-23T22:57:08.152+0000] {local_task_job_runner.py:266} INFO - Task exited with return code 1
[2026-04-23T22:57:08.157+0000] {taskinstance.py:3900} INFO - 0 downstream tasks scheduled from follow-on schedule check
[2026-04-23T22:57:08.158+0000] {local_task_job_runner.py:245} INFO - ::endgroup::
