[2026-04-22T23:49:34.438+0000] {local_task_job_runner.py:123} INFO - ::group::Pre task execution logs
[2026-04-22T23:49:34.445+0000] {taskinstance.py:2612} INFO - Dependencies all met for dep_context=non-requeueable deps ti=<TaskInstance: BuildELT_dbt.dbt_snapshot manual__2026-04-22T23:49:15.187376+00:00 [queued]>
[2026-04-22T23:49:34.448+0000] {taskinstance.py:2612} INFO - Dependencies all met for dep_context=requeueable deps ti=<TaskInstance: BuildELT_dbt.dbt_snapshot manual__2026-04-22T23:49:15.187376+00:00 [queued]>
[2026-04-22T23:49:34.448+0000] {taskinstance.py:2865} INFO - Starting attempt 1 of 1
[2026-04-22T23:49:34.453+0000] {taskinstance.py:2888} INFO - Executing <Task(BashOperator): dbt_snapshot> on 2026-04-22 23:49:15.187376+00:00
[2026-04-22T23:49:34.457+0000] {standard_task_runner.py:104} INFO - Running: ['***', 'tasks', 'run', 'BuildELT_dbt', 'dbt_snapshot', 'manual__2026-04-22T23:49:15.187376+00:00', '--job-id', '178', '--raw', '--subdir', 'DAGS_FOLDER/build_elt_with_dbt.py', '--cfg-path', '/tmp/tmpxly5a4tw']
[2026-04-22T23:49:34.458+0000] {logging_mixin.py:190} WARNING - /home/***/.local/lib/python3.12/site-packages/***/task/task_runner/standard_task_runner.py:70 DeprecationWarning: This process (pid=1378) is multi-threaded, use of fork() may lead to deadlocks in the child.
[2026-04-22T23:49:34.459+0000] {standard_task_runner.py:72} INFO - Started process 1379 to run task
[2026-04-22T23:49:34.459+0000] {standard_task_runner.py:105} INFO - Job 178: Subtask dbt_snapshot
[2026-04-22T23:49:34.475+0000] {task_command.py:467} INFO - Running <TaskInstance: BuildELT_dbt.dbt_snapshot manual__2026-04-22T23:49:15.187376+00:00 [running]> on host 2311453635e8
[2026-04-22T23:49:34.503+0000] {taskinstance.py:3131} INFO - Exporting env vars: AIRFLOW_CTX_DAG_OWNER='***' AIRFLOW_CTX_DAG_ID='BuildELT_dbt' AIRFLOW_CTX_TASK_ID='dbt_snapshot' AIRFLOW_CTX_EXECUTION_DATE='2026-04-22T23:49:15.187376+00:00' AIRFLOW_CTX_TRY_NUMBER='1' AIRFLOW_CTX_DAG_RUN_ID='manual__2026-04-22T23:49:15.187376+00:00'
[2026-04-22T23:49:34.504+0000] {taskinstance.py:731} INFO - ::endgroup::
[2026-04-22T23:49:34.510+0000] {subprocess.py:63} INFO - Tmp dir root location: /tmp
[2026-04-22T23:49:34.511+0000] {subprocess.py:75} INFO - Running command: ['/usr/bin/bash', '-c', '/home/***/.local/bin/dbt snapshot --profiles-dir /opt/***/dbt --project-dir /opt/***/dbt']
[2026-04-22T23:49:34.514+0000] {subprocess.py:86} INFO - Output:
[2026-04-22T23:49:35.315+0000] {subprocess.py:93} INFO - [0m23:49:35  Running with dbt=1.8.7
[2026-04-22T23:49:35.688+0000] {subprocess.py:93} INFO - [0m23:49:35  Registered adapter: snowflake=1.8.1
[2026-04-22T23:49:35.818+0000] {subprocess.py:93} INFO - [0m23:49:35  Found 6 models, 1 snapshot, 2 data tests, 3 sources, 454 macros
[2026-04-22T23:49:35.819+0000] {subprocess.py:93} INFO - [0m23:49:35
[2026-04-22T23:49:38.352+0000] {subprocess.py:93} INFO - [0m23:49:38  Concurrency: 1 threads (target='dev')
[2026-04-22T23:49:38.352+0000] {subprocess.py:93} INFO - [0m23:49:38
[2026-04-22T23:49:38.358+0000] {subprocess.py:93} INFO - [0m23:49:38  1 of 1 START snapshot snapshot.snapshot_session_summary ........................ [RUN]
[2026-04-22T23:49:44.948+0000] {subprocess.py:93} INFO - [0m23:49:44  1 of 1 OK snapshotted snapshot.snapshot_session_summary ........................ [[32mSUCCESS 0[0m in 6.58s]
[2026-04-22T23:49:44.954+0000] {subprocess.py:93} INFO - [0m23:49:44
[2026-04-22T23:49:44.955+0000] {subprocess.py:93} INFO - [0m23:49:44  Finished running 1 snapshot in 0 hours 0 minutes and 9.13 seconds (9.13s).
[2026-04-22T23:49:44.986+0000] {subprocess.py:93} INFO - [0m23:49:44
[2026-04-22T23:49:44.986+0000] {subprocess.py:93} INFO - [0m23:49:44  [32mCompleted successfully[0m
[2026-04-22T23:49:44.986+0000] {subprocess.py:93} INFO - [0m23:49:44
[2026-04-22T23:49:44.987+0000] {subprocess.py:93} INFO - [0m23:49:44  Done. PASS=1 WARN=0 ERROR=0 SKIP=0 TOTAL=1
[2026-04-22T23:49:45.514+0000] {subprocess.py:97} INFO - Command exited with return code 0
[2026-04-22T23:49:45.524+0000] {taskinstance.py:340} INFO - ::group::Post task execution logs
[2026-04-22T23:49:45.524+0000] {taskinstance.py:352} INFO - Marking task as SUCCESS. dag_id=BuildELT_dbt, task_id=dbt_snapshot, run_id=manual__2026-04-22T23:49:15.187376+00:00, execution_date=20260422T234915, start_date=20260422T234934, end_date=20260422T234945
[2026-04-22T23:49:45.547+0000] {local_task_job_runner.py:266} INFO - Task exited with return code 0
[2026-04-22T23:49:45.552+0000] {taskinstance.py:3900} INFO - 0 downstream tasks scheduled from follow-on schedule check
[2026-04-22T23:49:45.553+0000] {local_task_job_runner.py:245} INFO - ::endgroup::
