[2026-04-30T23:02:56.369+0000] {processor.py:186} INFO - Started process (PID=321) to work on /opt/airflow/dags/build_elt_with_dbt.py
[2026-04-30T23:02:56.370+0000] {processor.py:914} INFO - Processing file /opt/airflow/dags/build_elt_with_dbt.py for tasks to queue
[2026-04-30T23:02:56.373+0000] {logging_mixin.py:190} INFO - [2026-04-30T23:02:56.373+0000] {dagbag.py:587} INFO - Filling up the DagBag from /opt/airflow/dags/build_elt_with_dbt.py
[2026-04-30T23:02:56.387+0000] {logging_mixin.py:190} INFO - [2026-04-30T23:02:56.387+0000] {base.py:84} INFO - Retrieving connection 'snowflake_conn'
[2026-04-30T23:02:56.394+0000] {processor.py:925} INFO - DAG(s) 'BuildELT_dbt' retrieved from /opt/airflow/dags/build_elt_with_dbt.py
[2026-04-30T23:02:56.425+0000] {logging_mixin.py:190} INFO - [2026-04-30T23:02:56.425+0000] {dag.py:3229} INFO - Sync 1 DAGs
[2026-04-30T23:02:56.467+0000] {logging_mixin.py:190} INFO - [2026-04-30T23:02:56.467+0000] {dag.py:4156} INFO - Setting next_dagrun for BuildELT_dbt to 2026-04-30 08:00:00+00:00, run_after=2026-05-01 08:00:00+00:00
[2026-04-30T23:02:56.488+0000] {processor.py:208} INFO - Processing /opt/airflow/dags/build_elt_with_dbt.py took 0.123 seconds
[2026-04-30T23:05:52.847+0000] {processor.py:186} INFO - Started process (PID=321) to work on /opt/airflow/dags/build_elt_with_dbt.py
[2026-04-30T23:05:52.848+0000] {processor.py:914} INFO - Processing file /opt/airflow/dags/build_elt_with_dbt.py for tasks to queue
[2026-04-30T23:05:52.849+0000] {logging_mixin.py:190} INFO - [2026-04-30T23:05:52.849+0000] {dagbag.py:587} INFO - Filling up the DagBag from /opt/airflow/dags/build_elt_with_dbt.py
[2026-04-30T23:05:52.869+0000] {logging_mixin.py:190} INFO - [2026-04-30T23:05:52.869+0000] {base.py:84} INFO - Retrieving connection 'snowflake_conn'
[2026-04-30T23:05:52.875+0000] {processor.py:925} INFO - DAG(s) 'BuildELT_dbt' retrieved from /opt/airflow/dags/build_elt_with_dbt.py
[2026-04-30T23:05:52.916+0000] {logging_mixin.py:190} INFO - [2026-04-30T23:05:52.915+0000] {dag.py:3229} INFO - Sync 1 DAGs
[2026-04-30T23:05:52.939+0000] {logging_mixin.py:190} INFO - [2026-04-30T23:05:52.939+0000] {dag.py:4156} INFO - Setting next_dagrun for BuildELT_dbt to 2026-04-30 08:00:00+00:00, run_after=2026-05-01 08:00:00+00:00
[2026-04-30T23:05:52.957+0000] {processor.py:208} INFO - Processing /opt/airflow/dags/build_elt_with_dbt.py took 0.113 seconds
[2026-04-30T23:06:23.065+0000] {processor.py:186} INFO - Started process (PID=507) to work on /opt/airflow/dags/build_elt_with_dbt.py
[2026-04-30T23:06:23.066+0000] {processor.py:914} INFO - Processing file /opt/airflow/dags/build_elt_with_dbt.py for tasks to queue
[2026-04-30T23:06:23.068+0000] {logging_mixin.py:190} INFO - [2026-04-30T23:06:23.068+0000] {dagbag.py:587} INFO - Filling up the DagBag from /opt/airflow/dags/build_elt_with_dbt.py
[2026-04-30T23:06:23.080+0000] {logging_mixin.py:190} INFO - [2026-04-30T23:06:23.080+0000] {base.py:84} INFO - Retrieving connection 'snowflake_conn'
[2026-04-30T23:06:23.095+0000] {processor.py:925} INFO - DAG(s) 'BuildELT_dbt' retrieved from /opt/airflow/dags/build_elt_with_dbt.py
[2026-04-30T23:06:23.107+0000] {logging_mixin.py:190} INFO - [2026-04-30T23:06:23.107+0000] {dag.py:3229} INFO - Sync 1 DAGs
[2026-04-30T23:06:23.117+0000] {logging_mixin.py:190} INFO - [2026-04-30T23:06:23.117+0000] {dag.py:4156} INFO - Setting next_dagrun for BuildELT_dbt to 2026-04-30 08:00:00+00:00, run_after=2026-05-01 08:00:00+00:00
[2026-04-30T23:06:23.124+0000] {processor.py:208} INFO - Processing /opt/airflow/dags/build_elt_with_dbt.py took 0.064 seconds
[2026-04-30T23:06:53.906+0000] {processor.py:186} INFO - Started process (PID=545) to work on /opt/airflow/dags/build_elt_with_dbt.py
[2026-04-30T23:06:53.907+0000] {processor.py:914} INFO - Processing file /opt/airflow/dags/build_elt_with_dbt.py for tasks to queue
[2026-04-30T23:06:53.913+0000] {logging_mixin.py:190} INFO - [2026-04-30T23:06:53.912+0000] {dagbag.py:587} INFO - Filling up the DagBag from /opt/airflow/dags/build_elt_with_dbt.py
[2026-04-30T23:06:53.940+0000] {logging_mixin.py:190} INFO - [2026-04-30T23:06:53.940+0000] {base.py:84} INFO - Retrieving connection 'snowflake_conn'
[2026-04-30T23:06:53.957+0000] {processor.py:925} INFO - DAG(s) 'BuildELT_dbt' retrieved from /opt/airflow/dags/build_elt_with_dbt.py
[2026-04-30T23:06:53.971+0000] {logging_mixin.py:190} INFO - [2026-04-30T23:06:53.971+0000] {dag.py:3229} INFO - Sync 1 DAGs
[2026-04-30T23:06:53.987+0000] {logging_mixin.py:190} INFO - [2026-04-30T23:06:53.987+0000] {dag.py:4156} INFO - Setting next_dagrun for BuildELT_dbt to 2026-04-30 08:00:00+00:00, run_after=2026-05-01 08:00:00+00:00
[2026-04-30T23:06:53.997+0000] {processor.py:208} INFO - Processing /opt/airflow/dags/build_elt_with_dbt.py took 0.101 seconds
[2026-04-30T23:07:24.513+0000] {processor.py:186} INFO - Started process (PID=585) to work on /opt/airflow/dags/build_elt_with_dbt.py
[2026-04-30T23:07:24.514+0000] {processor.py:914} INFO - Processing file /opt/airflow/dags/build_elt_with_dbt.py for tasks to queue
[2026-04-30T23:07:24.518+0000] {logging_mixin.py:190} INFO - [2026-04-30T23:07:24.518+0000] {dagbag.py:587} INFO - Filling up the DagBag from /opt/airflow/dags/build_elt_with_dbt.py
[2026-04-30T23:07:24.550+0000] {logging_mixin.py:190} INFO - [2026-04-30T23:07:24.550+0000] {base.py:84} INFO - Retrieving connection 'snowflake_conn'
[2026-04-30T23:07:24.566+0000] {processor.py:925} INFO - DAG(s) 'BuildELT_dbt' retrieved from /opt/airflow/dags/build_elt_with_dbt.py
[2026-04-30T23:07:24.583+0000] {logging_mixin.py:190} INFO - [2026-04-30T23:07:24.583+0000] {dag.py:3229} INFO - Sync 1 DAGs
[2026-04-30T23:07:24.599+0000] {logging_mixin.py:190} INFO - [2026-04-30T23:07:24.599+0000] {dag.py:4156} INFO - Setting next_dagrun for BuildELT_dbt to 2026-04-30 08:00:00+00:00, run_after=2026-05-01 08:00:00+00:00
[2026-04-30T23:07:24.616+0000] {processor.py:208} INFO - Processing /opt/airflow/dags/build_elt_with_dbt.py took 0.114 seconds
[2026-04-30T23:07:55.289+0000] {processor.py:186} INFO - Started process (PID=623) to work on /opt/airflow/dags/build_elt_with_dbt.py
[2026-04-30T23:07:55.291+0000] {processor.py:914} INFO - Processing file /opt/airflow/dags/build_elt_with_dbt.py for tasks to queue
[2026-04-30T23:07:55.294+0000] {logging_mixin.py:190} INFO - [2026-04-30T23:07:55.294+0000] {dagbag.py:587} INFO - Filling up the DagBag from /opt/airflow/dags/build_elt_with_dbt.py
[2026-04-30T23:07:55.308+0000] {logging_mixin.py:190} INFO - [2026-04-30T23:07:55.308+0000] {base.py:84} INFO - Retrieving connection 'snowflake_conn'
[2026-04-30T23:07:55.321+0000] {processor.py:925} INFO - DAG(s) 'BuildELT_dbt' retrieved from /opt/airflow/dags/build_elt_with_dbt.py
[2026-04-30T23:07:55.335+0000] {logging_mixin.py:190} INFO - [2026-04-30T23:07:55.335+0000] {dag.py:3229} INFO - Sync 1 DAGs
[2026-04-30T23:07:55.352+0000] {logging_mixin.py:190} INFO - [2026-04-30T23:07:55.352+0000] {dag.py:4156} INFO - Setting next_dagrun for BuildELT_dbt to 2026-04-30 08:00:00+00:00, run_after=2026-05-01 08:00:00+00:00
[2026-04-30T23:07:55.360+0000] {processor.py:208} INFO - Processing /opt/airflow/dags/build_elt_with_dbt.py took 0.083 seconds
[2026-04-30T23:08:25.687+0000] {processor.py:186} INFO - Started process (PID=709) to work on /opt/airflow/dags/build_elt_with_dbt.py
[2026-04-30T23:08:25.689+0000] {processor.py:914} INFO - Processing file /opt/airflow/dags/build_elt_with_dbt.py for tasks to queue
[2026-04-30T23:08:25.692+0000] {logging_mixin.py:190} INFO - [2026-04-30T23:08:25.692+0000] {dagbag.py:587} INFO - Filling up the DagBag from /opt/airflow/dags/build_elt_with_dbt.py
[2026-04-30T23:08:25.710+0000] {logging_mixin.py:190} INFO - [2026-04-30T23:08:25.710+0000] {base.py:84} INFO - Retrieving connection 'snowflake_conn'
[2026-04-30T23:08:25.718+0000] {processor.py:925} INFO - DAG(s) 'BuildELT_dbt' retrieved from /opt/airflow/dags/build_elt_with_dbt.py
[2026-04-30T23:08:25.731+0000] {logging_mixin.py:190} INFO - [2026-04-30T23:08:25.731+0000] {dag.py:3229} INFO - Sync 1 DAGs
[2026-04-30T23:08:25.745+0000] {logging_mixin.py:190} INFO - [2026-04-30T23:08:25.745+0000] {dag.py:4156} INFO - Setting next_dagrun for BuildELT_dbt to 2026-04-30 08:00:00+00:00, run_after=2026-05-01 08:00:00+00:00
[2026-04-30T23:08:25.753+0000] {processor.py:208} INFO - Processing /opt/airflow/dags/build_elt_with_dbt.py took 0.075 seconds
[2026-04-30T23:08:56.256+0000] {processor.py:186} INFO - Started process (PID=747) to work on /opt/airflow/dags/build_elt_with_dbt.py
[2026-04-30T23:08:56.258+0000] {processor.py:914} INFO - Processing file /opt/airflow/dags/build_elt_with_dbt.py for tasks to queue
[2026-04-30T23:08:56.262+0000] {logging_mixin.py:190} INFO - [2026-04-30T23:08:56.261+0000] {dagbag.py:587} INFO - Filling up the DagBag from /opt/airflow/dags/build_elt_with_dbt.py
[2026-04-30T23:08:56.288+0000] {logging_mixin.py:190} INFO - [2026-04-30T23:08:56.288+0000] {base.py:84} INFO - Retrieving connection 'snowflake_conn'
[2026-04-30T23:08:56.298+0000] {processor.py:925} INFO - DAG(s) 'BuildELT_dbt' retrieved from /opt/airflow/dags/build_elt_with_dbt.py
[2026-04-30T23:08:56.319+0000] {logging_mixin.py:190} INFO - [2026-04-30T23:08:56.319+0000] {dag.py:3229} INFO - Sync 1 DAGs
[2026-04-30T23:08:56.332+0000] {logging_mixin.py:190} INFO - [2026-04-30T23:08:56.332+0000] {dag.py:4156} INFO - Setting next_dagrun for BuildELT_dbt to 2026-04-30 08:00:00+00:00, run_after=2026-05-01 08:00:00+00:00
[2026-04-30T23:08:56.340+0000] {processor.py:208} INFO - Processing /opt/airflow/dags/build_elt_with_dbt.py took 0.093 seconds
[2026-04-30T23:09:26.847+0000] {processor.py:186} INFO - Started process (PID=785) to work on /opt/airflow/dags/build_elt_with_dbt.py
[2026-04-30T23:09:26.848+0000] {processor.py:914} INFO - Processing file /opt/airflow/dags/build_elt_with_dbt.py for tasks to queue
[2026-04-30T23:09:26.851+0000] {logging_mixin.py:190} INFO - [2026-04-30T23:09:26.850+0000] {dagbag.py:587} INFO - Filling up the DagBag from /opt/airflow/dags/build_elt_with_dbt.py
[2026-04-30T23:09:26.867+0000] {logging_mixin.py:190} INFO - [2026-04-30T23:09:26.867+0000] {base.py:84} INFO - Retrieving connection 'snowflake_conn'
[2026-04-30T23:09:26.875+0000] {processor.py:925} INFO - DAG(s) 'BuildELT_dbt' retrieved from /opt/airflow/dags/build_elt_with_dbt.py
[2026-04-30T23:09:26.889+0000] {logging_mixin.py:190} INFO - [2026-04-30T23:09:26.889+0000] {dag.py:3229} INFO - Sync 1 DAGs
[2026-04-30T23:09:26.902+0000] {logging_mixin.py:190} INFO - [2026-04-30T23:09:26.902+0000] {dag.py:4156} INFO - Setting next_dagrun for BuildELT_dbt to 2026-04-30 08:00:00+00:00, run_after=2026-05-01 08:00:00+00:00
[2026-04-30T23:09:26.909+0000] {processor.py:208} INFO - Processing /opt/airflow/dags/build_elt_with_dbt.py took 0.071 seconds
[2026-04-30T23:09:57.664+0000] {processor.py:186} INFO - Started process (PID=823) to work on /opt/airflow/dags/build_elt_with_dbt.py
[2026-04-30T23:09:57.666+0000] {processor.py:914} INFO - Processing file /opt/airflow/dags/build_elt_with_dbt.py for tasks to queue
[2026-04-30T23:09:57.672+0000] {logging_mixin.py:190} INFO - [2026-04-30T23:09:57.671+0000] {dagbag.py:587} INFO - Filling up the DagBag from /opt/airflow/dags/build_elt_with_dbt.py
[2026-04-30T23:09:57.690+0000] {logging_mixin.py:190} INFO - [2026-04-30T23:09:57.690+0000] {base.py:84} INFO - Retrieving connection 'snowflake_conn'
[2026-04-30T23:09:57.698+0000] {processor.py:925} INFO - DAG(s) 'BuildELT_dbt' retrieved from /opt/airflow/dags/build_elt_with_dbt.py
[2026-04-30T23:09:57.710+0000] {logging_mixin.py:190} INFO - [2026-04-30T23:09:57.710+0000] {dag.py:3229} INFO - Sync 1 DAGs
[2026-04-30T23:09:57.723+0000] {logging_mixin.py:190} INFO - [2026-04-30T23:09:57.723+0000] {dag.py:4156} INFO - Setting next_dagrun for BuildELT_dbt to 2026-04-30 08:00:00+00:00, run_after=2026-05-01 08:00:00+00:00
[2026-04-30T23:09:57.730+0000] {processor.py:208} INFO - Processing /opt/airflow/dags/build_elt_with_dbt.py took 0.076 seconds
[2026-04-30T23:10:28.723+0000] {processor.py:186} INFO - Started process (PID=861) to work on /opt/airflow/dags/build_elt_with_dbt.py
[2026-04-30T23:10:28.725+0000] {processor.py:914} INFO - Processing file /opt/airflow/dags/build_elt_with_dbt.py for tasks to queue
[2026-04-30T23:10:28.734+0000] {logging_mixin.py:190} INFO - [2026-04-30T23:10:28.733+0000] {dagbag.py:587} INFO - Filling up the DagBag from /opt/airflow/dags/build_elt_with_dbt.py
[2026-04-30T23:10:28.805+0000] {logging_mixin.py:190} INFO - [2026-04-30T23:10:28.805+0000] {base.py:84} INFO - Retrieving connection 'snowflake_conn'
[2026-04-30T23:10:28.850+0000] {processor.py:925} INFO - DAG(s) 'BuildELT_dbt' retrieved from /opt/airflow/dags/build_elt_with_dbt.py
[2026-04-30T23:10:28.914+0000] {logging_mixin.py:190} INFO - [2026-04-30T23:10:28.913+0000] {dag.py:3229} INFO - Sync 1 DAGs
[2026-04-30T23:10:28.957+0000] {logging_mixin.py:190} INFO - [2026-04-30T23:10:28.956+0000] {dag.py:4156} INFO - Setting next_dagrun for BuildELT_dbt to 2026-04-30 08:00:00+00:00, run_after=2026-05-01 08:00:00+00:00
[2026-04-30T23:10:28.975+0000] {processor.py:208} INFO - Processing /opt/airflow/dags/build_elt_with_dbt.py took 0.268 seconds
[2026-04-30T23:10:59.368+0000] {processor.py:186} INFO - Started process (PID=899) to work on /opt/airflow/dags/build_elt_with_dbt.py
[2026-04-30T23:10:59.370+0000] {processor.py:914} INFO - Processing file /opt/airflow/dags/build_elt_with_dbt.py for tasks to queue
[2026-04-30T23:10:59.373+0000] {logging_mixin.py:190} INFO - [2026-04-30T23:10:59.373+0000] {dagbag.py:587} INFO - Filling up the DagBag from /opt/airflow/dags/build_elt_with_dbt.py
[2026-04-30T23:10:59.396+0000] {logging_mixin.py:190} INFO - [2026-04-30T23:10:59.395+0000] {base.py:84} INFO - Retrieving connection 'snowflake_conn'
[2026-04-30T23:10:59.405+0000] {processor.py:925} INFO - DAG(s) 'BuildELT_dbt' retrieved from /opt/airflow/dags/build_elt_with_dbt.py
[2026-04-30T23:10:59.419+0000] {logging_mixin.py:190} INFO - [2026-04-30T23:10:59.418+0000] {dag.py:3229} INFO - Sync 1 DAGs
[2026-04-30T23:10:59.440+0000] {logging_mixin.py:190} INFO - [2026-04-30T23:10:59.439+0000] {dag.py:4156} INFO - Setting next_dagrun for BuildELT_dbt to 2026-04-30 08:00:00+00:00, run_after=2026-05-01 08:00:00+00:00
[2026-04-30T23:10:59.449+0000] {processor.py:208} INFO - Processing /opt/airflow/dags/build_elt_with_dbt.py took 0.088 seconds
[2026-04-30T23:11:29.539+0000] {processor.py:186} INFO - Started process (PID=937) to work on /opt/airflow/dags/build_elt_with_dbt.py
[2026-04-30T23:11:29.542+0000] {processor.py:914} INFO - Processing file /opt/airflow/dags/build_elt_with_dbt.py for tasks to queue
[2026-04-30T23:11:29.553+0000] {logging_mixin.py:190} INFO - [2026-04-30T23:11:29.552+0000] {dagbag.py:587} INFO - Filling up the DagBag from /opt/airflow/dags/build_elt_with_dbt.py
[2026-04-30T23:11:29.575+0000] {logging_mixin.py:190} INFO - [2026-04-30T23:11:29.575+0000] {base.py:84} INFO - Retrieving connection 'snowflake_conn'
[2026-04-30T23:11:29.593+0000] {processor.py:925} INFO - DAG(s) 'BuildELT_dbt' retrieved from /opt/airflow/dags/build_elt_with_dbt.py
[2026-04-30T23:11:29.608+0000] {logging_mixin.py:190} INFO - [2026-04-30T23:11:29.607+0000] {dag.py:3229} INFO - Sync 1 DAGs
[2026-04-30T23:11:29.623+0000] {logging_mixin.py:190} INFO - [2026-04-30T23:11:29.623+0000] {dag.py:4156} INFO - Setting next_dagrun for BuildELT_dbt to 2026-04-30 08:00:00+00:00, run_after=2026-05-01 08:00:00+00:00
[2026-04-30T23:11:29.632+0000] {processor.py:208} INFO - Processing /opt/airflow/dags/build_elt_with_dbt.py took 0.106 seconds
[2026-04-30T23:11:59.983+0000] {processor.py:186} INFO - Started process (PID=961) to work on /opt/airflow/dags/build_elt_with_dbt.py
[2026-04-30T23:11:59.986+0000] {processor.py:914} INFO - Processing file /opt/airflow/dags/build_elt_with_dbt.py for tasks to queue
[2026-04-30T23:11:59.997+0000] {logging_mixin.py:190} INFO - [2026-04-30T23:11:59.994+0000] {dagbag.py:587} INFO - Filling up the DagBag from /opt/airflow/dags/build_elt_with_dbt.py
[2026-04-30T23:12:00.042+0000] {logging_mixin.py:190} INFO - [2026-04-30T23:12:00.042+0000] {base.py:84} INFO - Retrieving connection 'snowflake_conn'
[2026-04-30T23:12:00.053+0000] {processor.py:925} INFO - DAG(s) 'BuildELT_dbt' retrieved from /opt/airflow/dags/build_elt_with_dbt.py
[2026-04-30T23:12:00.069+0000] {logging_mixin.py:190} INFO - [2026-04-30T23:12:00.068+0000] {dag.py:3229} INFO - Sync 1 DAGs
[2026-04-30T23:12:00.088+0000] {logging_mixin.py:190} INFO - [2026-04-30T23:12:00.088+0000] {dag.py:4156} INFO - Setting next_dagrun for BuildELT_dbt to 2026-04-30 08:00:00+00:00, run_after=2026-05-01 08:00:00+00:00
[2026-04-30T23:12:00.099+0000] {processor.py:208} INFO - Processing /opt/airflow/dags/build_elt_with_dbt.py took 0.125 seconds
[2026-04-30T23:12:30.224+0000] {processor.py:186} INFO - Started process (PID=996) to work on /opt/airflow/dags/build_elt_with_dbt.py
[2026-04-30T23:12:30.225+0000] {processor.py:914} INFO - Processing file /opt/airflow/dags/build_elt_with_dbt.py for tasks to queue
[2026-04-30T23:12:30.227+0000] {logging_mixin.py:190} INFO - [2026-04-30T23:12:30.227+0000] {dagbag.py:587} INFO - Filling up the DagBag from /opt/airflow/dags/build_elt_with_dbt.py
[2026-04-30T23:12:30.241+0000] {logging_mixin.py:190} INFO - [2026-04-30T23:12:30.241+0000] {base.py:84} INFO - Retrieving connection 'snowflake_conn'
[2026-04-30T23:12:30.250+0000] {processor.py:925} INFO - DAG(s) 'BuildELT_dbt' retrieved from /opt/airflow/dags/build_elt_with_dbt.py
[2026-04-30T23:12:30.262+0000] {logging_mixin.py:190} INFO - [2026-04-30T23:12:30.262+0000] {dag.py:3229} INFO - Sync 1 DAGs
[2026-04-30T23:12:30.274+0000] {logging_mixin.py:190} INFO - [2026-04-30T23:12:30.274+0000] {dag.py:4156} INFO - Setting next_dagrun for BuildELT_dbt to 2026-04-30 08:00:00+00:00, run_after=2026-05-01 08:00:00+00:00
[2026-04-30T23:12:30.282+0000] {processor.py:208} INFO - Processing /opt/airflow/dags/build_elt_with_dbt.py took 0.063 seconds
[2026-04-30T23:13:01.083+0000] {processor.py:186} INFO - Started process (PID=1034) to work on /opt/airflow/dags/build_elt_with_dbt.py
[2026-04-30T23:13:01.084+0000] {processor.py:914} INFO - Processing file /opt/airflow/dags/build_elt_with_dbt.py for tasks to queue
[2026-04-30T23:13:01.087+0000] {logging_mixin.py:190} INFO - [2026-04-30T23:13:01.086+0000] {dagbag.py:587} INFO - Filling up the DagBag from /opt/airflow/dags/build_elt_with_dbt.py
[2026-04-30T23:13:01.101+0000] {logging_mixin.py:190} INFO - [2026-04-30T23:13:01.101+0000] {base.py:84} INFO - Retrieving connection 'snowflake_conn'
[2026-04-30T23:13:01.109+0000] {processor.py:925} INFO - DAG(s) 'BuildELT_dbt' retrieved from /opt/airflow/dags/build_elt_with_dbt.py
[2026-04-30T23:13:01.120+0000] {logging_mixin.py:190} INFO - [2026-04-30T23:13:01.120+0000] {dag.py:3229} INFO - Sync 1 DAGs
[2026-04-30T23:13:01.132+0000] {logging_mixin.py:190} INFO - [2026-04-30T23:13:01.132+0000] {dag.py:4156} INFO - Setting next_dagrun for BuildELT_dbt to 2026-04-30 08:00:00+00:00, run_after=2026-05-01 08:00:00+00:00
[2026-04-30T23:13:01.139+0000] {processor.py:208} INFO - Processing /opt/airflow/dags/build_elt_with_dbt.py took 0.064 seconds
[2026-04-30T23:13:31.324+0000] {processor.py:186} INFO - Started process (PID=1088) to work on /opt/airflow/dags/build_elt_with_dbt.py
[2026-04-30T23:13:31.326+0000] {processor.py:914} INFO - Processing file /opt/airflow/dags/build_elt_with_dbt.py for tasks to queue
[2026-04-30T23:13:31.331+0000] {logging_mixin.py:190} INFO - [2026-04-30T23:13:31.330+0000] {dagbag.py:587} INFO - Filling up the DagBag from /opt/airflow/dags/build_elt_with_dbt.py
[2026-04-30T23:13:31.362+0000] {logging_mixin.py:190} INFO - [2026-04-30T23:13:31.362+0000] {base.py:84} INFO - Retrieving connection 'snowflake_conn'
[2026-04-30T23:13:31.378+0000] {processor.py:925} INFO - DAG(s) 'BuildELT_dbt' retrieved from /opt/airflow/dags/build_elt_with_dbt.py
[2026-04-30T23:13:31.402+0000] {logging_mixin.py:190} INFO - [2026-04-30T23:13:31.402+0000] {dag.py:3229} INFO - Sync 1 DAGs
[2026-04-30T23:13:31.429+0000] {logging_mixin.py:190} INFO - [2026-04-30T23:13:31.428+0000] {dag.py:4156} INFO - Setting next_dagrun for BuildELT_dbt to 2026-04-30 08:00:00+00:00, run_after=2026-05-01 08:00:00+00:00
[2026-04-30T23:13:31.446+0000] {processor.py:208} INFO - Processing /opt/airflow/dags/build_elt_with_dbt.py took 0.134 seconds
[2026-04-30T23:14:01.518+0000] {processor.py:186} INFO - Started process (PID=1147) to work on /opt/airflow/dags/build_elt_with_dbt.py
[2026-04-30T23:14:01.521+0000] {processor.py:914} INFO - Processing file /opt/airflow/dags/build_elt_with_dbt.py for tasks to queue
[2026-04-30T23:14:01.525+0000] {logging_mixin.py:190} INFO - [2026-04-30T23:14:01.525+0000] {dagbag.py:587} INFO - Filling up the DagBag from /opt/airflow/dags/build_elt_with_dbt.py
[2026-04-30T23:14:01.546+0000] {logging_mixin.py:190} INFO - [2026-04-30T23:14:01.545+0000] {base.py:84} INFO - Retrieving connection 'snowflake_conn'
[2026-04-30T23:14:01.554+0000] {processor.py:925} INFO - DAG(s) 'BuildELT_dbt' retrieved from /opt/airflow/dags/build_elt_with_dbt.py
[2026-04-30T23:14:01.567+0000] {logging_mixin.py:190} INFO - [2026-04-30T23:14:01.567+0000] {dag.py:3229} INFO - Sync 1 DAGs
[2026-04-30T23:14:01.583+0000] {logging_mixin.py:190} INFO - [2026-04-30T23:14:01.583+0000] {dag.py:4156} INFO - Setting next_dagrun for BuildELT_dbt to 2026-04-30 08:00:00+00:00, run_after=2026-05-01 08:00:00+00:00
[2026-04-30T23:14:01.591+0000] {processor.py:208} INFO - Processing /opt/airflow/dags/build_elt_with_dbt.py took 0.079 seconds
[2026-04-30T23:14:31.654+0000] {processor.py:186} INFO - Started process (PID=1245) to work on /opt/airflow/dags/build_elt_with_dbt.py
[2026-04-30T23:14:31.656+0000] {processor.py:914} INFO - Processing file /opt/airflow/dags/build_elt_with_dbt.py for tasks to queue
[2026-04-30T23:14:31.660+0000] {logging_mixin.py:190} INFO - [2026-04-30T23:14:31.659+0000] {dagbag.py:587} INFO - Filling up the DagBag from /opt/airflow/dags/build_elt_with_dbt.py
[2026-04-30T23:14:31.676+0000] {logging_mixin.py:190} INFO - [2026-04-30T23:14:31.676+0000] {base.py:84} INFO - Retrieving connection 'snowflake_conn'
[2026-04-30T23:14:31.682+0000] {processor.py:925} INFO - DAG(s) 'BuildELT_dbt' retrieved from /opt/airflow/dags/build_elt_with_dbt.py
[2026-04-30T23:14:31.691+0000] {logging_mixin.py:190} INFO - [2026-04-30T23:14:31.691+0000] {dag.py:3229} INFO - Sync 1 DAGs
[2026-04-30T23:14:31.703+0000] {logging_mixin.py:190} INFO - [2026-04-30T23:14:31.702+0000] {dag.py:4156} INFO - Setting next_dagrun for BuildELT_dbt to 2026-04-30 08:00:00+00:00, run_after=2026-05-01 08:00:00+00:00
[2026-04-30T23:14:31.709+0000] {processor.py:208} INFO - Processing /opt/airflow/dags/build_elt_with_dbt.py took 0.062 seconds
[2026-04-30T23:15:02.227+0000] {processor.py:186} INFO - Started process (PID=1283) to work on /opt/airflow/dags/build_elt_with_dbt.py
[2026-04-30T23:15:02.228+0000] {processor.py:914} INFO - Processing file /opt/airflow/dags/build_elt_with_dbt.py for tasks to queue
[2026-04-30T23:15:02.232+0000] {logging_mixin.py:190} INFO - [2026-04-30T23:15:02.232+0000] {dagbag.py:587} INFO - Filling up the DagBag from /opt/airflow/dags/build_elt_with_dbt.py
[2026-04-30T23:15:02.252+0000] {logging_mixin.py:190} INFO - [2026-04-30T23:15:02.251+0000] {base.py:84} INFO - Retrieving connection 'snowflake_conn'
[2026-04-30T23:15:02.262+0000] {processor.py:925} INFO - DAG(s) 'BuildELT_dbt' retrieved from /opt/airflow/dags/build_elt_with_dbt.py
[2026-04-30T23:15:02.276+0000] {logging_mixin.py:190} INFO - [2026-04-30T23:15:02.276+0000] {dag.py:3229} INFO - Sync 1 DAGs
[2026-04-30T23:15:02.297+0000] {logging_mixin.py:190} INFO - [2026-04-30T23:15:02.297+0000] {dag.py:4156} INFO - Setting next_dagrun for BuildELT_dbt to 2026-04-30 08:00:00+00:00, run_after=2026-05-01 08:00:00+00:00
[2026-04-30T23:15:02.310+0000] {processor.py:208} INFO - Processing /opt/airflow/dags/build_elt_with_dbt.py took 0.094 seconds
[2026-04-30T23:15:32.551+0000] {processor.py:186} INFO - Started process (PID=1338) to work on /opt/airflow/dags/build_elt_with_dbt.py
[2026-04-30T23:15:32.552+0000] {processor.py:914} INFO - Processing file /opt/airflow/dags/build_elt_with_dbt.py for tasks to queue
[2026-04-30T23:15:32.557+0000] {logging_mixin.py:190} INFO - [2026-04-30T23:15:32.556+0000] {dagbag.py:587} INFO - Filling up the DagBag from /opt/airflow/dags/build_elt_with_dbt.py
[2026-04-30T23:15:32.589+0000] {logging_mixin.py:190} INFO - [2026-04-30T23:15:32.589+0000] {base.py:84} INFO - Retrieving connection 'snowflake_conn'
[2026-04-30T23:15:32.604+0000] {processor.py:925} INFO - DAG(s) 'BuildELT_dbt' retrieved from /opt/airflow/dags/build_elt_with_dbt.py
[2026-04-30T23:15:32.621+0000] {logging_mixin.py:190} INFO - [2026-04-30T23:15:32.621+0000] {dag.py:3229} INFO - Sync 1 DAGs
[2026-04-30T23:15:32.636+0000] {logging_mixin.py:190} INFO - [2026-04-30T23:15:32.636+0000] {dag.py:4156} INFO - Setting next_dagrun for BuildELT_dbt to 2026-04-30 08:00:00+00:00, run_after=2026-05-01 08:00:00+00:00
[2026-04-30T23:15:32.644+0000] {processor.py:208} INFO - Processing /opt/airflow/dags/build_elt_with_dbt.py took 0.100 seconds
[2026-04-30T23:16:02.704+0000] {processor.py:186} INFO - Started process (PID=1440) to work on /opt/airflow/dags/build_elt_with_dbt.py
[2026-04-30T23:16:02.706+0000] {processor.py:914} INFO - Processing file /opt/airflow/dags/build_elt_with_dbt.py for tasks to queue
[2026-04-30T23:16:02.710+0000] {logging_mixin.py:190} INFO - [2026-04-30T23:16:02.710+0000] {dagbag.py:587} INFO - Filling up the DagBag from /opt/airflow/dags/build_elt_with_dbt.py
[2026-04-30T23:16:02.725+0000] {logging_mixin.py:190} INFO - [2026-04-30T23:16:02.725+0000] {base.py:84} INFO - Retrieving connection 'snowflake_conn'
[2026-04-30T23:16:02.732+0000] {processor.py:925} INFO - DAG(s) 'BuildELT_dbt' retrieved from /opt/airflow/dags/build_elt_with_dbt.py
[2026-04-30T23:16:02.743+0000] {logging_mixin.py:190} INFO - [2026-04-30T23:16:02.743+0000] {dag.py:3229} INFO - Sync 1 DAGs
[2026-04-30T23:16:02.754+0000] {logging_mixin.py:190} INFO - [2026-04-30T23:16:02.754+0000] {dag.py:4156} INFO - Setting next_dagrun for BuildELT_dbt to 2026-04-30 08:00:00+00:00, run_after=2026-05-01 08:00:00+00:00
[2026-04-30T23:16:02.761+0000] {processor.py:208} INFO - Processing /opt/airflow/dags/build_elt_with_dbt.py took 0.065 seconds
[2026-04-30T23:16:33.227+0000] {processor.py:186} INFO - Started process (PID=1477) to work on /opt/airflow/dags/build_elt_with_dbt.py
[2026-04-30T23:16:33.229+0000] {processor.py:914} INFO - Processing file /opt/airflow/dags/build_elt_with_dbt.py for tasks to queue
[2026-04-30T23:16:33.231+0000] {logging_mixin.py:190} INFO - [2026-04-30T23:16:33.231+0000] {dagbag.py:587} INFO - Filling up the DagBag from /opt/airflow/dags/build_elt_with_dbt.py
[2026-04-30T23:16:33.242+0000] {logging_mixin.py:190} INFO - [2026-04-30T23:16:33.242+0000] {base.py:84} INFO - Retrieving connection 'snowflake_conn'
[2026-04-30T23:16:33.247+0000] {processor.py:925} INFO - DAG(s) 'BuildELT_dbt' retrieved from /opt/airflow/dags/build_elt_with_dbt.py
[2026-04-30T23:16:33.256+0000] {logging_mixin.py:190} INFO - [2026-04-30T23:16:33.256+0000] {dag.py:3229} INFO - Sync 1 DAGs
[2026-04-30T23:16:33.267+0000] {logging_mixin.py:190} INFO - [2026-04-30T23:16:33.267+0000] {dag.py:4156} INFO - Setting next_dagrun for BuildELT_dbt to 2026-04-30 08:00:00+00:00, run_after=2026-05-01 08:00:00+00:00
[2026-04-30T23:16:33.273+0000] {processor.py:208} INFO - Processing /opt/airflow/dags/build_elt_with_dbt.py took 0.052 seconds
[2026-04-30T23:17:03.628+0000] {processor.py:186} INFO - Started process (PID=1515) to work on /opt/airflow/dags/build_elt_with_dbt.py
[2026-04-30T23:17:03.629+0000] {processor.py:914} INFO - Processing file /opt/airflow/dags/build_elt_with_dbt.py for tasks to queue
[2026-04-30T23:17:03.633+0000] {logging_mixin.py:190} INFO - [2026-04-30T23:17:03.632+0000] {dagbag.py:587} INFO - Filling up the DagBag from /opt/airflow/dags/build_elt_with_dbt.py
[2026-04-30T23:17:03.650+0000] {logging_mixin.py:190} INFO - [2026-04-30T23:17:03.649+0000] {base.py:84} INFO - Retrieving connection 'snowflake_conn'
[2026-04-30T23:17:03.659+0000] {processor.py:925} INFO - DAG(s) 'BuildELT_dbt' retrieved from /opt/airflow/dags/build_elt_with_dbt.py
[2026-04-30T23:17:03.671+0000] {logging_mixin.py:190} INFO - [2026-04-30T23:17:03.671+0000] {dag.py:3229} INFO - Sync 1 DAGs
[2026-04-30T23:17:03.684+0000] {logging_mixin.py:190} INFO - [2026-04-30T23:17:03.684+0000] {dag.py:4156} INFO - Setting next_dagrun for BuildELT_dbt to 2026-04-30 08:00:00+00:00, run_after=2026-05-01 08:00:00+00:00
[2026-04-30T23:17:03.692+0000] {processor.py:208} INFO - Processing /opt/airflow/dags/build_elt_with_dbt.py took 0.087 seconds
[2026-04-30T23:17:33.925+0000] {processor.py:186} INFO - Started process (PID=1570) to work on /opt/airflow/dags/build_elt_with_dbt.py
[2026-04-30T23:17:33.926+0000] {processor.py:914} INFO - Processing file /opt/airflow/dags/build_elt_with_dbt.py for tasks to queue
[2026-04-30T23:17:33.930+0000] {logging_mixin.py:190} INFO - [2026-04-30T23:17:33.930+0000] {dagbag.py:587} INFO - Filling up the DagBag from /opt/airflow/dags/build_elt_with_dbt.py
[2026-04-30T23:17:33.945+0000] {logging_mixin.py:190} INFO - [2026-04-30T23:17:33.945+0000] {base.py:84} INFO - Retrieving connection 'snowflake_conn'
[2026-04-30T23:17:33.953+0000] {processor.py:925} INFO - DAG(s) 'BuildELT_dbt' retrieved from /opt/airflow/dags/build_elt_with_dbt.py
[2026-04-30T23:17:33.965+0000] {logging_mixin.py:190} INFO - [2026-04-30T23:17:33.965+0000] {dag.py:3229} INFO - Sync 1 DAGs
[2026-04-30T23:17:33.978+0000] {logging_mixin.py:190} INFO - [2026-04-30T23:17:33.978+0000] {dag.py:4156} INFO - Setting next_dagrun for BuildELT_dbt to 2026-04-30 08:00:00+00:00, run_after=2026-05-01 08:00:00+00:00
[2026-04-30T23:17:33.985+0000] {processor.py:208} INFO - Processing /opt/airflow/dags/build_elt_with_dbt.py took 0.067 seconds
[2026-04-30T23:18:04.823+0000] {processor.py:186} INFO - Started process (PID=1692) to work on /opt/airflow/dags/build_elt_with_dbt.py
[2026-04-30T23:18:04.825+0000] {processor.py:914} INFO - Processing file /opt/airflow/dags/build_elt_with_dbt.py for tasks to queue
[2026-04-30T23:18:04.829+0000] {logging_mixin.py:190} INFO - [2026-04-30T23:18:04.828+0000] {dagbag.py:587} INFO - Filling up the DagBag from /opt/airflow/dags/build_elt_with_dbt.py
[2026-04-30T23:18:04.841+0000] {logging_mixin.py:190} INFO - [2026-04-30T23:18:04.841+0000] {base.py:84} INFO - Retrieving connection 'snowflake_conn'
[2026-04-30T23:18:04.848+0000] {processor.py:925} INFO - DAG(s) 'BuildELT_dbt' retrieved from /opt/airflow/dags/build_elt_with_dbt.py
[2026-04-30T23:18:04.858+0000] {logging_mixin.py:190} INFO - [2026-04-30T23:18:04.858+0000] {dag.py:3229} INFO - Sync 1 DAGs
[2026-04-30T23:18:04.869+0000] {logging_mixin.py:190} INFO - [2026-04-30T23:18:04.869+0000] {dag.py:4156} INFO - Setting next_dagrun for BuildELT_dbt to 2026-04-30 08:00:00+00:00, run_after=2026-05-01 08:00:00+00:00
[2026-04-30T23:18:04.895+0000] {processor.py:208} INFO - Processing /opt/airflow/dags/build_elt_with_dbt.py took 0.080 seconds
[2026-04-30T23:18:35.331+0000] {processor.py:186} INFO - Started process (PID=1798) to work on /opt/airflow/dags/build_elt_with_dbt.py
[2026-04-30T23:18:35.334+0000] {processor.py:914} INFO - Processing file /opt/airflow/dags/build_elt_with_dbt.py for tasks to queue
[2026-04-30T23:18:35.339+0000] {logging_mixin.py:190} INFO - [2026-04-30T23:18:35.338+0000] {dagbag.py:587} INFO - Filling up the DagBag from /opt/airflow/dags/build_elt_with_dbt.py
[2026-04-30T23:18:35.361+0000] {logging_mixin.py:190} INFO - [2026-04-30T23:18:35.361+0000] {base.py:84} INFO - Retrieving connection 'snowflake_conn'
[2026-04-30T23:18:35.374+0000] {processor.py:925} INFO - DAG(s) 'BuildELT_dbt' retrieved from /opt/airflow/dags/build_elt_with_dbt.py
[2026-04-30T23:18:35.393+0000] {logging_mixin.py:190} INFO - [2026-04-30T23:18:35.392+0000] {dag.py:3229} INFO - Sync 1 DAGs
[2026-04-30T23:18:35.411+0000] {logging_mixin.py:190} INFO - [2026-04-30T23:18:35.410+0000] {dag.py:4156} INFO - Setting next_dagrun for BuildELT_dbt to 2026-04-30 08:00:00+00:00, run_after=2026-05-01 08:00:00+00:00
[2026-04-30T23:18:35.422+0000] {processor.py:208} INFO - Processing /opt/airflow/dags/build_elt_with_dbt.py took 0.100 seconds
[2026-04-30T23:19:05.579+0000] {processor.py:186} INFO - Started process (PID=1837) to work on /opt/airflow/dags/build_elt_with_dbt.py
[2026-04-30T23:19:05.581+0000] {processor.py:914} INFO - Processing file /opt/airflow/dags/build_elt_with_dbt.py for tasks to queue
[2026-04-30T23:19:05.584+0000] {logging_mixin.py:190} INFO - [2026-04-30T23:19:05.584+0000] {dagbag.py:587} INFO - Filling up the DagBag from /opt/airflow/dags/build_elt_with_dbt.py
[2026-04-30T23:19:05.597+0000] {logging_mixin.py:190} INFO - [2026-04-30T23:19:05.597+0000] {base.py:84} INFO - Retrieving connection 'snowflake_conn'
[2026-04-30T23:19:05.604+0000] {processor.py:925} INFO - DAG(s) 'BuildELT_dbt' retrieved from /opt/airflow/dags/build_elt_with_dbt.py
[2026-04-30T23:19:05.615+0000] {logging_mixin.py:190} INFO - [2026-04-30T23:19:05.614+0000] {dag.py:3229} INFO - Sync 1 DAGs
[2026-04-30T23:19:05.626+0000] {logging_mixin.py:190} INFO - [2026-04-30T23:19:05.626+0000] {dag.py:4156} INFO - Setting next_dagrun for BuildELT_dbt to 2026-04-30 08:00:00+00:00, run_after=2026-05-01 08:00:00+00:00
[2026-04-30T23:19:05.634+0000] {processor.py:208} INFO - Processing /opt/airflow/dags/build_elt_with_dbt.py took 0.062 seconds
[2026-04-30T23:19:36.318+0000] {processor.py:186} INFO - Started process (PID=1875) to work on /opt/airflow/dags/build_elt_with_dbt.py
[2026-04-30T23:19:36.320+0000] {processor.py:914} INFO - Processing file /opt/airflow/dags/build_elt_with_dbt.py for tasks to queue
[2026-04-30T23:19:36.324+0000] {logging_mixin.py:190} INFO - [2026-04-30T23:19:36.323+0000] {dagbag.py:587} INFO - Filling up the DagBag from /opt/airflow/dags/build_elt_with_dbt.py
[2026-04-30T23:19:36.347+0000] {logging_mixin.py:190} INFO - [2026-04-30T23:19:36.347+0000] {base.py:84} INFO - Retrieving connection 'snowflake_conn'
[2026-04-30T23:19:36.361+0000] {processor.py:925} INFO - DAG(s) 'BuildELT_dbt' retrieved from /opt/airflow/dags/build_elt_with_dbt.py
[2026-04-30T23:19:36.373+0000] {logging_mixin.py:190} INFO - [2026-04-30T23:19:36.372+0000] {dag.py:3229} INFO - Sync 1 DAGs
[2026-04-30T23:19:36.393+0000] {logging_mixin.py:190} INFO - [2026-04-30T23:19:36.393+0000] {dag.py:4156} INFO - Setting next_dagrun for BuildELT_dbt to 2026-04-30 08:00:00+00:00, run_after=2026-05-01 08:00:00+00:00
[2026-04-30T23:19:36.402+0000] {processor.py:208} INFO - Processing /opt/airflow/dags/build_elt_with_dbt.py took 0.097 seconds
[2026-04-30T23:20:06.663+0000] {processor.py:186} INFO - Started process (PID=1913) to work on /opt/airflow/dags/build_elt_with_dbt.py
[2026-04-30T23:20:06.666+0000] {processor.py:914} INFO - Processing file /opt/airflow/dags/build_elt_with_dbt.py for tasks to queue
[2026-04-30T23:20:06.670+0000] {logging_mixin.py:190} INFO - [2026-04-30T23:20:06.669+0000] {dagbag.py:587} INFO - Filling up the DagBag from /opt/airflow/dags/build_elt_with_dbt.py
[2026-04-30T23:20:06.687+0000] {logging_mixin.py:190} INFO - [2026-04-30T23:20:06.687+0000] {base.py:84} INFO - Retrieving connection 'snowflake_conn'
[2026-04-30T23:20:06.701+0000] {processor.py:925} INFO - DAG(s) 'BuildELT_dbt' retrieved from /opt/airflow/dags/build_elt_with_dbt.py
[2026-04-30T23:20:06.711+0000] {logging_mixin.py:190} INFO - [2026-04-30T23:20:06.711+0000] {dag.py:3229} INFO - Sync 1 DAGs
[2026-04-30T23:20:06.725+0000] {logging_mixin.py:190} INFO - [2026-04-30T23:20:06.724+0000] {dag.py:4156} INFO - Setting next_dagrun for BuildELT_dbt to 2026-04-30 08:00:00+00:00, run_after=2026-05-01 08:00:00+00:00
[2026-04-30T23:20:06.734+0000] {processor.py:208} INFO - Processing /opt/airflow/dags/build_elt_with_dbt.py took 0.079 seconds
[2026-04-30T23:20:37.003+0000] {processor.py:186} INFO - Started process (PID=1937) to work on /opt/airflow/dags/build_elt_with_dbt.py
[2026-04-30T23:20:37.004+0000] {processor.py:914} INFO - Processing file /opt/airflow/dags/build_elt_with_dbt.py for tasks to queue
[2026-04-30T23:20:37.005+0000] {logging_mixin.py:190} INFO - [2026-04-30T23:20:37.005+0000] {dagbag.py:587} INFO - Filling up the DagBag from /opt/airflow/dags/build_elt_with_dbt.py
[2026-04-30T23:20:37.014+0000] {logging_mixin.py:190} INFO - [2026-04-30T23:20:37.014+0000] {base.py:84} INFO - Retrieving connection 'snowflake_conn'
[2026-04-30T23:20:37.018+0000] {processor.py:925} INFO - DAG(s) 'BuildELT_dbt' retrieved from /opt/airflow/dags/build_elt_with_dbt.py
[2026-04-30T23:20:37.025+0000] {logging_mixin.py:190} INFO - [2026-04-30T23:20:37.025+0000] {dag.py:3229} INFO - Sync 1 DAGs
[2026-04-30T23:20:37.034+0000] {logging_mixin.py:190} INFO - [2026-04-30T23:20:37.034+0000] {dag.py:4156} INFO - Setting next_dagrun for BuildELT_dbt to 2026-04-30 08:00:00+00:00, run_after=2026-05-01 08:00:00+00:00
[2026-04-30T23:20:37.040+0000] {processor.py:208} INFO - Processing /opt/airflow/dags/build_elt_with_dbt.py took 0.040 seconds
[2026-04-30T23:21:07.169+0000] {processor.py:186} INFO - Started process (PID=1972) to work on /opt/airflow/dags/build_elt_with_dbt.py
[2026-04-30T23:21:07.171+0000] {processor.py:914} INFO - Processing file /opt/airflow/dags/build_elt_with_dbt.py for tasks to queue
[2026-04-30T23:21:07.173+0000] {logging_mixin.py:190} INFO - [2026-04-30T23:21:07.172+0000] {dagbag.py:587} INFO - Filling up the DagBag from /opt/airflow/dags/build_elt_with_dbt.py
[2026-04-30T23:21:07.188+0000] {logging_mixin.py:190} INFO - [2026-04-30T23:21:07.188+0000] {base.py:84} INFO - Retrieving connection 'snowflake_conn'
[2026-04-30T23:21:07.193+0000] {processor.py:925} INFO - DAG(s) 'BuildELT_dbt' retrieved from /opt/airflow/dags/build_elt_with_dbt.py
[2026-04-30T23:21:07.202+0000] {logging_mixin.py:190} INFO - [2026-04-30T23:21:07.202+0000] {dag.py:3229} INFO - Sync 1 DAGs
[2026-04-30T23:21:07.212+0000] {logging_mixin.py:190} INFO - [2026-04-30T23:21:07.212+0000] {dag.py:4156} INFO - Setting next_dagrun for BuildELT_dbt to 2026-04-30 08:00:00+00:00, run_after=2026-05-01 08:00:00+00:00
[2026-04-30T23:21:07.219+0000] {processor.py:208} INFO - Processing /opt/airflow/dags/build_elt_with_dbt.py took 0.056 seconds
[2026-04-30T23:21:37.429+0000] {processor.py:186} INFO - Started process (PID=2010) to work on /opt/airflow/dags/build_elt_with_dbt.py
[2026-04-30T23:21:37.430+0000] {processor.py:914} INFO - Processing file /opt/airflow/dags/build_elt_with_dbt.py for tasks to queue
[2026-04-30T23:21:37.432+0000] {logging_mixin.py:190} INFO - [2026-04-30T23:21:37.432+0000] {dagbag.py:587} INFO - Filling up the DagBag from /opt/airflow/dags/build_elt_with_dbt.py
[2026-04-30T23:21:37.445+0000] {logging_mixin.py:190} INFO - [2026-04-30T23:21:37.445+0000] {base.py:84} INFO - Retrieving connection 'snowflake_conn'
[2026-04-30T23:21:37.449+0000] {processor.py:925} INFO - DAG(s) 'BuildELT_dbt' retrieved from /opt/airflow/dags/build_elt_with_dbt.py
[2026-04-30T23:21:37.458+0000] {logging_mixin.py:190} INFO - [2026-04-30T23:21:37.457+0000] {dag.py:3229} INFO - Sync 1 DAGs
[2026-04-30T23:21:37.467+0000] {logging_mixin.py:190} INFO - [2026-04-30T23:21:37.467+0000] {dag.py:4156} INFO - Setting next_dagrun for BuildELT_dbt to 2026-04-30 08:00:00+00:00, run_after=2026-05-01 08:00:00+00:00
[2026-04-30T23:21:37.474+0000] {processor.py:208} INFO - Processing /opt/airflow/dags/build_elt_with_dbt.py took 0.051 seconds
[2026-04-30T23:22:07.886+0000] {processor.py:186} INFO - Started process (PID=2048) to work on /opt/airflow/dags/build_elt_with_dbt.py
[2026-04-30T23:22:07.888+0000] {processor.py:914} INFO - Processing file /opt/airflow/dags/build_elt_with_dbt.py for tasks to queue
[2026-04-30T23:22:07.890+0000] {logging_mixin.py:190} INFO - [2026-04-30T23:22:07.890+0000] {dagbag.py:587} INFO - Filling up the DagBag from /opt/airflow/dags/build_elt_with_dbt.py
[2026-04-30T23:22:07.903+0000] {logging_mixin.py:190} INFO - [2026-04-30T23:22:07.903+0000] {base.py:84} INFO - Retrieving connection 'snowflake_conn'
[2026-04-30T23:22:07.908+0000] {processor.py:925} INFO - DAG(s) 'BuildELT_dbt' retrieved from /opt/airflow/dags/build_elt_with_dbt.py
[2026-04-30T23:22:07.917+0000] {logging_mixin.py:190} INFO - [2026-04-30T23:22:07.917+0000] {dag.py:3229} INFO - Sync 1 DAGs
[2026-04-30T23:22:07.928+0000] {logging_mixin.py:190} INFO - [2026-04-30T23:22:07.928+0000] {dag.py:4156} INFO - Setting next_dagrun for BuildELT_dbt to 2026-04-30 08:00:00+00:00, run_after=2026-05-01 08:00:00+00:00
[2026-04-30T23:22:07.934+0000] {processor.py:208} INFO - Processing /opt/airflow/dags/build_elt_with_dbt.py took 0.055 seconds
[2026-04-30T23:22:38.134+0000] {processor.py:186} INFO - Started process (PID=2086) to work on /opt/airflow/dags/build_elt_with_dbt.py
[2026-04-30T23:22:38.135+0000] {processor.py:914} INFO - Processing file /opt/airflow/dags/build_elt_with_dbt.py for tasks to queue
[2026-04-30T23:22:38.137+0000] {logging_mixin.py:190} INFO - [2026-04-30T23:22:38.137+0000] {dagbag.py:587} INFO - Filling up the DagBag from /opt/airflow/dags/build_elt_with_dbt.py
[2026-04-30T23:22:38.152+0000] {logging_mixin.py:190} INFO - [2026-04-30T23:22:38.151+0000] {base.py:84} INFO - Retrieving connection 'snowflake_conn'
[2026-04-30T23:22:38.157+0000] {processor.py:925} INFO - DAG(s) 'BuildELT_dbt' retrieved from /opt/airflow/dags/build_elt_with_dbt.py
[2026-04-30T23:22:38.166+0000] {logging_mixin.py:190} INFO - [2026-04-30T23:22:38.166+0000] {dag.py:3229} INFO - Sync 1 DAGs
[2026-04-30T23:22:38.176+0000] {logging_mixin.py:190} INFO - [2026-04-30T23:22:38.176+0000] {dag.py:4156} INFO - Setting next_dagrun for BuildELT_dbt to 2026-04-30 08:00:00+00:00, run_after=2026-05-01 08:00:00+00:00
[2026-04-30T23:22:38.182+0000] {processor.py:208} INFO - Processing /opt/airflow/dags/build_elt_with_dbt.py took 0.053 seconds
[2026-04-30T23:23:08.380+0000] {processor.py:186} INFO - Started process (PID=2124) to work on /opt/airflow/dags/build_elt_with_dbt.py
[2026-04-30T23:23:08.380+0000] {processor.py:914} INFO - Processing file /opt/airflow/dags/build_elt_with_dbt.py for tasks to queue
[2026-04-30T23:23:08.381+0000] {logging_mixin.py:190} INFO - [2026-04-30T23:23:08.381+0000] {dagbag.py:587} INFO - Filling up the DagBag from /opt/airflow/dags/build_elt_with_dbt.py
[2026-04-30T23:23:08.392+0000] {logging_mixin.py:190} INFO - [2026-04-30T23:23:08.392+0000] {base.py:84} INFO - Retrieving connection 'snowflake_conn'
[2026-04-30T23:23:08.395+0000] {processor.py:925} INFO - DAG(s) 'BuildELT_dbt' retrieved from /opt/airflow/dags/build_elt_with_dbt.py
[2026-04-30T23:23:08.402+0000] {logging_mixin.py:190} INFO - [2026-04-30T23:23:08.402+0000] {dag.py:3229} INFO - Sync 1 DAGs
[2026-04-30T23:23:08.410+0000] {logging_mixin.py:190} INFO - [2026-04-30T23:23:08.410+0000] {dag.py:4156} INFO - Setting next_dagrun for BuildELT_dbt to 2026-04-30 08:00:00+00:00, run_after=2026-05-01 08:00:00+00:00
[2026-04-30T23:23:08.415+0000] {processor.py:208} INFO - Processing /opt/airflow/dags/build_elt_with_dbt.py took 0.038 seconds
[2026-04-30T23:23:38.797+0000] {processor.py:186} INFO - Started process (PID=2152) to work on /opt/airflow/dags/build_elt_with_dbt.py
[2026-04-30T23:23:38.799+0000] {processor.py:914} INFO - Processing file /opt/airflow/dags/build_elt_with_dbt.py for tasks to queue
[2026-04-30T23:23:38.804+0000] {logging_mixin.py:190} INFO - [2026-04-30T23:23:38.803+0000] {dagbag.py:587} INFO - Filling up the DagBag from /opt/airflow/dags/build_elt_with_dbt.py
[2026-04-30T23:23:38.874+0000] {logging_mixin.py:190} INFO - [2026-04-30T23:23:38.874+0000] {base.py:84} INFO - Retrieving connection 'snowflake_conn'
[2026-04-30T23:23:38.920+0000] {processor.py:925} INFO - DAG(s) 'BuildELT_dbt' retrieved from /opt/airflow/dags/build_elt_with_dbt.py
[2026-04-30T23:23:38.989+0000] {logging_mixin.py:190} INFO - [2026-04-30T23:23:38.989+0000] {dag.py:3229} INFO - Sync 1 DAGs
[2026-04-30T23:23:39.047+0000] {logging_mixin.py:190} INFO - [2026-04-30T23:23:39.046+0000] {dag.py:4156} INFO - Setting next_dagrun for BuildELT_dbt to 2026-04-30 08:00:00+00:00, run_after=2026-05-01 08:00:00+00:00
[2026-04-30T23:23:39.069+0000] {processor.py:208} INFO - Processing /opt/airflow/dags/build_elt_with_dbt.py took 0.281 seconds
[2026-04-30T23:24:10.001+0000] {processor.py:186} INFO - Started process (PID=2190) to work on /opt/airflow/dags/build_elt_with_dbt.py
[2026-04-30T23:24:10.003+0000] {processor.py:914} INFO - Processing file /opt/airflow/dags/build_elt_with_dbt.py for tasks to queue
[2026-04-30T23:24:10.015+0000] {logging_mixin.py:190} INFO - [2026-04-30T23:24:10.013+0000] {dagbag.py:587} INFO - Filling up the DagBag from /opt/airflow/dags/build_elt_with_dbt.py
[2026-04-30T23:24:10.059+0000] {logging_mixin.py:190} INFO - [2026-04-30T23:24:10.059+0000] {base.py:84} INFO - Retrieving connection 'snowflake_conn'
[2026-04-30T23:24:10.075+0000] {processor.py:925} INFO - DAG(s) 'BuildELT_dbt' retrieved from /opt/airflow/dags/build_elt_with_dbt.py
[2026-04-30T23:24:10.103+0000] {logging_mixin.py:190} INFO - [2026-04-30T23:24:10.102+0000] {dag.py:3229} INFO - Sync 1 DAGs
[2026-04-30T23:24:10.133+0000] {logging_mixin.py:190} INFO - [2026-04-30T23:24:10.133+0000] {dag.py:4156} INFO - Setting next_dagrun for BuildELT_dbt to 2026-04-30 08:00:00+00:00, run_after=2026-05-01 08:00:00+00:00
[2026-04-30T23:24:10.144+0000] {processor.py:208} INFO - Processing /opt/airflow/dags/build_elt_with_dbt.py took 0.164 seconds
[2026-04-30T23:24:40.477+0000] {processor.py:186} INFO - Started process (PID=2228) to work on /opt/airflow/dags/build_elt_with_dbt.py
[2026-04-30T23:24:40.478+0000] {processor.py:914} INFO - Processing file /opt/airflow/dags/build_elt_with_dbt.py for tasks to queue
[2026-04-30T23:24:40.481+0000] {logging_mixin.py:190} INFO - [2026-04-30T23:24:40.481+0000] {dagbag.py:587} INFO - Filling up the DagBag from /opt/airflow/dags/build_elt_with_dbt.py
[2026-04-30T23:24:40.497+0000] {logging_mixin.py:190} INFO - [2026-04-30T23:24:40.497+0000] {base.py:84} INFO - Retrieving connection 'snowflake_conn'
[2026-04-30T23:24:40.505+0000] {processor.py:925} INFO - DAG(s) 'BuildELT_dbt' retrieved from /opt/airflow/dags/build_elt_with_dbt.py
[2026-04-30T23:24:40.516+0000] {logging_mixin.py:190} INFO - [2026-04-30T23:24:40.516+0000] {dag.py:3229} INFO - Sync 1 DAGs
[2026-04-30T23:24:40.529+0000] {logging_mixin.py:190} INFO - [2026-04-30T23:24:40.529+0000] {dag.py:4156} INFO - Setting next_dagrun for BuildELT_dbt to 2026-04-30 08:00:00+00:00, run_after=2026-05-01 08:00:00+00:00
[2026-04-30T23:24:40.536+0000] {processor.py:208} INFO - Processing /opt/airflow/dags/build_elt_with_dbt.py took 0.069 seconds
[2026-04-30T23:25:10.848+0000] {processor.py:186} INFO - Started process (PID=2266) to work on /opt/airflow/dags/build_elt_with_dbt.py
[2026-04-30T23:25:10.850+0000] {processor.py:914} INFO - Processing file /opt/airflow/dags/build_elt_with_dbt.py for tasks to queue
[2026-04-30T23:25:10.854+0000] {logging_mixin.py:190} INFO - [2026-04-30T23:25:10.853+0000] {dagbag.py:587} INFO - Filling up the DagBag from /opt/airflow/dags/build_elt_with_dbt.py
[2026-04-30T23:25:10.879+0000] {logging_mixin.py:190} INFO - [2026-04-30T23:25:10.879+0000] {base.py:84} INFO - Retrieving connection 'snowflake_conn'
[2026-04-30T23:25:10.893+0000] {processor.py:925} INFO - DAG(s) 'BuildELT_dbt' retrieved from /opt/airflow/dags/build_elt_with_dbt.py
[2026-04-30T23:25:10.919+0000] {logging_mixin.py:190} INFO - [2026-04-30T23:25:10.919+0000] {dag.py:3229} INFO - Sync 1 DAGs
[2026-04-30T23:25:10.945+0000] {logging_mixin.py:190} INFO - [2026-04-30T23:25:10.945+0000] {dag.py:4156} INFO - Setting next_dagrun for BuildELT_dbt to 2026-04-30 08:00:00+00:00, run_after=2026-05-01 08:00:00+00:00
[2026-04-30T23:25:10.965+0000] {processor.py:208} INFO - Processing /opt/airflow/dags/build_elt_with_dbt.py took 0.129 seconds
[2026-04-30T23:25:41.458+0000] {processor.py:186} INFO - Started process (PID=2304) to work on /opt/airflow/dags/build_elt_with_dbt.py
[2026-04-30T23:25:41.459+0000] {processor.py:914} INFO - Processing file /opt/airflow/dags/build_elt_with_dbt.py for tasks to queue
[2026-04-30T23:25:41.462+0000] {logging_mixin.py:190} INFO - [2026-04-30T23:25:41.462+0000] {dagbag.py:587} INFO - Filling up the DagBag from /opt/airflow/dags/build_elt_with_dbt.py
[2026-04-30T23:25:41.476+0000] {logging_mixin.py:190} INFO - [2026-04-30T23:25:41.476+0000] {base.py:84} INFO - Retrieving connection 'snowflake_conn'
[2026-04-30T23:25:41.481+0000] {processor.py:925} INFO - DAG(s) 'BuildELT_dbt' retrieved from /opt/airflow/dags/build_elt_with_dbt.py
[2026-04-30T23:25:41.490+0000] {logging_mixin.py:190} INFO - [2026-04-30T23:25:41.490+0000] {dag.py:3229} INFO - Sync 1 DAGs
[2026-04-30T23:25:41.500+0000] {logging_mixin.py:190} INFO - [2026-04-30T23:25:41.500+0000] {dag.py:4156} INFO - Setting next_dagrun for BuildELT_dbt to 2026-04-30 08:00:00+00:00, run_after=2026-05-01 08:00:00+00:00
[2026-04-30T23:25:41.506+0000] {processor.py:208} INFO - Processing /opt/airflow/dags/build_elt_with_dbt.py took 0.054 seconds
[2026-04-30T23:26:11.670+0000] {processor.py:186} INFO - Started process (PID=2342) to work on /opt/airflow/dags/build_elt_with_dbt.py
[2026-04-30T23:26:11.672+0000] {processor.py:914} INFO - Processing file /opt/airflow/dags/build_elt_with_dbt.py for tasks to queue
[2026-04-30T23:26:11.675+0000] {logging_mixin.py:190} INFO - [2026-04-30T23:26:11.674+0000] {dagbag.py:587} INFO - Filling up the DagBag from /opt/airflow/dags/build_elt_with_dbt.py
[2026-04-30T23:26:11.688+0000] {logging_mixin.py:190} INFO - [2026-04-30T23:26:11.687+0000] {base.py:84} INFO - Retrieving connection 'snowflake_conn'
[2026-04-30T23:26:11.693+0000] {processor.py:925} INFO - DAG(s) 'BuildELT_dbt' retrieved from /opt/airflow/dags/build_elt_with_dbt.py
[2026-04-30T23:26:11.702+0000] {logging_mixin.py:190} INFO - [2026-04-30T23:26:11.701+0000] {dag.py:3229} INFO - Sync 1 DAGs
[2026-04-30T23:26:11.713+0000] {logging_mixin.py:190} INFO - [2026-04-30T23:26:11.713+0000] {dag.py:4156} INFO - Setting next_dagrun for BuildELT_dbt to 2026-04-30 08:00:00+00:00, run_after=2026-05-01 08:00:00+00:00
[2026-04-30T23:26:11.723+0000] {processor.py:208} INFO - Processing /opt/airflow/dags/build_elt_with_dbt.py took 0.061 seconds
[2026-04-30T23:26:42.396+0000] {processor.py:186} INFO - Started process (PID=2380) to work on /opt/airflow/dags/build_elt_with_dbt.py
[2026-04-30T23:26:42.397+0000] {processor.py:914} INFO - Processing file /opt/airflow/dags/build_elt_with_dbt.py for tasks to queue
[2026-04-30T23:26:42.401+0000] {logging_mixin.py:190} INFO - [2026-04-30T23:26:42.400+0000] {dagbag.py:587} INFO - Filling up the DagBag from /opt/airflow/dags/build_elt_with_dbt.py
[2026-04-30T23:26:42.414+0000] {logging_mixin.py:190} INFO - [2026-04-30T23:26:42.414+0000] {base.py:84} INFO - Retrieving connection 'snowflake_conn'
[2026-04-30T23:26:42.421+0000] {processor.py:925} INFO - DAG(s) 'BuildELT_dbt' retrieved from /opt/airflow/dags/build_elt_with_dbt.py
[2026-04-30T23:26:42.430+0000] {logging_mixin.py:190} INFO - [2026-04-30T23:26:42.430+0000] {dag.py:3229} INFO - Sync 1 DAGs
[2026-04-30T23:26:42.442+0000] {logging_mixin.py:190} INFO - [2026-04-30T23:26:42.442+0000] {dag.py:4156} INFO - Setting next_dagrun for BuildELT_dbt to 2026-04-30 08:00:00+00:00, run_after=2026-05-01 08:00:00+00:00
[2026-04-30T23:26:42.448+0000] {processor.py:208} INFO - Processing /opt/airflow/dags/build_elt_with_dbt.py took 0.059 seconds
[2026-04-30T23:27:12.489+0000] {processor.py:186} INFO - Started process (PID=2418) to work on /opt/airflow/dags/build_elt_with_dbt.py
[2026-04-30T23:27:12.490+0000] {processor.py:914} INFO - Processing file /opt/airflow/dags/build_elt_with_dbt.py for tasks to queue
[2026-04-30T23:27:12.493+0000] {logging_mixin.py:190} INFO - [2026-04-30T23:27:12.492+0000] {dagbag.py:587} INFO - Filling up the DagBag from /opt/airflow/dags/build_elt_with_dbt.py
[2026-04-30T23:27:12.505+0000] {logging_mixin.py:190} INFO - [2026-04-30T23:27:12.504+0000] {base.py:84} INFO - Retrieving connection 'snowflake_conn'
[2026-04-30T23:27:12.510+0000] {processor.py:925} INFO - DAG(s) 'BuildELT_dbt' retrieved from /opt/airflow/dags/build_elt_with_dbt.py
[2026-04-30T23:27:12.518+0000] {logging_mixin.py:190} INFO - [2026-04-30T23:27:12.518+0000] {dag.py:3229} INFO - Sync 1 DAGs
[2026-04-30T23:27:12.529+0000] {logging_mixin.py:190} INFO - [2026-04-30T23:27:12.529+0000] {dag.py:4156} INFO - Setting next_dagrun for BuildELT_dbt to 2026-04-30 08:00:00+00:00, run_after=2026-05-01 08:00:00+00:00
[2026-04-30T23:27:12.535+0000] {processor.py:208} INFO - Processing /opt/airflow/dags/build_elt_with_dbt.py took 0.053 seconds
[2026-04-30T23:27:43.066+0000] {processor.py:186} INFO - Started process (PID=2442) to work on /opt/airflow/dags/build_elt_with_dbt.py
[2026-04-30T23:27:43.072+0000] {processor.py:914} INFO - Processing file /opt/airflow/dags/build_elt_with_dbt.py for tasks to queue
[2026-04-30T23:27:43.076+0000] {logging_mixin.py:190} INFO - [2026-04-30T23:27:43.076+0000] {dagbag.py:587} INFO - Filling up the DagBag from /opt/airflow/dags/build_elt_with_dbt.py
[2026-04-30T23:27:43.102+0000] {logging_mixin.py:190} INFO - [2026-04-30T23:27:43.101+0000] {base.py:84} INFO - Retrieving connection 'snowflake_conn'
[2026-04-30T23:27:43.121+0000] {processor.py:925} INFO - DAG(s) 'BuildELT_dbt' retrieved from /opt/airflow/dags/build_elt_with_dbt.py
[2026-04-30T23:27:43.135+0000] {logging_mixin.py:190} INFO - [2026-04-30T23:27:43.135+0000] {dag.py:3229} INFO - Sync 1 DAGs
[2026-04-30T23:27:43.151+0000] {logging_mixin.py:190} INFO - [2026-04-30T23:27:43.151+0000] {dag.py:4156} INFO - Setting next_dagrun for BuildELT_dbt to 2026-04-30 08:00:00+00:00, run_after=2026-05-01 08:00:00+00:00
[2026-04-30T23:27:43.161+0000] {processor.py:208} INFO - Processing /opt/airflow/dags/build_elt_with_dbt.py took 0.114 seconds
[2026-04-30T23:28:14.171+0000] {processor.py:186} INFO - Started process (PID=2477) to work on /opt/airflow/dags/build_elt_with_dbt.py
[2026-04-30T23:28:14.171+0000] {processor.py:914} INFO - Processing file /opt/airflow/dags/build_elt_with_dbt.py for tasks to queue
[2026-04-30T23:28:14.175+0000] {logging_mixin.py:190} INFO - [2026-04-30T23:28:14.174+0000] {dagbag.py:587} INFO - Filling up the DagBag from /opt/airflow/dags/build_elt_with_dbt.py
[2026-04-30T23:28:14.193+0000] {logging_mixin.py:190} INFO - [2026-04-30T23:28:14.193+0000] {base.py:84} INFO - Retrieving connection 'snowflake_conn'
[2026-04-30T23:28:14.202+0000] {processor.py:925} INFO - DAG(s) 'BuildELT_dbt' retrieved from /opt/airflow/dags/build_elt_with_dbt.py
[2026-04-30T23:28:14.215+0000] {logging_mixin.py:190} INFO - [2026-04-30T23:28:14.215+0000] {dag.py:3229} INFO - Sync 1 DAGs
[2026-04-30T23:28:14.229+0000] {logging_mixin.py:190} INFO - [2026-04-30T23:28:14.229+0000] {dag.py:4156} INFO - Setting next_dagrun for BuildELT_dbt to 2026-04-30 08:00:00+00:00, run_after=2026-05-01 08:00:00+00:00
[2026-04-30T23:28:14.238+0000] {processor.py:208} INFO - Processing /opt/airflow/dags/build_elt_with_dbt.py took 0.074 seconds
[2026-04-30T23:28:44.756+0000] {processor.py:186} INFO - Started process (PID=2515) to work on /opt/airflow/dags/build_elt_with_dbt.py
[2026-04-30T23:28:44.759+0000] {processor.py:914} INFO - Processing file /opt/airflow/dags/build_elt_with_dbt.py for tasks to queue
[2026-04-30T23:28:44.791+0000] {logging_mixin.py:190} INFO - [2026-04-30T23:28:44.790+0000] {dagbag.py:587} INFO - Filling up the DagBag from /opt/airflow/dags/build_elt_with_dbt.py
[2026-04-30T23:28:44.820+0000] {logging_mixin.py:190} INFO - [2026-04-30T23:28:44.820+0000] {base.py:84} INFO - Retrieving connection 'snowflake_conn'
[2026-04-30T23:28:44.828+0000] {processor.py:925} INFO - DAG(s) 'BuildELT_dbt' retrieved from /opt/airflow/dags/build_elt_with_dbt.py
[2026-04-30T23:28:44.840+0000] {logging_mixin.py:190} INFO - [2026-04-30T23:28:44.840+0000] {dag.py:3229} INFO - Sync 1 DAGs
[2026-04-30T23:28:44.859+0000] {logging_mixin.py:190} INFO - [2026-04-30T23:28:44.859+0000] {dag.py:4156} INFO - Setting next_dagrun for BuildELT_dbt to 2026-04-30 08:00:00+00:00, run_after=2026-05-01 08:00:00+00:00
[2026-04-30T23:28:44.868+0000] {processor.py:208} INFO - Processing /opt/airflow/dags/build_elt_with_dbt.py took 0.119 seconds
[2026-04-30T23:29:15.282+0000] {processor.py:186} INFO - Started process (PID=2553) to work on /opt/airflow/dags/build_elt_with_dbt.py
[2026-04-30T23:29:15.283+0000] {processor.py:914} INFO - Processing file /opt/airflow/dags/build_elt_with_dbt.py for tasks to queue
[2026-04-30T23:29:15.288+0000] {logging_mixin.py:190} INFO - [2026-04-30T23:29:15.287+0000] {dagbag.py:587} INFO - Filling up the DagBag from /opt/airflow/dags/build_elt_with_dbt.py
[2026-04-30T23:29:15.304+0000] {logging_mixin.py:190} INFO - [2026-04-30T23:29:15.303+0000] {base.py:84} INFO - Retrieving connection 'snowflake_conn'
[2026-04-30T23:29:15.311+0000] {processor.py:925} INFO - DAG(s) 'BuildELT_dbt' retrieved from /opt/airflow/dags/build_elt_with_dbt.py
[2026-04-30T23:29:15.323+0000] {logging_mixin.py:190} INFO - [2026-04-30T23:29:15.323+0000] {dag.py:3229} INFO - Sync 1 DAGs
[2026-04-30T23:29:15.337+0000] {logging_mixin.py:190} INFO - [2026-04-30T23:29:15.337+0000] {dag.py:4156} INFO - Setting next_dagrun for BuildELT_dbt to 2026-04-30 08:00:00+00:00, run_after=2026-05-01 08:00:00+00:00
[2026-04-30T23:29:15.344+0000] {processor.py:208} INFO - Processing /opt/airflow/dags/build_elt_with_dbt.py took 0.069 seconds
[2026-04-30T23:29:46.375+0000] {processor.py:186} INFO - Started process (PID=2591) to work on /opt/airflow/dags/build_elt_with_dbt.py
[2026-04-30T23:29:46.377+0000] {processor.py:914} INFO - Processing file /opt/airflow/dags/build_elt_with_dbt.py for tasks to queue
[2026-04-30T23:29:46.382+0000] {logging_mixin.py:190} INFO - [2026-04-30T23:29:46.381+0000] {dagbag.py:587} INFO - Filling up the DagBag from /opt/airflow/dags/build_elt_with_dbt.py
[2026-04-30T23:29:46.398+0000] {logging_mixin.py:190} INFO - [2026-04-30T23:29:46.398+0000] {base.py:84} INFO - Retrieving connection 'snowflake_conn'
[2026-04-30T23:29:46.406+0000] {processor.py:925} INFO - DAG(s) 'BuildELT_dbt' retrieved from /opt/airflow/dags/build_elt_with_dbt.py
[2026-04-30T23:29:46.418+0000] {logging_mixin.py:190} INFO - [2026-04-30T23:29:46.418+0000] {dag.py:3229} INFO - Sync 1 DAGs
[2026-04-30T23:29:46.432+0000] {logging_mixin.py:190} INFO - [2026-04-30T23:29:46.432+0000] {dag.py:4156} INFO - Setting next_dagrun for BuildELT_dbt to 2026-04-30 08:00:00+00:00, run_after=2026-05-01 08:00:00+00:00
[2026-04-30T23:29:46.440+0000] {processor.py:208} INFO - Processing /opt/airflow/dags/build_elt_with_dbt.py took 0.074 seconds
[2026-04-30T23:30:16.941+0000] {processor.py:186} INFO - Started process (PID=2629) to work on /opt/airflow/dags/build_elt_with_dbt.py
[2026-04-30T23:30:16.943+0000] {processor.py:914} INFO - Processing file /opt/airflow/dags/build_elt_with_dbt.py for tasks to queue
[2026-04-30T23:30:16.947+0000] {logging_mixin.py:190} INFO - [2026-04-30T23:30:16.946+0000] {dagbag.py:587} INFO - Filling up the DagBag from /opt/airflow/dags/build_elt_with_dbt.py
[2026-04-30T23:30:16.968+0000] {logging_mixin.py:190} INFO - [2026-04-30T23:30:16.968+0000] {base.py:84} INFO - Retrieving connection 'snowflake_conn'
[2026-04-30T23:30:16.977+0000] {processor.py:925} INFO - DAG(s) 'BuildELT_dbt' retrieved from /opt/airflow/dags/build_elt_with_dbt.py
[2026-04-30T23:30:16.991+0000] {logging_mixin.py:190} INFO - [2026-04-30T23:30:16.991+0000] {dag.py:3229} INFO - Sync 1 DAGs
[2026-04-30T23:30:17.007+0000] {logging_mixin.py:190} INFO - [2026-04-30T23:30:17.007+0000] {dag.py:4156} INFO - Setting next_dagrun for BuildELT_dbt to 2026-04-30 08:00:00+00:00, run_after=2026-05-01 08:00:00+00:00
[2026-04-30T23:30:17.017+0000] {processor.py:208} INFO - Processing /opt/airflow/dags/build_elt_with_dbt.py took 0.087 seconds
[2026-04-30T23:30:47.464+0000] {processor.py:186} INFO - Started process (PID=2667) to work on /opt/airflow/dags/build_elt_with_dbt.py
[2026-04-30T23:30:47.467+0000] {processor.py:914} INFO - Processing file /opt/airflow/dags/build_elt_with_dbt.py for tasks to queue
[2026-04-30T23:30:47.477+0000] {logging_mixin.py:190} INFO - [2026-04-30T23:30:47.476+0000] {dagbag.py:587} INFO - Filling up the DagBag from /opt/airflow/dags/build_elt_with_dbt.py
[2026-04-30T23:30:47.496+0000] {logging_mixin.py:190} INFO - [2026-04-30T23:30:47.496+0000] {base.py:84} INFO - Retrieving connection 'snowflake_conn'
[2026-04-30T23:30:47.510+0000] {processor.py:925} INFO - DAG(s) 'BuildELT_dbt' retrieved from /opt/airflow/dags/build_elt_with_dbt.py
[2026-04-30T23:30:47.523+0000] {logging_mixin.py:190} INFO - [2026-04-30T23:30:47.523+0000] {dag.py:3229} INFO - Sync 1 DAGs
[2026-04-30T23:30:47.539+0000] {logging_mixin.py:190} INFO - [2026-04-30T23:30:47.539+0000] {dag.py:4156} INFO - Setting next_dagrun for BuildELT_dbt to 2026-04-30 08:00:00+00:00, run_after=2026-05-01 08:00:00+00:00
[2026-04-30T23:30:47.554+0000] {processor.py:208} INFO - Processing /opt/airflow/dags/build_elt_with_dbt.py took 0.100 seconds
[2026-04-30T23:31:17.834+0000] {processor.py:186} INFO - Started process (PID=2705) to work on /opt/airflow/dags/build_elt_with_dbt.py
[2026-04-30T23:31:17.837+0000] {processor.py:914} INFO - Processing file /opt/airflow/dags/build_elt_with_dbt.py for tasks to queue
[2026-04-30T23:31:17.839+0000] {logging_mixin.py:190} INFO - [2026-04-30T23:31:17.839+0000] {dagbag.py:587} INFO - Filling up the DagBag from /opt/airflow/dags/build_elt_with_dbt.py
[2026-04-30T23:31:17.854+0000] {logging_mixin.py:190} INFO - [2026-04-30T23:31:17.853+0000] {base.py:84} INFO - Retrieving connection 'snowflake_conn'
[2026-04-30T23:31:17.859+0000] {processor.py:925} INFO - DAG(s) 'BuildELT_dbt' retrieved from /opt/airflow/dags/build_elt_with_dbt.py
[2026-04-30T23:31:17.868+0000] {logging_mixin.py:190} INFO - [2026-04-30T23:31:17.868+0000] {dag.py:3229} INFO - Sync 1 DAGs
[2026-04-30T23:31:17.878+0000] {logging_mixin.py:190} INFO - [2026-04-30T23:31:17.878+0000] {dag.py:4156} INFO - Setting next_dagrun for BuildELT_dbt to 2026-04-30 08:00:00+00:00, run_after=2026-05-01 08:00:00+00:00
[2026-04-30T23:31:17.884+0000] {processor.py:208} INFO - Processing /opt/airflow/dags/build_elt_with_dbt.py took 0.058 seconds
