[2026-04-22T23:46:27.961+0000] {local_task_job_runner.py:123} INFO - ::group::Pre task execution logs
[2026-04-22T23:46:27.969+0000] {taskinstance.py:2612} INFO - Dependencies all met for dep_context=non-requeueable deps ti=<TaskInstance: BuildELT_dbt.dbt_run manual__2026-04-22T23:46:27.125914+00:00 [queued]>
[2026-04-22T23:46:27.972+0000] {taskinstance.py:2612} INFO - Dependencies all met for dep_context=requeueable deps ti=<TaskInstance: BuildELT_dbt.dbt_run manual__2026-04-22T23:46:27.125914+00:00 [queued]>
[2026-04-22T23:46:27.973+0000] {taskinstance.py:2865} INFO - Starting attempt 1 of 1
[2026-04-22T23:46:27.978+0000] {taskinstance.py:2888} INFO - Executing <Task(BashOperator): dbt_run> on 2026-04-22 23:46:27.125914+00:00
[2026-04-22T23:46:27.982+0000] {standard_task_runner.py:104} INFO - Running: ['***', 'tasks', 'run', 'BuildELT_dbt', 'dbt_run', 'manual__2026-04-22T23:46:27.125914+00:00', '--job-id', '175', '--raw', '--subdir', 'DAGS_FOLDER/build_elt_with_dbt.py', '--cfg-path', '/tmp/tmpr79w0oos']
[2026-04-22T23:46:27.983+0000] {standard_task_runner.py:105} INFO - Job 175: Subtask dbt_run
[2026-04-22T23:46:27.983+0000] {logging_mixin.py:190} WARNING - /home/***/.local/lib/python3.12/site-packages/***/task/task_runner/standard_task_runner.py:70 DeprecationWarning: This process (pid=1068) is multi-threaded, use of fork() may lead to deadlocks in the child.
[2026-04-22T23:46:27.984+0000] {standard_task_runner.py:72} INFO - Started process 1069 to run task
[2026-04-22T23:46:27.997+0000] {task_command.py:467} INFO - Running <TaskInstance: BuildELT_dbt.dbt_run manual__2026-04-22T23:46:27.125914+00:00 [running]> on host 2311453635e8
[2026-04-22T23:46:28.026+0000] {taskinstance.py:3131} INFO - Exporting env vars: AIRFLOW_CTX_DAG_OWNER='***' AIRFLOW_CTX_DAG_ID='BuildELT_dbt' AIRFLOW_CTX_TASK_ID='dbt_run' AIRFLOW_CTX_EXECUTION_DATE='2026-04-22T23:46:27.125914+00:00' AIRFLOW_CTX_TRY_NUMBER='1' AIRFLOW_CTX_DAG_RUN_ID='manual__2026-04-22T23:46:27.125914+00:00'
[2026-04-22T23:46:28.026+0000] {taskinstance.py:731} INFO - ::endgroup::
[2026-04-22T23:46:28.034+0000] {subprocess.py:63} INFO - Tmp dir root location: /tmp
[2026-04-22T23:46:28.034+0000] {subprocess.py:75} INFO - Running command: ['/usr/bin/bash', '-c', '/home/***/.local/bin/dbt run --profiles-dir /opt/***/dbt --project-dir /opt/***/dbt']
[2026-04-22T23:46:28.040+0000] {subprocess.py:86} INFO - Output:
[2026-04-22T23:46:28.961+0000] {subprocess.py:93} INFO - [0m23:46:28  Running with dbt=1.8.7
[2026-04-22T23:46:29.389+0000] {subprocess.py:93} INFO - [0m23:46:29  Registered adapter: snowflake=1.8.1
[2026-04-22T23:46:29.601+0000] {subprocess.py:93} INFO - [0m23:46:29  Found 6 models, 1 snapshot, 2 data tests, 3 sources, 454 macros
[2026-04-22T23:46:29.602+0000] {subprocess.py:93} INFO - [0m23:46:29
[2026-04-22T23:46:32.389+0000] {subprocess.py:93} INFO - [0m23:46:32  Concurrency: 1 threads (target='dev')
[2026-04-22T23:46:32.390+0000] {subprocess.py:93} INFO - [0m23:46:32
[2026-04-22T23:46:32.398+0000] {subprocess.py:93} INFO - [0m23:46:32  1 of 3 START sql table model analytics.percent_rainy_days_monthly .............. [RUN]
[2026-04-22T23:46:36.111+0000] {subprocess.py:93} INFO - [0m23:46:36  1 of 3 OK created sql table model analytics.percent_rainy_days_monthly ......... [[32mSUCCESS 1[0m in 3.71s]
[2026-04-22T23:46:36.131+0000] {subprocess.py:93} INFO - [0m23:46:36  2 of 3 START sql table model analytics.weather_weekly_precipitation ............ [RUN]
[2026-04-22T23:46:36.873+0000] {subprocess.py:93} INFO - [0m23:46:36  2 of 3 ERROR creating sql table model analytics.weather_weekly_precipitation ... [[31mERROR[0m in 0.74s]
[2026-04-22T23:46:36.875+0000] {subprocess.py:93} INFO - [0m23:46:36  3 of 3 START sql table model analytics.session_summary ......................... [RUN]
[2026-04-22T23:46:40.683+0000] {subprocess.py:93} INFO - [0m23:46:40  3 of 3 OK created sql table model analytics.session_summary .................... [[32mSUCCESS 1[0m in 3.80s]
[2026-04-22T23:46:40.691+0000] {subprocess.py:93} INFO - [0m23:46:40
[2026-04-22T23:46:40.692+0000] {subprocess.py:93} INFO - [0m23:46:40  Finished running 3 table models in 0 hours 0 minutes and 11.09 seconds (11.09s).
[2026-04-22T23:46:40.730+0000] {subprocess.py:93} INFO - [0m23:46:40
[2026-04-22T23:46:40.731+0000] {subprocess.py:93} INFO - [0m23:46:40  [31mCompleted with 1 error and 0 warnings:[0m
[2026-04-22T23:46:40.731+0000] {subprocess.py:93} INFO - [0m23:46:40
[2026-04-22T23:46:40.731+0000] {subprocess.py:93} INFO - [0m23:46:40    Database Error in model weather_weekly_precipitation (models/analytics/weather_weekly_precipitation.sql)
[2026-04-22T23:46:40.732+0000] {subprocess.py:93} INFO -   001003 (42000): SQL compilation error:
[2026-04-22T23:46:40.732+0000] {subprocess.py:93} INFO -   syntax error line 13 at position 14 unexpected ';'.
[2026-04-22T23:46:40.732+0000] {subprocess.py:93} INFO -   compiled code at target/run/build_mau/models/analytics/weather_weekly_precipitation.sql
[2026-04-22T23:46:40.732+0000] {subprocess.py:93} INFO - [0m23:46:40
[2026-04-22T23:46:40.732+0000] {subprocess.py:93} INFO - [0m23:46:40  Done. PASS=2 WARN=0 ERROR=1 SKIP=0 TOTAL=3
[2026-04-22T23:46:41.566+0000] {subprocess.py:97} INFO - Command exited with return code 1
[2026-04-22T23:46:41.575+0000] {taskinstance.py:3310} ERROR - Task failed with exception
Traceback (most recent call last):
  File "/home/airflow/.local/lib/python3.12/site-packages/airflow/models/taskinstance.py", line 767, in _execute_task
    result = _execute_callable(context=context, **execute_callable_kwargs)
             ^^^^^^^^^^^^^^^^^^^^^^^^^^^^^^^^^^^^^^^^^^^^^^^^^^^^^^^^^^^^^
  File "/home/airflow/.local/lib/python3.12/site-packages/airflow/models/taskinstance.py", line 733, in _execute_callable
    return ExecutionCallableRunner(
           ^^^^^^^^^^^^^^^^^^^^^^^^
  File "/home/airflow/.local/lib/python3.12/site-packages/airflow/utils/operator_helpers.py", line 252, in run
    return self.func(*args, **kwargs)
           ^^^^^^^^^^^^^^^^^^^^^^^^^^
  File "/home/airflow/.local/lib/python3.12/site-packages/airflow/models/baseoperator.py", line 406, in wrapper
    return func(self, *args, **kwargs)
           ^^^^^^^^^^^^^^^^^^^^^^^^^^^
  File "/home/airflow/.local/lib/python3.12/site-packages/airflow/operators/bash.py", line 249, in execute
    raise AirflowException(
airflow.exceptions.AirflowException: Bash command failed. The command returned a non-zero exit code 1.
[2026-04-22T23:46:41.580+0000] {taskinstance.py:1225} INFO - Marking task as FAILED. dag_id=BuildELT_dbt, task_id=dbt_run, run_id=manual__2026-04-22T23:46:27.125914+00:00, execution_date=20260422T234627, start_date=20260422T234627, end_date=20260422T234641
[2026-04-22T23:46:41.586+0000] {taskinstance.py:340} INFO - ::group::Post task execution logs
[2026-04-22T23:46:41.587+0000] {standard_task_runner.py:124} ERROR - Failed to execute job 175 for task dbt_run (Bash command failed. The command returned a non-zero exit code 1.; 1069)
Traceback (most recent call last):
  File "/home/airflow/.local/lib/python3.12/site-packages/airflow/task/task_runner/standard_task_runner.py", line 117, in _start_by_fork
    ret = args.func(args, dag=self.dag)
          ^^^^^^^^^^^^^^^^^^^^^^^^^^^^^
  File "/home/airflow/.local/lib/python3.12/site-packages/airflow/cli/cli_config.py", line 49, in command
    return func(*args, **kwargs)
           ^^^^^^^^^^^^^^^^^^^^^
  File "/home/airflow/.local/lib/python3.12/site-packages/airflow/utils/cli.py", line 115, in wrapper
    return f(*args, **kwargs)
           ^^^^^^^^^^^^^^^^^^
  File "/home/airflow/.local/lib/python3.12/site-packages/airflow/cli/commands/task_command.py", line 483, in task_run
    task_return_code = _run_task_by_selected_method(args, _dag, ti)
                       ^^^^^^^^^^^^^^^^^^^^^^^^^^^^^^^^^^^^^^^^^^^^
  File "/home/airflow/.local/lib/python3.12/site-packages/airflow/cli/commands/task_command.py", line 256, in _run_task_by_selected_method
    return _run_raw_task(args, ti)
           ^^^^^^^^^^^^^^^^^^^^^^^
  File "/home/airflow/.local/lib/python3.12/site-packages/airflow/cli/commands/task_command.py", line 341, in _run_raw_task
    return ti._run_raw_task(
           ^^^^^^^^^^^^^^^^^
  File "/home/airflow/.local/lib/python3.12/site-packages/airflow/utils/session.py", line 97, in wrapper
    return func(*args, session=session, **kwargs)
           ^^^^^^^^^^^^^^^^^^^^^^^^^^^^^^^^^^^^^^
  File "/home/airflow/.local/lib/python3.12/site-packages/airflow/models/taskinstance.py", line 3004, in _run_raw_task
    return _run_raw_task(
           ^^^^^^^^^^^^^^
  File "/home/airflow/.local/lib/python3.12/site-packages/airflow/models/taskinstance.py", line 273, in _run_raw_task
    TaskInstance._execute_task_with_callbacks(
  File "/home/airflow/.local/lib/python3.12/site-packages/airflow/models/taskinstance.py", line 3158, in _execute_task_with_callbacks
    result = self._execute_task(context, task_orig)
             ^^^^^^^^^^^^^^^^^^^^^^^^^^^^^^^^^^^^^^
  File "/home/airflow/.local/lib/python3.12/site-packages/airflow/models/taskinstance.py", line 3182, in _execute_task
    return _execute_task(self, context, task_orig)
           ^^^^^^^^^^^^^^^^^^^^^^^^^^^^^^^^^^^^^^^
  File "/home/airflow/.local/lib/python3.12/site-packages/airflow/models/taskinstance.py", line 767, in _execute_task
    result = _execute_callable(context=context, **execute_callable_kwargs)
             ^^^^^^^^^^^^^^^^^^^^^^^^^^^^^^^^^^^^^^^^^^^^^^^^^^^^^^^^^^^^^
  File "/home/airflow/.local/lib/python3.12/site-packages/airflow/models/taskinstance.py", line 733, in _execute_callable
    return ExecutionCallableRunner(
           ^^^^^^^^^^^^^^^^^^^^^^^^
  File "/home/airflow/.local/lib/python3.12/site-packages/airflow/utils/operator_helpers.py", line 252, in run
    return self.func(*args, **kwargs)
           ^^^^^^^^^^^^^^^^^^^^^^^^^^
  File "/home/airflow/.local/lib/python3.12/site-packages/airflow/models/baseoperator.py", line 406, in wrapper
    return func(self, *args, **kwargs)
           ^^^^^^^^^^^^^^^^^^^^^^^^^^^
  File "/home/airflow/.local/lib/python3.12/site-packages/airflow/operators/bash.py", line 249, in execute
    raise AirflowException(
airflow.exceptions.AirflowException: Bash command failed. The command returned a non-zero exit code 1.
[2026-04-22T23:46:41.634+0000] {local_task_job_runner.py:266} INFO - Task exited with return code 1
[2026-04-22T23:46:41.644+0000] {taskinstance.py:3900} INFO - 0 downstream tasks scheduled from follow-on schedule check
[2026-04-22T23:46:41.646+0000] {local_task_job_runner.py:245} INFO - ::endgroup::
