[2026-04-23T07:33:09.610+0000] {local_task_job_runner.py:123} INFO - ::group::Pre task execution logs
[2026-04-23T07:33:09.616+0000] {taskinstance.py:2612} INFO - Dependencies all met for dep_context=non-requeueable deps ti=<TaskInstance: Open_Meteo.combine_data scheduled__2026-04-22T07:30:00+00:00 [queued]>
[2026-04-23T07:33:09.619+0000] {taskinstance.py:2612} INFO - Dependencies all met for dep_context=requeueable deps ti=<TaskInstance: Open_Meteo.combine_data scheduled__2026-04-22T07:30:00+00:00 [queued]>
[2026-04-23T07:33:09.619+0000] {taskinstance.py:2865} INFO - Starting attempt 1 of 2
[2026-04-23T07:33:09.623+0000] {taskinstance.py:2888} INFO - Executing <Task(_PythonDecoratedOperator): combine_data> on 2026-04-22 07:30:00+00:00
[2026-04-23T07:33:09.627+0000] {logging_mixin.py:190} WARNING - /home/***/.local/lib/python3.12/site-packages/***/task/task_runner/standard_task_runner.py:70 DeprecationWarning: This process (pid=669) is multi-threaded, use of fork() may lead to deadlocks in the child.
[2026-04-23T07:33:09.627+0000] {standard_task_runner.py:72} INFO - Started process 672 to run task
[2026-04-23T07:33:09.627+0000] {standard_task_runner.py:104} INFO - Running: ['***', 'tasks', 'run', 'Open_Meteo', 'combine_data', 'scheduled__2026-04-22T07:30:00+00:00', '--job-id', '193', '--raw', '--subdir', 'DAGS_FOLDER/226 - lab 1 - Open Meteo_v2.py', '--cfg-path', '/tmp/tmpbskgxf_j']
[2026-04-23T07:33:09.628+0000] {standard_task_runner.py:105} INFO - Job 193: Subtask combine_data
[2026-04-23T07:33:09.642+0000] {task_command.py:467} INFO - Running <TaskInstance: Open_Meteo.combine_data scheduled__2026-04-22T07:30:00+00:00 [running]> on host 2311453635e8
[2026-04-23T07:33:09.703+0000] {taskinstance.py:3131} INFO - Exporting env vars: AIRFLOW_CTX_DAG_EMAIL='vincent.do@sjsu.edu' AIRFLOW_CTX_DAG_OWNER='vdo27' AIRFLOW_CTX_DAG_ID='Open_Meteo' AIRFLOW_CTX_TASK_ID='combine_data' AIRFLOW_CTX_EXECUTION_DATE='2026-04-22T07:30:00+00:00' AIRFLOW_CTX_TRY_NUMBER='1' AIRFLOW_CTX_DAG_RUN_ID='scheduled__2026-04-22T07:30:00+00:00'
[2026-04-23T07:33:09.703+0000] {taskinstance.py:731} INFO - ::endgroup::
[2026-04-23T07:33:09.705+0000] {python.py:240} INFO - Done. Returned value was:     latitude  longitude       date  ...  precipitation  weather_code        city
0    37.3387   121.8853 2026-02-22  ...            0.0             3    San Jose
1    37.3387   121.8853 2026-02-23  ...            1.3            71    San Jose
2    37.3387   121.8853 2026-02-24  ...            0.0             3    San Jose
3    37.3387   121.8853 2026-02-25  ...            0.0             3    San Jose
4    37.3387   121.8853 2026-02-26  ...            0.0            45    San Jose
..       ...        ...        ...  ...            ...           ...         ...
115  38.9332  -119.9844 2026-04-18  ...            0.0             2  Lake Tahoe
116  38.9332  -119.9844 2026-04-19  ...            0.0             3  Lake Tahoe
117  38.9332  -119.9844 2026-04-20  ...            0.0             3  Lake Tahoe
118  38.9332  -119.9844 2026-04-21  ...            6.4            73  Lake Tahoe
119  38.9332  -119.9844 2026-04-22  ...            0.1            71  Lake Tahoe

[120 rows x 8 columns]
[2026-04-23T07:33:09.716+0000] {taskinstance.py:340} INFO - ::group::Post task execution logs
[2026-04-23T07:33:09.716+0000] {taskinstance.py:352} INFO - Marking task as SUCCESS. dag_id=Open_Meteo, task_id=combine_data, run_id=scheduled__2026-04-22T07:30:00+00:00, execution_date=20260422T073000, start_date=20260423T073309, end_date=20260423T073309
[2026-04-23T07:33:09.727+0000] {local_task_job_runner.py:266} INFO - Task exited with return code 0
[2026-04-23T07:33:09.730+0000] {taskinstance.py:3925} ERROR - Error scheduling downstream tasks. Skipping it as this is entirely optional optimisation. There might be various reasons for it, please take a look at the stack trace to figure out if the root cause can be diagnosed and fixed. See the issue https://github.com/apache/***/issues/39717 for details and an example problem. If you would like to get help in solving root cause, open discussion with all details with your managed service support or in Airflow repository.
Traceback (most recent call last):
  File "/home/airflow/.local/lib/python3.12/site-packages/airflow/models/taskinstance.py", line 3921, in schedule_downstream_tasks
    return TaskInstance._schedule_downstream_tasks(
           ^^^^^^^^^^^^^^^^^^^^^^^^^^^^^^^^^^^^^^^^
  File "/home/airflow/.local/lib/python3.12/site-packages/airflow/utils/session.py", line 94, in wrapper
    return func(*args, **kwargs)
           ^^^^^^^^^^^^^^^^^^^^^
  File "/home/airflow/.local/lib/python3.12/site-packages/airflow/models/taskinstance.py", line 3870, in _schedule_downstream_tasks
    partial_dag = task.dag.partial_subset(
                  ^^^^^^^^^^^^^^^^^^^^^^^^
  File "/home/airflow/.local/lib/python3.12/site-packages/airflow/models/dag.py", line 2664, in partial_subset
    t.task_id: _deepcopy_task(t)
               ^^^^^^^^^^^^^^^^^
  File "/home/airflow/.local/lib/python3.12/site-packages/airflow/models/dag.py", line 2661, in _deepcopy_task
    return copy.deepcopy(t, memo)
           ^^^^^^^^^^^^^^^^^^^^^^
  File "/usr/local/lib/python3.12/copy.py", line 143, in deepcopy
    y = copier(memo)
        ^^^^^^^^^^^^
  File "/home/airflow/.local/lib/python3.12/site-packages/airflow/models/baseoperator.py", line 1388, in __deepcopy__
    setattr(result, k, copy.deepcopy(v, memo))
                       ^^^^^^^^^^^^^^^^^^^^^^
  File "/usr/local/lib/python3.12/copy.py", line 136, in deepcopy
    y = copier(x, memo)
        ^^^^^^^^^^^^^^^
  File "/usr/local/lib/python3.12/copy.py", line 221, in _deepcopy_dict
    y[deepcopy(key, memo)] = deepcopy(value, memo)
                             ^^^^^^^^^^^^^^^^^^^^^
  File "/usr/local/lib/python3.12/copy.py", line 136, in deepcopy
    y = copier(x, memo)
        ^^^^^^^^^^^^^^^
  File "/usr/local/lib/python3.12/copy.py", line 201, in _deepcopy_tuple
    y = [deepcopy(a, memo) for a in x]
         ^^^^^^^^^^^^^^^^^
  File "/usr/local/lib/python3.12/copy.py", line 162, in deepcopy
    y = _reconstruct(x, memo, *rv)
        ^^^^^^^^^^^^^^^^^^^^^^^^^^
  File "/usr/local/lib/python3.12/copy.py", line 259, in _reconstruct
    state = deepcopy(state, memo)
            ^^^^^^^^^^^^^^^^^^^^^
  File "/usr/local/lib/python3.12/copy.py", line 136, in deepcopy
    y = copier(x, memo)
        ^^^^^^^^^^^^^^^
  File "/usr/local/lib/python3.12/copy.py", line 221, in _deepcopy_dict
    y[deepcopy(key, memo)] = deepcopy(value, memo)
                             ^^^^^^^^^^^^^^^^^^^^^
  File "/usr/local/lib/python3.12/copy.py", line 162, in deepcopy
    y = _reconstruct(x, memo, *rv)
        ^^^^^^^^^^^^^^^^^^^^^^^^^^
  File "/usr/local/lib/python3.12/copy.py", line 259, in _reconstruct
    state = deepcopy(state, memo)
            ^^^^^^^^^^^^^^^^^^^^^
  File "/usr/local/lib/python3.12/copy.py", line 136, in deepcopy
    y = copier(x, memo)
        ^^^^^^^^^^^^^^^
  File "/usr/local/lib/python3.12/copy.py", line 221, in _deepcopy_dict
    y[deepcopy(key, memo)] = deepcopy(value, memo)
                             ^^^^^^^^^^^^^^^^^^^^^
  File "/usr/local/lib/python3.12/copy.py", line 151, in deepcopy
    rv = reductor(4)
         ^^^^^^^^^^^
TypeError: cannot pickle '_thread.lock' object
[2026-04-23T07:33:09.732+0000] {local_task_job_runner.py:245} INFO - ::endgroup::
