[2026-04-22T05:55:40.254+0000] {local_task_job_runner.py:123} INFO - ::group::Pre task execution logs
[2026-04-22T05:55:40.272+0000] {taskinstance.py:2612} INFO - Dependencies all met for dep_context=non-requeueable deps ti=<TaskInstance: BuildELT_dbt.dbt_run manual__2026-04-22T05:55:39.751229+00:00 [queued]>
[2026-04-22T05:55:40.278+0000] {taskinstance.py:2612} INFO - Dependencies all met for dep_context=requeueable deps ti=<TaskInstance: BuildELT_dbt.dbt_run manual__2026-04-22T05:55:39.751229+00:00 [queued]>
[2026-04-22T05:55:40.278+0000] {taskinstance.py:2865} INFO - Starting attempt 1 of 1
[2026-04-22T05:55:40.289+0000] {taskinstance.py:2888} INFO - Executing <Task(BashOperator): dbt_run> on 2026-04-22 05:55:39.751229+00:00
[2026-04-22T05:55:40.302+0000] {standard_task_runner.py:104} INFO - Running: ['***', 'tasks', 'run', 'BuildELT_dbt', 'dbt_run', 'manual__2026-04-22T05:55:39.751229+00:00', '--job-id', '169', '--raw', '--subdir', 'DAGS_FOLDER/build_elt_with_dbt.py', '--cfg-path', '/tmp/tmpx3hffckk']
[2026-04-22T05:55:40.306+0000] {standard_task_runner.py:105} INFO - Job 169: Subtask dbt_run
[2026-04-22T05:55:40.306+0000] {logging_mixin.py:190} WARNING - /home/***/.local/lib/python3.12/site-packages/***/task/task_runner/standard_task_runner.py:70 DeprecationWarning: This process (pid=549) is multi-threaded, use of fork() may lead to deadlocks in the child.
[2026-04-22T05:55:40.308+0000] {standard_task_runner.py:72} INFO - Started process 550 to run task
[2026-04-22T05:55:40.352+0000] {task_command.py:467} INFO - Running <TaskInstance: BuildELT_dbt.dbt_run manual__2026-04-22T05:55:39.751229+00:00 [running]> on host 2311453635e8
[2026-04-22T05:55:40.398+0000] {taskinstance.py:3131} INFO - Exporting env vars: AIRFLOW_CTX_DAG_OWNER='***' AIRFLOW_CTX_DAG_ID='BuildELT_dbt' AIRFLOW_CTX_TASK_ID='dbt_run' AIRFLOW_CTX_EXECUTION_DATE='2026-04-22T05:55:39.751229+00:00' AIRFLOW_CTX_TRY_NUMBER='1' AIRFLOW_CTX_DAG_RUN_ID='manual__2026-04-22T05:55:39.751229+00:00'
[2026-04-22T05:55:40.398+0000] {taskinstance.py:731} INFO - ::endgroup::
[2026-04-22T05:55:40.408+0000] {subprocess.py:63} INFO - Tmp dir root location: /tmp
[2026-04-22T05:55:40.409+0000] {subprocess.py:75} INFO - Running command: ['/usr/bin/bash', '-c', '/home/***/.local/bin/dbt run --profiles-dir /opt/***/dbt --project-dir /opt/***/dbt']
[2026-04-22T05:55:40.413+0000] {subprocess.py:86} INFO - Output:
[2026-04-22T05:55:41.642+0000] {subprocess.py:93} INFO - [0m05:55:41  Running with dbt=1.8.7
[2026-04-22T05:55:42.228+0000] {subprocess.py:93} INFO - [0m05:55:42  Registered adapter: snowflake=1.8.1
[2026-04-22T05:55:42.290+0000] {subprocess.py:93} INFO - [0m05:55:42  Unable to do partial parsing because of a version mismatch
[2026-04-22T05:55:42.961+0000] {subprocess.py:93} INFO - [0m05:55:42  Found 3 models, 1 snapshot, 2 data tests, 3 sources, 454 macros
[2026-04-22T05:55:42.962+0000] {subprocess.py:93} INFO - [0m05:55:42
[2026-04-22T05:55:47.455+0000] {subprocess.py:93} INFO - [0m05:55:47  Concurrency: 1 threads (target='dev')
[2026-04-22T05:55:47.456+0000] {subprocess.py:93} INFO - [0m05:55:47
[2026-04-22T05:55:47.470+0000] {subprocess.py:93} INFO - [0m05:55:47  1 of 1 START sql table model analytics.session_summary ......................... [RUN]
[2026-04-22T05:55:51.405+0000] {subprocess.py:93} INFO - [0m05:55:51  1 of 1 OK created sql table model analytics.session_summary .................... [[32mSUCCESS 1[0m in 3.93s]
[2026-04-22T05:55:51.412+0000] {subprocess.py:93} INFO - [0m05:55:51
[2026-04-22T05:55:51.412+0000] {subprocess.py:93} INFO - [0m05:55:51  Finished running 1 table model in 0 hours 0 minutes and 8.45 seconds (8.45s).
[2026-04-22T05:55:51.445+0000] {subprocess.py:93} INFO - [0m05:55:51
[2026-04-22T05:55:51.446+0000] {subprocess.py:93} INFO - [0m05:55:51  [32mCompleted successfully[0m
[2026-04-22T05:55:51.446+0000] {subprocess.py:93} INFO - [0m05:55:51
[2026-04-22T05:55:51.447+0000] {subprocess.py:93} INFO - [0m05:55:51  Done. PASS=1 WARN=0 ERROR=0 SKIP=0 TOTAL=1
[2026-04-22T05:55:52.263+0000] {subprocess.py:97} INFO - Command exited with return code 0
[2026-04-22T05:55:52.319+0000] {taskinstance.py:340} INFO - ::group::Post task execution logs
[2026-04-22T05:55:52.322+0000] {taskinstance.py:352} INFO - Marking task as SUCCESS. dag_id=BuildELT_dbt, task_id=dbt_run, run_id=manual__2026-04-22T05:55:39.751229+00:00, execution_date=20260422T055539, start_date=20260422T055540, end_date=20260422T055552
[2026-04-22T05:55:52.338+0000] {local_task_job_runner.py:266} INFO - Task exited with return code 0
[2026-04-22T05:55:52.354+0000] {taskinstance.py:3900} INFO - 1 downstream tasks scheduled from follow-on schedule check
[2026-04-22T05:55:52.355+0000] {local_task_job_runner.py:245} INFO - ::endgroup::
