[2026-04-23T22:44:15.385+0000] {local_task_job_runner.py:123} INFO - ::group::Pre task execution logs
[2026-04-23T22:44:15.390+0000] {taskinstance.py:2612} INFO - Dependencies all met for dep_context=non-requeueable deps ti=<TaskInstance: BuildELT_dbt.dbt_run scheduled__2026-04-22T07:30:00+00:00 [queued]>
[2026-04-23T22:44:15.393+0000] {taskinstance.py:2612} INFO - Dependencies all met for dep_context=requeueable deps ti=<TaskInstance: BuildELT_dbt.dbt_run scheduled__2026-04-22T07:30:00+00:00 [queued]>
[2026-04-23T22:44:15.393+0000] {taskinstance.py:2865} INFO - Starting attempt 1 of 1
[2026-04-23T22:44:15.398+0000] {taskinstance.py:2888} INFO - Executing <Task(BashOperator): dbt_run> on 2026-04-22 07:30:00+00:00
[2026-04-23T22:44:15.401+0000] {standard_task_runner.py:104} INFO - Running: ['***', 'tasks', 'run', 'BuildELT_dbt', 'dbt_run', 'scheduled__2026-04-22T07:30:00+00:00', '--job-id', '207', '--raw', '--subdir', 'DAGS_FOLDER/build_elt_with_dbt.py', '--cfg-path', '/tmp/tmp5xsztusu']
[2026-04-23T22:44:15.403+0000] {standard_task_runner.py:105} INFO - Job 207: Subtask dbt_run
[2026-04-23T22:44:15.403+0000] {logging_mixin.py:190} WARNING - /home/***/.local/lib/python3.12/site-packages/***/task/task_runner/standard_task_runner.py:70 DeprecationWarning: This process (pid=619) is multi-threaded, use of fork() may lead to deadlocks in the child.
[2026-04-23T22:44:15.404+0000] {standard_task_runner.py:72} INFO - Started process 620 to run task
[2026-04-23T22:44:15.419+0000] {task_command.py:467} INFO - Running <TaskInstance: BuildELT_dbt.dbt_run scheduled__2026-04-22T07:30:00+00:00 [running]> on host 2311453635e8
[2026-04-23T22:44:15.452+0000] {taskinstance.py:3131} INFO - Exporting env vars: AIRFLOW_CTX_DAG_OWNER='***' AIRFLOW_CTX_DAG_ID='BuildELT_dbt' AIRFLOW_CTX_TASK_ID='dbt_run' AIRFLOW_CTX_EXECUTION_DATE='2026-04-22T07:30:00+00:00' AIRFLOW_CTX_TRY_NUMBER='1' AIRFLOW_CTX_DAG_RUN_ID='scheduled__2026-04-22T07:30:00+00:00'
[2026-04-23T22:44:15.452+0000] {taskinstance.py:731} INFO - ::endgroup::
[2026-04-23T22:44:15.459+0000] {subprocess.py:63} INFO - Tmp dir root location: /tmp
[2026-04-23T22:44:15.460+0000] {subprocess.py:75} INFO - Running command: ['/usr/bin/bash', '-c', '/home/***/.local/bin/dbt run --profiles-dir /opt/***/dbt --project-dir /opt/***/dbt']
[2026-04-23T22:44:15.463+0000] {subprocess.py:86} INFO - Output:
[2026-04-23T22:44:16.439+0000] {subprocess.py:93} INFO - [0m22:44:16  Running with dbt=1.8.7
[2026-04-23T22:44:16.890+0000] {subprocess.py:93} INFO - [0m22:44:16  Registered adapter: snowflake=1.8.1
[2026-04-23T22:44:17.043+0000] {subprocess.py:93} INFO - [0m22:44:17  Found 3 models, 1 snapshot, 12 data tests, 3 sources, 454 macros
[2026-04-23T22:44:17.045+0000] {subprocess.py:93} INFO - [0m22:44:17
[2026-04-23T22:44:20.779+0000] {subprocess.py:93} INFO - [0m22:44:20  Concurrency: 1 threads (target='dev')
[2026-04-23T22:44:20.780+0000] {subprocess.py:93} INFO - [0m22:44:20
[2026-04-23T22:44:20.796+0000] {subprocess.py:93} INFO - [0m22:44:20  1 of 3 START sql view model analytics.stg_weather_data ......................... [RUN]
[2026-04-23T22:44:21.935+0000] {subprocess.py:93} INFO - [0m22:44:21  1 of 3 OK created sql view model analytics.stg_weather_data .................... [[32mSUCCESS 1[0m in 1.14s]
[2026-04-23T22:44:21.936+0000] {subprocess.py:93} INFO - [0m22:44:21  2 of 3 START sql table model analytics.percent_rainy_days_monthly .............. [RUN]
[2026-04-23T22:44:25.507+0000] {subprocess.py:93} INFO - [0m22:44:25  2 of 3 OK created sql table model analytics.percent_rainy_days_monthly ......... [[32mSUCCESS 1[0m in 3.57s]
[2026-04-23T22:44:25.509+0000] {subprocess.py:93} INFO - [0m22:44:25  3 of 3 START sql table model analytics.weather_weekly_precipitation ............ [RUN]
[2026-04-23T22:44:27.545+0000] {subprocess.py:93} INFO - [0m22:44:27  3 of 3 OK created sql table model analytics.weather_weekly_precipitation ....... [[32mSUCCESS 1[0m in 2.03s]
[2026-04-23T22:44:27.546+0000] {subprocess.py:93} INFO - [0m22:44:27
[2026-04-23T22:44:27.547+0000] {subprocess.py:93} INFO - [0m22:44:27  Finished running 1 view model, 2 table models in 0 hours 0 minutes and 10.50 seconds (10.50s).
[2026-04-23T22:44:27.567+0000] {subprocess.py:93} INFO - [0m22:44:27
[2026-04-23T22:44:27.567+0000] {subprocess.py:93} INFO - [0m22:44:27  [32mCompleted successfully[0m
[2026-04-23T22:44:27.567+0000] {subprocess.py:93} INFO - [0m22:44:27
[2026-04-23T22:44:27.567+0000] {subprocess.py:93} INFO - [0m22:44:27  Done. PASS=3 WARN=0 ERROR=0 SKIP=0 TOTAL=3
[2026-04-23T22:44:28.068+0000] {subprocess.py:97} INFO - Command exited with return code 0
[2026-04-23T22:44:28.086+0000] {taskinstance.py:340} INFO - ::group::Post task execution logs
[2026-04-23T22:44:28.086+0000] {taskinstance.py:352} INFO - Marking task as SUCCESS. dag_id=BuildELT_dbt, task_id=dbt_run, run_id=scheduled__2026-04-22T07:30:00+00:00, execution_date=20260422T073000, start_date=20260423T224415, end_date=20260423T224428
[2026-04-23T22:44:28.103+0000] {local_task_job_runner.py:266} INFO - Task exited with return code 0
[2026-04-23T22:44:28.116+0000] {taskinstance.py:3900} INFO - 1 downstream tasks scheduled from follow-on schedule check
[2026-04-23T22:44:28.117+0000] {local_task_job_runner.py:245} INFO - ::endgroup::
