[2026-04-23T22:44:26.449+0000] {local_task_job_runner.py:123} INFO - ::group::Pre task execution logs
[2026-04-23T22:44:26.454+0000] {taskinstance.py:2612} INFO - Dependencies all met for dep_context=non-requeueable deps ti=<TaskInstance: BuildELT_dbt.dbt_run scheduled__2026-04-22T08:00:00+00:00 [queued]>
[2026-04-23T22:44:26.456+0000] {taskinstance.py:2612} INFO - Dependencies all met for dep_context=requeueable deps ti=<TaskInstance: BuildELT_dbt.dbt_run scheduled__2026-04-22T08:00:00+00:00 [queued]>
[2026-04-23T22:44:26.456+0000] {taskinstance.py:2865} INFO - Starting attempt 1 of 1
[2026-04-23T22:44:26.461+0000] {taskinstance.py:2888} INFO - Executing <Task(BashOperator): dbt_run> on 2026-04-22 08:00:00+00:00
[2026-04-23T22:44:26.464+0000] {standard_task_runner.py:104} INFO - Running: ['***', 'tasks', 'run', 'BuildELT_dbt', 'dbt_run', 'scheduled__2026-04-22T08:00:00+00:00', '--job-id', '208', '--raw', '--subdir', 'DAGS_FOLDER/build_elt_with_dbt.py', '--cfg-path', '/tmp/tmppd7ch0sc']
[2026-04-23T22:44:26.466+0000] {logging_mixin.py:190} WARNING - /home/***/.local/lib/python3.12/site-packages/***/task/task_runner/standard_task_runner.py:70 DeprecationWarning: This process (pid=668) is multi-threaded, use of fork() may lead to deadlocks in the child.
[2026-04-23T22:44:26.466+0000] {standard_task_runner.py:105} INFO - Job 208: Subtask dbt_run
[2026-04-23T22:44:26.466+0000] {standard_task_runner.py:72} INFO - Started process 669 to run task
[2026-04-23T22:44:26.482+0000] {task_command.py:467} INFO - Running <TaskInstance: BuildELT_dbt.dbt_run scheduled__2026-04-22T08:00:00+00:00 [running]> on host 2311453635e8
[2026-04-23T22:44:26.510+0000] {taskinstance.py:3131} INFO - Exporting env vars: AIRFLOW_CTX_DAG_OWNER='***' AIRFLOW_CTX_DAG_ID='BuildELT_dbt' AIRFLOW_CTX_TASK_ID='dbt_run' AIRFLOW_CTX_EXECUTION_DATE='2026-04-22T08:00:00+00:00' AIRFLOW_CTX_TRY_NUMBER='1' AIRFLOW_CTX_DAG_RUN_ID='scheduled__2026-04-22T08:00:00+00:00'
[2026-04-23T22:44:26.510+0000] {taskinstance.py:731} INFO - ::endgroup::
[2026-04-23T22:44:26.517+0000] {subprocess.py:63} INFO - Tmp dir root location: /tmp
[2026-04-23T22:44:26.518+0000] {subprocess.py:75} INFO - Running command: ['/usr/bin/bash', '-c', '/home/***/.local/bin/dbt run --profiles-dir /opt/***/dbt --project-dir /opt/***/dbt']
[2026-04-23T22:44:26.520+0000] {subprocess.py:86} INFO - Output:
[2026-04-23T22:44:27.352+0000] {subprocess.py:93} INFO - [0m22:44:27  Running with dbt=1.8.7
[2026-04-23T22:44:27.752+0000] {subprocess.py:93} INFO - [0m22:44:27  Registered adapter: snowflake=1.8.1
[2026-04-23T22:44:27.891+0000] {subprocess.py:93} INFO - [0m22:44:27  Found 3 models, 1 snapshot, 12 data tests, 3 sources, 454 macros
[2026-04-23T22:44:27.892+0000] {subprocess.py:93} INFO - [0m22:44:27
[2026-04-23T22:44:30.285+0000] {subprocess.py:93} INFO - [0m22:44:30  Concurrency: 1 threads (target='dev')
[2026-04-23T22:44:30.285+0000] {subprocess.py:93} INFO - [0m22:44:30
[2026-04-23T22:44:30.293+0000] {subprocess.py:93} INFO - [0m22:44:30  1 of 3 START sql view model analytics.stg_weather_data ......................... [RUN]
[2026-04-23T22:44:31.178+0000] {subprocess.py:93} INFO - [0m22:44:31  1 of 3 OK created sql view model analytics.stg_weather_data .................... [[32mSUCCESS 1[0m in 0.88s]
[2026-04-23T22:44:31.180+0000] {subprocess.py:93} INFO - [0m22:44:31  2 of 3 START sql table model analytics.percent_rainy_days_monthly .............. [RUN]
[2026-04-23T22:44:32.574+0000] {subprocess.py:93} INFO - [0m22:44:32  2 of 3 OK created sql table model analytics.percent_rainy_days_monthly ......... [[32mSUCCESS 1[0m in 1.39s]
[2026-04-23T22:44:32.575+0000] {subprocess.py:93} INFO - [0m22:44:32  3 of 3 START sql table model analytics.weather_weekly_precipitation ............ [RUN]
[2026-04-23T22:44:34.185+0000] {subprocess.py:93} INFO - [0m22:44:34  3 of 3 OK created sql table model analytics.weather_weekly_precipitation ....... [[32mSUCCESS 1[0m in 1.61s]
[2026-04-23T22:44:34.192+0000] {subprocess.py:93} INFO - [0m22:44:34
[2026-04-23T22:44:34.193+0000] {subprocess.py:93} INFO - [0m22:44:34  Finished running 1 view model, 2 table models in 0 hours 0 minutes and 6.30 seconds (6.30s).
[2026-04-23T22:44:34.227+0000] {subprocess.py:93} INFO - [0m22:44:34
[2026-04-23T22:44:34.228+0000] {subprocess.py:93} INFO - [0m22:44:34  [32mCompleted successfully[0m
[2026-04-23T22:44:34.228+0000] {subprocess.py:93} INFO - [0m22:44:34
[2026-04-23T22:44:34.228+0000] {subprocess.py:93} INFO - [0m22:44:34  Done. PASS=3 WARN=0 ERROR=0 SKIP=0 TOTAL=3
[2026-04-23T22:44:34.730+0000] {subprocess.py:97} INFO - Command exited with return code 0
[2026-04-23T22:44:34.739+0000] {taskinstance.py:340} INFO - ::group::Post task execution logs
[2026-04-23T22:44:34.740+0000] {taskinstance.py:352} INFO - Marking task as SUCCESS. dag_id=BuildELT_dbt, task_id=dbt_run, run_id=scheduled__2026-04-22T08:00:00+00:00, execution_date=20260422T080000, start_date=20260423T224426, end_date=20260423T224434
[2026-04-23T22:44:34.785+0000] {local_task_job_runner.py:266} INFO - Task exited with return code 0
[2026-04-23T22:44:34.795+0000] {taskinstance.py:3900} INFO - 1 downstream tasks scheduled from follow-on schedule check
[2026-04-23T22:44:34.795+0000] {local_task_job_runner.py:245} INFO - ::endgroup::
