[2026-04-24T00:00:09.389+0000] {processor.py:186} INFO - Started process (PID=3715) to work on /opt/airflow/dags/226 - lab 1 - Open Meteo_v2.py
[2026-04-24T00:00:09.390+0000] {processor.py:914} INFO - Processing file /opt/airflow/dags/226 - lab 1 - Open Meteo_v2.py for tasks to queue
[2026-04-24T00:00:09.393+0000] {logging_mixin.py:190} INFO - [2026-04-24T00:00:09.392+0000] {dagbag.py:587} INFO - Filling up the DagBag from /opt/airflow/dags/226 - lab 1 - Open Meteo_v2.py
[2026-04-24T00:00:09.429+0000] {logging_mixin.py:190} INFO - [2026-04-24T00:00:09.428+0000] {base.py:84} INFO - Retrieving connection 'snowflake_conn'
[2026-04-24T00:00:09.429+0000] {logging_mixin.py:190} INFO - [2026-04-24T00:00:09.429+0000] {connection.py:413} INFO - Snowflake Connector for Python Version: 3.12.2, Python Version: 3.12.5, Platform: Linux-6.12.68-linuxkit-aarch64-with-glibc2.36
[2026-04-24T00:00:09.430+0000] {logging_mixin.py:190} INFO - [2026-04-24T00:00:09.430+0000] {connection.py:1196} INFO - Connecting to GLOBAL Snowflake domain
[2026-04-24T00:00:09.430+0000] {logging_mixin.py:190} INFO - [2026-04-24T00:00:09.430+0000] {connection.py:1277} INFO - This connection is in OCSP Fail Open Mode. TLS Certificates would be checked for validity and revocation status. Any other Certificate Revocation related exceptions or OCSP Responder failures would be disregarded in favor of connectivity.
[2026-04-24T00:00:10.645+0000] {processor.py:925} INFO - DAG(s) 'Open_Meteo' retrieved from /opt/airflow/dags/226 - lab 1 - Open Meteo_v2.py
[2026-04-24T00:00:10.723+0000] {logging_mixin.py:190} INFO - [2026-04-24T00:00:10.722+0000] {dag.py:3229} INFO - Sync 1 DAGs
[2026-04-24T00:00:10.736+0000] {logging_mixin.py:190} INFO - [2026-04-24T00:00:10.736+0000] {dag.py:4156} INFO - Setting next_dagrun for Open_Meteo to 2026-04-23 07:30:00+00:00, run_after=2026-04-24 07:30:00+00:00
[2026-04-24T00:00:10.751+0000] {processor.py:208} INFO - Processing /opt/airflow/dags/226 - lab 1 - Open Meteo_v2.py took 1.367 seconds
[2026-04-24T00:00:41.232+0000] {processor.py:186} INFO - Started process (PID=3736) to work on /opt/airflow/dags/226 - lab 1 - Open Meteo_v2.py
[2026-04-24T00:00:41.233+0000] {processor.py:914} INFO - Processing file /opt/airflow/dags/226 - lab 1 - Open Meteo_v2.py for tasks to queue
[2026-04-24T00:00:41.236+0000] {logging_mixin.py:190} INFO - [2026-04-24T00:00:41.236+0000] {dagbag.py:587} INFO - Filling up the DagBag from /opt/airflow/dags/226 - lab 1 - Open Meteo_v2.py
[2026-04-24T00:00:41.261+0000] {logging_mixin.py:190} INFO - [2026-04-24T00:00:41.261+0000] {base.py:84} INFO - Retrieving connection 'snowflake_conn'
[2026-04-24T00:00:41.263+0000] {logging_mixin.py:190} INFO - [2026-04-24T00:00:41.263+0000] {connection.py:413} INFO - Snowflake Connector for Python Version: 3.12.2, Python Version: 3.12.5, Platform: Linux-6.12.68-linuxkit-aarch64-with-glibc2.36
[2026-04-24T00:00:41.264+0000] {logging_mixin.py:190} INFO - [2026-04-24T00:00:41.264+0000] {connection.py:1196} INFO - Connecting to GLOBAL Snowflake domain
[2026-04-24T00:00:41.264+0000] {logging_mixin.py:190} INFO - [2026-04-24T00:00:41.264+0000] {connection.py:1277} INFO - This connection is in OCSP Fail Open Mode. TLS Certificates would be checked for validity and revocation status. Any other Certificate Revocation related exceptions or OCSP Responder failures would be disregarded in favor of connectivity.
[2026-04-24T00:00:45.023+0000] {processor.py:925} INFO - DAG(s) 'Open_Meteo' retrieved from /opt/airflow/dags/226 - lab 1 - Open Meteo_v2.py
[2026-04-24T00:00:45.078+0000] {logging_mixin.py:190} INFO - [2026-04-24T00:00:45.077+0000] {dag.py:3229} INFO - Sync 1 DAGs
[2026-04-24T00:00:45.087+0000] {logging_mixin.py:190} INFO - [2026-04-24T00:00:45.087+0000] {dag.py:4156} INFO - Setting next_dagrun for Open_Meteo to 2026-04-23 07:30:00+00:00, run_after=2026-04-24 07:30:00+00:00
[2026-04-24T00:00:45.094+0000] {processor.py:208} INFO - Processing /opt/airflow/dags/226 - lab 1 - Open Meteo_v2.py took 3.868 seconds
[2026-04-24T00:01:15.775+0000] {processor.py:186} INFO - Started process (PID=3757) to work on /opt/airflow/dags/226 - lab 1 - Open Meteo_v2.py
[2026-04-24T00:01:15.778+0000] {processor.py:914} INFO - Processing file /opt/airflow/dags/226 - lab 1 - Open Meteo_v2.py for tasks to queue
[2026-04-24T00:01:15.784+0000] {logging_mixin.py:190} INFO - [2026-04-24T00:01:15.782+0000] {dagbag.py:587} INFO - Filling up the DagBag from /opt/airflow/dags/226 - lab 1 - Open Meteo_v2.py
[2026-04-24T00:01:15.842+0000] {logging_mixin.py:190} INFO - [2026-04-24T00:01:15.842+0000] {base.py:84} INFO - Retrieving connection 'snowflake_conn'
[2026-04-24T00:01:15.847+0000] {logging_mixin.py:190} INFO - [2026-04-24T00:01:15.847+0000] {connection.py:413} INFO - Snowflake Connector for Python Version: 3.12.2, Python Version: 3.12.5, Platform: Linux-6.12.68-linuxkit-aarch64-with-glibc2.36
[2026-04-24T00:01:15.850+0000] {logging_mixin.py:190} INFO - [2026-04-24T00:01:15.849+0000] {connection.py:1196} INFO - Connecting to GLOBAL Snowflake domain
[2026-04-24T00:01:15.850+0000] {logging_mixin.py:190} INFO - [2026-04-24T00:01:15.850+0000] {connection.py:1277} INFO - This connection is in OCSP Fail Open Mode. TLS Certificates would be checked for validity and revocation status. Any other Certificate Revocation related exceptions or OCSP Responder failures would be disregarded in favor of connectivity.
[2026-04-24T00:01:16.681+0000] {processor.py:925} INFO - DAG(s) 'Open_Meteo' retrieved from /opt/airflow/dags/226 - lab 1 - Open Meteo_v2.py
[2026-04-24T00:01:16.716+0000] {logging_mixin.py:190} INFO - [2026-04-24T00:01:16.716+0000] {dag.py:3229} INFO - Sync 1 DAGs
[2026-04-24T00:01:16.724+0000] {logging_mixin.py:190} INFO - [2026-04-24T00:01:16.724+0000] {dag.py:4156} INFO - Setting next_dagrun for Open_Meteo to 2026-04-23 07:30:00+00:00, run_after=2026-04-24 07:30:00+00:00
[2026-04-24T00:01:16.730+0000] {processor.py:208} INFO - Processing /opt/airflow/dags/226 - lab 1 - Open Meteo_v2.py took 0.969 seconds
[2026-04-24T00:01:47.069+0000] {processor.py:186} INFO - Started process (PID=3778) to work on /opt/airflow/dags/226 - lab 1 - Open Meteo_v2.py
[2026-04-24T00:01:47.070+0000] {processor.py:914} INFO - Processing file /opt/airflow/dags/226 - lab 1 - Open Meteo_v2.py for tasks to queue
[2026-04-24T00:01:47.073+0000] {logging_mixin.py:190} INFO - [2026-04-24T00:01:47.073+0000] {dagbag.py:587} INFO - Filling up the DagBag from /opt/airflow/dags/226 - lab 1 - Open Meteo_v2.py
[2026-04-24T00:01:47.106+0000] {logging_mixin.py:190} INFO - [2026-04-24T00:01:47.106+0000] {base.py:84} INFO - Retrieving connection 'snowflake_conn'
[2026-04-24T00:01:47.107+0000] {logging_mixin.py:190} INFO - [2026-04-24T00:01:47.107+0000] {connection.py:413} INFO - Snowflake Connector for Python Version: 3.12.2, Python Version: 3.12.5, Platform: Linux-6.12.68-linuxkit-aarch64-with-glibc2.36
[2026-04-24T00:01:47.108+0000] {logging_mixin.py:190} INFO - [2026-04-24T00:01:47.108+0000] {connection.py:1196} INFO - Connecting to GLOBAL Snowflake domain
[2026-04-24T00:01:47.108+0000] {logging_mixin.py:190} INFO - [2026-04-24T00:01:47.108+0000] {connection.py:1277} INFO - This connection is in OCSP Fail Open Mode. TLS Certificates would be checked for validity and revocation status. Any other Certificate Revocation related exceptions or OCSP Responder failures would be disregarded in favor of connectivity.
[2026-04-24T00:01:47.704+0000] {processor.py:925} INFO - DAG(s) 'Open_Meteo' retrieved from /opt/airflow/dags/226 - lab 1 - Open Meteo_v2.py
[2026-04-24T00:01:47.771+0000] {logging_mixin.py:190} INFO - [2026-04-24T00:01:47.771+0000] {dag.py:3229} INFO - Sync 1 DAGs
[2026-04-24T00:01:47.785+0000] {logging_mixin.py:190} INFO - [2026-04-24T00:01:47.785+0000] {dag.py:4156} INFO - Setting next_dagrun for Open_Meteo to 2026-04-23 07:30:00+00:00, run_after=2026-04-24 07:30:00+00:00
[2026-04-24T00:01:47.796+0000] {processor.py:208} INFO - Processing /opt/airflow/dags/226 - lab 1 - Open Meteo_v2.py took 0.732 seconds
[2026-04-24T00:02:18.218+0000] {processor.py:186} INFO - Started process (PID=3799) to work on /opt/airflow/dags/226 - lab 1 - Open Meteo_v2.py
[2026-04-24T00:02:18.220+0000] {processor.py:914} INFO - Processing file /opt/airflow/dags/226 - lab 1 - Open Meteo_v2.py for tasks to queue
[2026-04-24T00:02:18.221+0000] {logging_mixin.py:190} INFO - [2026-04-24T00:02:18.221+0000] {dagbag.py:587} INFO - Filling up the DagBag from /opt/airflow/dags/226 - lab 1 - Open Meteo_v2.py
[2026-04-24T00:02:18.243+0000] {logging_mixin.py:190} INFO - [2026-04-24T00:02:18.243+0000] {base.py:84} INFO - Retrieving connection 'snowflake_conn'
[2026-04-24T00:02:18.243+0000] {logging_mixin.py:190} INFO - [2026-04-24T00:02:18.243+0000] {connection.py:413} INFO - Snowflake Connector for Python Version: 3.12.2, Python Version: 3.12.5, Platform: Linux-6.12.68-linuxkit-aarch64-with-glibc2.36
[2026-04-24T00:02:18.244+0000] {logging_mixin.py:190} INFO - [2026-04-24T00:02:18.244+0000] {connection.py:1196} INFO - Connecting to GLOBAL Snowflake domain
[2026-04-24T00:02:18.244+0000] {logging_mixin.py:190} INFO - [2026-04-24T00:02:18.244+0000] {connection.py:1277} INFO - This connection is in OCSP Fail Open Mode. TLS Certificates would be checked for validity and revocation status. Any other Certificate Revocation related exceptions or OCSP Responder failures would be disregarded in favor of connectivity.
[2026-04-24T00:02:18.784+0000] {processor.py:925} INFO - DAG(s) 'Open_Meteo' retrieved from /opt/airflow/dags/226 - lab 1 - Open Meteo_v2.py
[2026-04-24T00:02:18.846+0000] {logging_mixin.py:190} INFO - [2026-04-24T00:02:18.845+0000] {dag.py:3229} INFO - Sync 1 DAGs
[2026-04-24T00:02:18.857+0000] {logging_mixin.py:190} INFO - [2026-04-24T00:02:18.857+0000] {dag.py:4156} INFO - Setting next_dagrun for Open_Meteo to 2026-04-23 07:30:00+00:00, run_after=2026-04-24 07:30:00+00:00
[2026-04-24T00:02:18.866+0000] {processor.py:208} INFO - Processing /opt/airflow/dags/226 - lab 1 - Open Meteo_v2.py took 0.651 seconds
[2026-04-24T00:02:49.688+0000] {processor.py:186} INFO - Started process (PID=3820) to work on /opt/airflow/dags/226 - lab 1 - Open Meteo_v2.py
[2026-04-24T00:02:49.690+0000] {processor.py:914} INFO - Processing file /opt/airflow/dags/226 - lab 1 - Open Meteo_v2.py for tasks to queue
[2026-04-24T00:02:49.692+0000] {logging_mixin.py:190} INFO - [2026-04-24T00:02:49.691+0000] {dagbag.py:587} INFO - Filling up the DagBag from /opt/airflow/dags/226 - lab 1 - Open Meteo_v2.py
[2026-04-24T00:02:49.714+0000] {logging_mixin.py:190} INFO - [2026-04-24T00:02:49.714+0000] {base.py:84} INFO - Retrieving connection 'snowflake_conn'
[2026-04-24T00:02:49.715+0000] {logging_mixin.py:190} INFO - [2026-04-24T00:02:49.715+0000] {connection.py:413} INFO - Snowflake Connector for Python Version: 3.12.2, Python Version: 3.12.5, Platform: Linux-6.12.68-linuxkit-aarch64-with-glibc2.36
[2026-04-24T00:02:49.715+0000] {logging_mixin.py:190} INFO - [2026-04-24T00:02:49.715+0000] {connection.py:1196} INFO - Connecting to GLOBAL Snowflake domain
[2026-04-24T00:02:49.716+0000] {logging_mixin.py:190} INFO - [2026-04-24T00:02:49.716+0000] {connection.py:1277} INFO - This connection is in OCSP Fail Open Mode. TLS Certificates would be checked for validity and revocation status. Any other Certificate Revocation related exceptions or OCSP Responder failures would be disregarded in favor of connectivity.
[2026-04-24T00:02:50.231+0000] {processor.py:925} INFO - DAG(s) 'Open_Meteo' retrieved from /opt/airflow/dags/226 - lab 1 - Open Meteo_v2.py
[2026-04-24T00:02:50.289+0000] {logging_mixin.py:190} INFO - [2026-04-24T00:02:50.288+0000] {dag.py:3229} INFO - Sync 1 DAGs
[2026-04-24T00:02:50.298+0000] {logging_mixin.py:190} INFO - [2026-04-24T00:02:50.298+0000] {dag.py:4156} INFO - Setting next_dagrun for Open_Meteo to 2026-04-23 07:30:00+00:00, run_after=2026-04-24 07:30:00+00:00
[2026-04-24T00:02:50.305+0000] {processor.py:208} INFO - Processing /opt/airflow/dags/226 - lab 1 - Open Meteo_v2.py took 0.620 seconds
[2026-04-24T00:03:21.273+0000] {processor.py:186} INFO - Started process (PID=3841) to work on /opt/airflow/dags/226 - lab 1 - Open Meteo_v2.py
[2026-04-24T00:03:21.276+0000] {processor.py:914} INFO - Processing file /opt/airflow/dags/226 - lab 1 - Open Meteo_v2.py for tasks to queue
[2026-04-24T00:03:21.277+0000] {logging_mixin.py:190} INFO - [2026-04-24T00:03:21.277+0000] {dagbag.py:587} INFO - Filling up the DagBag from /opt/airflow/dags/226 - lab 1 - Open Meteo_v2.py
[2026-04-24T00:03:21.303+0000] {logging_mixin.py:190} INFO - [2026-04-24T00:03:21.303+0000] {base.py:84} INFO - Retrieving connection 'snowflake_conn'
[2026-04-24T00:03:21.305+0000] {logging_mixin.py:190} INFO - [2026-04-24T00:03:21.305+0000] {connection.py:413} INFO - Snowflake Connector for Python Version: 3.12.2, Python Version: 3.12.5, Platform: Linux-6.12.68-linuxkit-aarch64-with-glibc2.36
[2026-04-24T00:03:21.306+0000] {logging_mixin.py:190} INFO - [2026-04-24T00:03:21.305+0000] {connection.py:1196} INFO - Connecting to GLOBAL Snowflake domain
[2026-04-24T00:03:21.306+0000] {logging_mixin.py:190} INFO - [2026-04-24T00:03:21.306+0000] {connection.py:1277} INFO - This connection is in OCSP Fail Open Mode. TLS Certificates would be checked for validity and revocation status. Any other Certificate Revocation related exceptions or OCSP Responder failures would be disregarded in favor of connectivity.
[2026-04-24T00:03:21.949+0000] {processor.py:925} INFO - DAG(s) 'Open_Meteo' retrieved from /opt/airflow/dags/226 - lab 1 - Open Meteo_v2.py
[2026-04-24T00:03:22.037+0000] {logging_mixin.py:190} INFO - [2026-04-24T00:03:22.037+0000] {dag.py:3229} INFO - Sync 1 DAGs
[2026-04-24T00:03:22.054+0000] {logging_mixin.py:190} INFO - [2026-04-24T00:03:22.054+0000] {dag.py:4156} INFO - Setting next_dagrun for Open_Meteo to 2026-04-23 07:30:00+00:00, run_after=2026-04-24 07:30:00+00:00
[2026-04-24T00:03:22.065+0000] {processor.py:208} INFO - Processing /opt/airflow/dags/226 - lab 1 - Open Meteo_v2.py took 0.798 seconds
[2026-04-24T01:53:46.436+0000] {processor.py:186} INFO - Started process (PID=3873) to work on /opt/airflow/dags/226 - lab 1 - Open Meteo_v2.py
[2026-04-24T01:53:46.438+0000] {processor.py:914} INFO - Processing file /opt/airflow/dags/226 - lab 1 - Open Meteo_v2.py for tasks to queue
[2026-04-24T01:53:46.440+0000] {logging_mixin.py:190} INFO - [2026-04-24T01:53:46.440+0000] {dagbag.py:587} INFO - Filling up the DagBag from /opt/airflow/dags/226 - lab 1 - Open Meteo_v2.py
[2026-04-24T01:53:46.479+0000] {logging_mixin.py:190} INFO - [2026-04-24T01:53:46.479+0000] {base.py:84} INFO - Retrieving connection 'snowflake_conn'
[2026-04-24T01:53:46.482+0000] {logging_mixin.py:190} INFO - [2026-04-24T01:53:46.482+0000] {connection.py:413} INFO - Snowflake Connector for Python Version: 3.12.2, Python Version: 3.12.5, Platform: Linux-6.12.68-linuxkit-aarch64-with-glibc2.36
[2026-04-24T01:53:46.484+0000] {logging_mixin.py:190} INFO - [2026-04-24T01:53:46.484+0000] {connection.py:1196} INFO - Connecting to GLOBAL Snowflake domain
[2026-04-24T01:53:46.485+0000] {logging_mixin.py:190} INFO - [2026-04-24T01:53:46.485+0000] {connection.py:1277} INFO - This connection is in OCSP Fail Open Mode. TLS Certificates would be checked for validity and revocation status. Any other Certificate Revocation related exceptions or OCSP Responder failures would be disregarded in favor of connectivity.
