[2026-04-24T00:00:09.388+0000] {processor.py:186} INFO - Started process (PID=3712) to work on /opt/airflow/dags/226 - lab 1 - ML Forcast_v2.py
[2026-04-24T00:00:09.389+0000] {processor.py:914} INFO - Processing file /opt/airflow/dags/226 - lab 1 - ML Forcast_v2.py for tasks to queue
[2026-04-24T00:00:09.393+0000] {logging_mixin.py:190} INFO - [2026-04-24T00:00:09.393+0000] {dagbag.py:587} INFO - Filling up the DagBag from /opt/airflow/dags/226 - lab 1 - ML Forcast_v2.py
[2026-04-24T00:00:09.418+0000] {logging_mixin.py:190} INFO - [2026-04-24T00:00:09.417+0000] {base.py:84} INFO - Retrieving connection 'snowflake_conn'
[2026-04-24T00:00:09.419+0000] {logging_mixin.py:190} INFO - [2026-04-24T00:00:09.419+0000] {connection.py:413} INFO - Snowflake Connector for Python Version: 3.12.2, Python Version: 3.12.5, Platform: Linux-6.12.68-linuxkit-aarch64-with-glibc2.36
[2026-04-24T00:00:09.421+0000] {logging_mixin.py:190} INFO - [2026-04-24T00:00:09.421+0000] {connection.py:1196} INFO - Connecting to GLOBAL Snowflake domain
[2026-04-24T00:00:09.421+0000] {logging_mixin.py:190} INFO - [2026-04-24T00:00:09.421+0000] {connection.py:1277} INFO - This connection is in OCSP Fail Open Mode. TLS Certificates would be checked for validity and revocation status. Any other Certificate Revocation related exceptions or OCSP Responder failures would be disregarded in favor of connectivity.
[2026-04-24T00:00:10.698+0000] {processor.py:925} INFO - DAG(s) 'ML_forecast' retrieved from /opt/airflow/dags/226 - lab 1 - ML Forcast_v2.py
[2026-04-24T00:00:10.762+0000] {logging_mixin.py:190} INFO - [2026-04-24T00:00:10.762+0000] {dag.py:3229} INFO - Sync 1 DAGs
[2026-04-24T00:00:10.769+0000] {logging_mixin.py:190} INFO - [2026-04-24T00:00:10.769+0000] {dag.py:4156} INFO - Setting next_dagrun for ML_forecast to 2026-04-22 07:30:00+00:00, run_after=2026-04-23 07:30:00+00:00
[2026-04-24T00:00:10.776+0000] {processor.py:208} INFO - Processing /opt/airflow/dags/226 - lab 1 - ML Forcast_v2.py took 1.398 seconds
[2026-04-24T00:00:41.228+0000] {processor.py:186} INFO - Started process (PID=3733) to work on /opt/airflow/dags/226 - lab 1 - ML Forcast_v2.py
[2026-04-24T00:00:41.229+0000] {processor.py:914} INFO - Processing file /opt/airflow/dags/226 - lab 1 - ML Forcast_v2.py for tasks to queue
[2026-04-24T00:00:41.232+0000] {logging_mixin.py:190} INFO - [2026-04-24T00:00:41.232+0000] {dagbag.py:587} INFO - Filling up the DagBag from /opt/airflow/dags/226 - lab 1 - ML Forcast_v2.py
[2026-04-24T00:00:41.255+0000] {logging_mixin.py:190} INFO - [2026-04-24T00:00:41.255+0000] {base.py:84} INFO - Retrieving connection 'snowflake_conn'
[2026-04-24T00:00:41.256+0000] {logging_mixin.py:190} INFO - [2026-04-24T00:00:41.256+0000] {connection.py:413} INFO - Snowflake Connector for Python Version: 3.12.2, Python Version: 3.12.5, Platform: Linux-6.12.68-linuxkit-aarch64-with-glibc2.36
[2026-04-24T00:00:41.257+0000] {logging_mixin.py:190} INFO - [2026-04-24T00:00:41.257+0000] {connection.py:1196} INFO - Connecting to GLOBAL Snowflake domain
[2026-04-24T00:00:41.259+0000] {logging_mixin.py:190} INFO - [2026-04-24T00:00:41.259+0000] {connection.py:1277} INFO - This connection is in OCSP Fail Open Mode. TLS Certificates would be checked for validity and revocation status. Any other Certificate Revocation related exceptions or OCSP Responder failures would be disregarded in favor of connectivity.
[2026-04-24T00:00:45.279+0000] {processor.py:925} INFO - DAG(s) 'ML_forecast' retrieved from /opt/airflow/dags/226 - lab 1 - ML Forcast_v2.py
[2026-04-24T00:00:45.327+0000] {logging_mixin.py:190} INFO - [2026-04-24T00:00:45.327+0000] {dag.py:3229} INFO - Sync 1 DAGs
[2026-04-24T00:00:45.335+0000] {logging_mixin.py:190} INFO - [2026-04-24T00:00:45.335+0000] {dag.py:4156} INFO - Setting next_dagrun for ML_forecast to 2026-04-22 07:30:00+00:00, run_after=2026-04-23 07:30:00+00:00
[2026-04-24T00:00:45.341+0000] {processor.py:208} INFO - Processing /opt/airflow/dags/226 - lab 1 - ML Forcast_v2.py took 4.122 seconds
[2026-04-24T00:01:15.774+0000] {processor.py:186} INFO - Started process (PID=3754) to work on /opt/airflow/dags/226 - lab 1 - ML Forcast_v2.py
[2026-04-24T00:01:15.776+0000] {processor.py:914} INFO - Processing file /opt/airflow/dags/226 - lab 1 - ML Forcast_v2.py for tasks to queue
[2026-04-24T00:01:15.785+0000] {logging_mixin.py:190} INFO - [2026-04-24T00:01:15.782+0000] {dagbag.py:587} INFO - Filling up the DagBag from /opt/airflow/dags/226 - lab 1 - ML Forcast_v2.py
[2026-04-24T00:01:15.832+0000] {logging_mixin.py:190} INFO - [2026-04-24T00:01:15.832+0000] {base.py:84} INFO - Retrieving connection 'snowflake_conn'
[2026-04-24T00:01:15.835+0000] {logging_mixin.py:190} INFO - [2026-04-24T00:01:15.835+0000] {connection.py:413} INFO - Snowflake Connector for Python Version: 3.12.2, Python Version: 3.12.5, Platform: Linux-6.12.68-linuxkit-aarch64-with-glibc2.36
[2026-04-24T00:01:15.837+0000] {logging_mixin.py:190} INFO - [2026-04-24T00:01:15.837+0000] {connection.py:1196} INFO - Connecting to GLOBAL Snowflake domain
[2026-04-24T00:01:15.838+0000] {logging_mixin.py:190} INFO - [2026-04-24T00:01:15.838+0000] {connection.py:1277} INFO - This connection is in OCSP Fail Open Mode. TLS Certificates would be checked for validity and revocation status. Any other Certificate Revocation related exceptions or OCSP Responder failures would be disregarded in favor of connectivity.
[2026-04-24T00:01:16.548+0000] {processor.py:925} INFO - DAG(s) 'ML_forecast' retrieved from /opt/airflow/dags/226 - lab 1 - ML Forcast_v2.py
[2026-04-24T00:01:16.612+0000] {logging_mixin.py:190} INFO - [2026-04-24T00:01:16.612+0000] {dag.py:3229} INFO - Sync 1 DAGs
[2026-04-24T00:01:16.627+0000] {logging_mixin.py:190} INFO - [2026-04-24T00:01:16.627+0000] {dag.py:4156} INFO - Setting next_dagrun for ML_forecast to 2026-04-22 07:30:00+00:00, run_after=2026-04-23 07:30:00+00:00
[2026-04-24T00:01:16.636+0000] {processor.py:208} INFO - Processing /opt/airflow/dags/226 - lab 1 - ML Forcast_v2.py took 0.888 seconds
[2026-04-24T00:01:47.068+0000] {processor.py:186} INFO - Started process (PID=3775) to work on /opt/airflow/dags/226 - lab 1 - ML Forcast_v2.py
[2026-04-24T00:01:47.069+0000] {processor.py:914} INFO - Processing file /opt/airflow/dags/226 - lab 1 - ML Forcast_v2.py for tasks to queue
[2026-04-24T00:01:47.073+0000] {logging_mixin.py:190} INFO - [2026-04-24T00:01:47.073+0000] {dagbag.py:587} INFO - Filling up the DagBag from /opt/airflow/dags/226 - lab 1 - ML Forcast_v2.py
[2026-04-24T00:01:47.096+0000] {logging_mixin.py:190} INFO - [2026-04-24T00:01:47.096+0000] {base.py:84} INFO - Retrieving connection 'snowflake_conn'
[2026-04-24T00:01:47.098+0000] {logging_mixin.py:190} INFO - [2026-04-24T00:01:47.098+0000] {connection.py:413} INFO - Snowflake Connector for Python Version: 3.12.2, Python Version: 3.12.5, Platform: Linux-6.12.68-linuxkit-aarch64-with-glibc2.36
[2026-04-24T00:01:47.099+0000] {logging_mixin.py:190} INFO - [2026-04-24T00:01:47.099+0000] {connection.py:1196} INFO - Connecting to GLOBAL Snowflake domain
[2026-04-24T00:01:47.100+0000] {logging_mixin.py:190} INFO - [2026-04-24T00:01:47.100+0000] {connection.py:1277} INFO - This connection is in OCSP Fail Open Mode. TLS Certificates would be checked for validity and revocation status. Any other Certificate Revocation related exceptions or OCSP Responder failures would be disregarded in favor of connectivity.
[2026-04-24T00:01:47.668+0000] {processor.py:925} INFO - DAG(s) 'ML_forecast' retrieved from /opt/airflow/dags/226 - lab 1 - ML Forcast_v2.py
[2026-04-24T00:01:47.763+0000] {logging_mixin.py:190} INFO - [2026-04-24T00:01:47.762+0000] {dag.py:3229} INFO - Sync 1 DAGs
[2026-04-24T00:01:47.778+0000] {logging_mixin.py:190} INFO - [2026-04-24T00:01:47.778+0000] {dag.py:4156} INFO - Setting next_dagrun for ML_forecast to 2026-04-22 07:30:00+00:00, run_after=2026-04-23 07:30:00+00:00
[2026-04-24T00:01:47.793+0000] {processor.py:208} INFO - Processing /opt/airflow/dags/226 - lab 1 - ML Forcast_v2.py took 0.733 seconds
[2026-04-24T00:02:18.213+0000] {processor.py:186} INFO - Started process (PID=3796) to work on /opt/airflow/dags/226 - lab 1 - ML Forcast_v2.py
[2026-04-24T00:02:18.214+0000] {processor.py:914} INFO - Processing file /opt/airflow/dags/226 - lab 1 - ML Forcast_v2.py for tasks to queue
[2026-04-24T00:02:18.215+0000] {logging_mixin.py:190} INFO - [2026-04-24T00:02:18.215+0000] {dagbag.py:587} INFO - Filling up the DagBag from /opt/airflow/dags/226 - lab 1 - ML Forcast_v2.py
[2026-04-24T00:02:18.231+0000] {logging_mixin.py:190} INFO - [2026-04-24T00:02:18.231+0000] {base.py:84} INFO - Retrieving connection 'snowflake_conn'
[2026-04-24T00:02:18.232+0000] {logging_mixin.py:190} INFO - [2026-04-24T00:02:18.232+0000] {connection.py:413} INFO - Snowflake Connector for Python Version: 3.12.2, Python Version: 3.12.5, Platform: Linux-6.12.68-linuxkit-aarch64-with-glibc2.36
[2026-04-24T00:02:18.233+0000] {logging_mixin.py:190} INFO - [2026-04-24T00:02:18.233+0000] {connection.py:1196} INFO - Connecting to GLOBAL Snowflake domain
[2026-04-24T00:02:18.235+0000] {logging_mixin.py:190} INFO - [2026-04-24T00:02:18.233+0000] {connection.py:1277} INFO - This connection is in OCSP Fail Open Mode. TLS Certificates would be checked for validity and revocation status. Any other Certificate Revocation related exceptions or OCSP Responder failures would be disregarded in favor of connectivity.
[2026-04-24T00:02:18.783+0000] {processor.py:925} INFO - DAG(s) 'ML_forecast' retrieved from /opt/airflow/dags/226 - lab 1 - ML Forcast_v2.py
[2026-04-24T00:02:18.845+0000] {logging_mixin.py:190} INFO - [2026-04-24T00:02:18.845+0000] {dag.py:3229} INFO - Sync 1 DAGs
[2026-04-24T00:02:18.856+0000] {logging_mixin.py:190} INFO - [2026-04-24T00:02:18.856+0000] {dag.py:4156} INFO - Setting next_dagrun for ML_forecast to 2026-04-22 07:30:00+00:00, run_after=2026-04-23 07:30:00+00:00
[2026-04-24T00:02:18.866+0000] {processor.py:208} INFO - Processing /opt/airflow/dags/226 - lab 1 - ML Forcast_v2.py took 0.657 seconds
[2026-04-24T00:02:49.684+0000] {processor.py:186} INFO - Started process (PID=3817) to work on /opt/airflow/dags/226 - lab 1 - ML Forcast_v2.py
[2026-04-24T00:02:49.685+0000] {processor.py:914} INFO - Processing file /opt/airflow/dags/226 - lab 1 - ML Forcast_v2.py for tasks to queue
[2026-04-24T00:02:49.686+0000] {logging_mixin.py:190} INFO - [2026-04-24T00:02:49.686+0000] {dagbag.py:587} INFO - Filling up the DagBag from /opt/airflow/dags/226 - lab 1 - ML Forcast_v2.py
[2026-04-24T00:02:49.702+0000] {logging_mixin.py:190} INFO - [2026-04-24T00:02:49.702+0000] {base.py:84} INFO - Retrieving connection 'snowflake_conn'
[2026-04-24T00:02:49.703+0000] {logging_mixin.py:190} INFO - [2026-04-24T00:02:49.703+0000] {connection.py:413} INFO - Snowflake Connector for Python Version: 3.12.2, Python Version: 3.12.5, Platform: Linux-6.12.68-linuxkit-aarch64-with-glibc2.36
[2026-04-24T00:02:49.705+0000] {logging_mixin.py:190} INFO - [2026-04-24T00:02:49.705+0000] {connection.py:1196} INFO - Connecting to GLOBAL Snowflake domain
[2026-04-24T00:02:49.705+0000] {logging_mixin.py:190} INFO - [2026-04-24T00:02:49.705+0000] {connection.py:1277} INFO - This connection is in OCSP Fail Open Mode. TLS Certificates would be checked for validity and revocation status. Any other Certificate Revocation related exceptions or OCSP Responder failures would be disregarded in favor of connectivity.
[2026-04-24T00:02:50.852+0000] {processor.py:925} INFO - DAG(s) 'ML_forecast' retrieved from /opt/airflow/dags/226 - lab 1 - ML Forcast_v2.py
[2026-04-24T00:02:50.901+0000] {logging_mixin.py:190} INFO - [2026-04-24T00:02:50.901+0000] {dag.py:3229} INFO - Sync 1 DAGs
[2026-04-24T00:02:50.910+0000] {logging_mixin.py:190} INFO - [2026-04-24T00:02:50.909+0000] {dag.py:4156} INFO - Setting next_dagrun for ML_forecast to 2026-04-22 07:30:00+00:00, run_after=2026-04-23 07:30:00+00:00
[2026-04-24T00:02:50.916+0000] {processor.py:208} INFO - Processing /opt/airflow/dags/226 - lab 1 - ML Forcast_v2.py took 1.237 seconds
[2026-04-24T00:03:21.273+0000] {processor.py:186} INFO - Started process (PID=3838) to work on /opt/airflow/dags/226 - lab 1 - ML Forcast_v2.py
[2026-04-24T00:03:21.275+0000] {processor.py:914} INFO - Processing file /opt/airflow/dags/226 - lab 1 - ML Forcast_v2.py for tasks to queue
[2026-04-24T00:03:21.278+0000] {logging_mixin.py:190} INFO - [2026-04-24T00:03:21.278+0000] {dagbag.py:587} INFO - Filling up the DagBag from /opt/airflow/dags/226 - lab 1 - ML Forcast_v2.py
[2026-04-24T00:03:21.296+0000] {logging_mixin.py:190} INFO - [2026-04-24T00:03:21.296+0000] {base.py:84} INFO - Retrieving connection 'snowflake_conn'
[2026-04-24T00:03:21.297+0000] {logging_mixin.py:190} INFO - [2026-04-24T00:03:21.297+0000] {connection.py:413} INFO - Snowflake Connector for Python Version: 3.12.2, Python Version: 3.12.5, Platform: Linux-6.12.68-linuxkit-aarch64-with-glibc2.36
[2026-04-24T00:03:21.299+0000] {logging_mixin.py:190} INFO - [2026-04-24T00:03:21.299+0000] {connection.py:1196} INFO - Connecting to GLOBAL Snowflake domain
[2026-04-24T00:03:21.299+0000] {logging_mixin.py:190} INFO - [2026-04-24T00:03:21.299+0000] {connection.py:1277} INFO - This connection is in OCSP Fail Open Mode. TLS Certificates would be checked for validity and revocation status. Any other Certificate Revocation related exceptions or OCSP Responder failures would be disregarded in favor of connectivity.
[2026-04-24T00:03:21.949+0000] {processor.py:925} INFO - DAG(s) 'ML_forecast' retrieved from /opt/airflow/dags/226 - lab 1 - ML Forcast_v2.py
[2026-04-24T00:03:22.038+0000] {logging_mixin.py:190} INFO - [2026-04-24T00:03:22.038+0000] {dag.py:3229} INFO - Sync 1 DAGs
[2026-04-24T00:03:22.054+0000] {logging_mixin.py:190} INFO - [2026-04-24T00:03:22.053+0000] {dag.py:4156} INFO - Setting next_dagrun for ML_forecast to 2026-04-22 07:30:00+00:00, run_after=2026-04-23 07:30:00+00:00
[2026-04-24T00:03:22.066+0000] {processor.py:208} INFO - Processing /opt/airflow/dags/226 - lab 1 - ML Forcast_v2.py took 0.799 seconds
[2026-04-24T01:53:46.177+0000] {processor.py:186} INFO - Started process (PID=3866) to work on /opt/airflow/dags/226 - lab 1 - ML Forcast_v2.py
[2026-04-24T01:53:46.181+0000] {processor.py:914} INFO - Processing file /opt/airflow/dags/226 - lab 1 - ML Forcast_v2.py for tasks to queue
[2026-04-24T01:53:46.194+0000] {logging_mixin.py:190} INFO - [2026-04-24T01:53:46.192+0000] {dagbag.py:587} INFO - Filling up the DagBag from /opt/airflow/dags/226 - lab 1 - ML Forcast_v2.py
[2026-04-24T01:53:46.262+0000] {logging_mixin.py:190} INFO - [2026-04-24T01:53:46.261+0000] {base.py:84} INFO - Retrieving connection 'snowflake_conn'
[2026-04-24T01:53:46.267+0000] {logging_mixin.py:190} INFO - [2026-04-24T01:53:46.266+0000] {connection.py:413} INFO - Snowflake Connector for Python Version: 3.12.2, Python Version: 3.12.5, Platform: Linux-6.12.68-linuxkit-aarch64-with-glibc2.36
[2026-04-24T01:53:46.271+0000] {logging_mixin.py:190} INFO - [2026-04-24T01:53:46.270+0000] {connection.py:1196} INFO - Connecting to GLOBAL Snowflake domain
[2026-04-24T01:53:46.272+0000] {logging_mixin.py:190} INFO - [2026-04-24T01:53:46.271+0000] {connection.py:1277} INFO - This connection is in OCSP Fail Open Mode. TLS Certificates would be checked for validity and revocation status. Any other Certificate Revocation related exceptions or OCSP Responder failures would be disregarded in favor of connectivity.
