[2026-03-05T07:57:44.583+0000] {local_task_job_runner.py:123} INFO - ::group::Pre task execution logs
[2026-03-05T07:57:44.590+0000] {taskinstance.py:2612} INFO - Dependencies all met for dep_context=non-requeueable deps ti=<TaskInstance: Open_Meteo.get_past_60_days_weather__1 manual__2026-03-05T07:57:42.890733+00:00 [queued]>
[2026-03-05T07:57:44.595+0000] {taskinstance.py:2612} INFO - Dependencies all met for dep_context=requeueable deps ti=<TaskInstance: Open_Meteo.get_past_60_days_weather__1 manual__2026-03-05T07:57:42.890733+00:00 [queued]>
[2026-03-05T07:57:44.596+0000] {taskinstance.py:2865} INFO - Starting attempt 1 of 1
[2026-03-05T07:57:44.602+0000] {taskinstance.py:2888} INFO - Executing <Task(_PythonDecoratedOperator): get_past_60_days_weather__1> on 2026-03-05 07:57:42.890733+00:00
[2026-03-05T07:57:44.607+0000] {standard_task_runner.py:104} INFO - Running: ['***', 'tasks', 'run', 'Open_Meteo', 'get_past_60_days_weather__1', 'manual__2026-03-05T07:57:42.890733+00:00', '--job-id', '39', '--raw', '--subdir', 'DAGS_FOLDER/226 - lab 1 - Open Meteo_v2.py', '--cfg-path', '/tmp/tmpq8kg_1ae']
[2026-03-05T07:57:44.608+0000] {standard_task_runner.py:105} INFO - Job 39: Subtask get_past_60_days_weather__1
[2026-03-05T07:57:44.608+0000] {logging_mixin.py:190} WARNING - /home/***/.local/lib/python3.12/site-packages/***/task/task_runner/standard_task_runner.py:70 DeprecationWarning: This process (pid=240) is multi-threaded, use of fork() may lead to deadlocks in the child.
[2026-03-05T07:57:44.609+0000] {standard_task_runner.py:72} INFO - Started process 246 to run task
[2026-03-05T07:57:44.628+0000] {task_command.py:467} INFO - Running <TaskInstance: Open_Meteo.get_past_60_days_weather__1 manual__2026-03-05T07:57:42.890733+00:00 [running]> on host 1d38eee2b72b
[2026-03-05T07:57:44.660+0000] {taskinstance.py:3131} INFO - Exporting env vars: AIRFLOW_CTX_DAG_OWNER='***' AIRFLOW_CTX_DAG_ID='Open_Meteo' AIRFLOW_CTX_TASK_ID='get_past_60_days_weather__1' AIRFLOW_CTX_EXECUTION_DATE='2026-03-05T07:57:42.890733+00:00' AIRFLOW_CTX_TRY_NUMBER='1' AIRFLOW_CTX_DAG_RUN_ID='manual__2026-03-05T07:57:42.890733+00:00'
[2026-03-05T07:57:44.660+0000] {taskinstance.py:731} INFO - ::endgroup::
[2026-03-05T07:57:45.518+0000] {python.py:240} INFO - Done. Returned value was: {'latitude': 38.932365, 'longitude': -119.9951, 'generationtime_ms': 145.7653045654297, 'utc_offset_seconds': 0, 'timezone': 'GMT', 'timezone_abbreviation': 'GMT', 'elevation': 1901.0, 'daily_units': {'time': 'iso8601', 'temperature_2m_max': '°C', 'temperature_2m_min': '°C', 'precipitation_sum': 'mm', 'weather_code': 'wmo code'}, 'daily': {'time': ['2026-01-04', '2026-01-05', '2026-01-06', '2026-01-07', '2026-01-08', '2026-01-09', '2026-01-10', '2026-01-11', '2026-01-12', '2026-01-13', '2026-01-14', '2026-01-15', '2026-01-16', '2026-01-17', '2026-01-18', '2026-01-19', '2026-01-20', '2026-01-21', '2026-01-22', '2026-01-23', '2026-01-24', '2026-01-25', '2026-01-26', '2026-01-27', '2026-01-28', '2026-01-29', '2026-01-30', '2026-01-31', '2026-02-01', '2026-02-02', '2026-02-03', '2026-02-04', '2026-02-05', '2026-02-06', '2026-02-07', '2026-02-08', '2026-02-09', '2026-02-10', '2026-02-11', '2026-02-12', '2026-02-13', '2026-02-14', '2026-02-15', '2026-02-16', '2026-02-17', '2026-02-18', '2026-02-19', '2026-02-20', '2026-02-21', '2026-02-22', '2026-02-23', '2026-02-24', '2026-02-25', '2026-02-26', '2026-02-27', '2026-02-28', '2026-03-01', '2026-03-02', '2026-03-03', '2026-03-04'], 'temperature_2m_max': [0.9, 3.2, 3.6, 3.1, 0.6, 2.9, 3.5, 3.8, 6.0, 5.2, 7.0, 6.8, 8.3, 8.4, 9.1, 8.2, 7.2, 6.1, 9.2, 8.0, 6.4, 1.0, 6.4, 8.3, 6.4, 8.4, 10.5, 10.5, 13.2, 12.2, 13.2, 12.8, 12.9, 12.4, 9.9, 13.2, 10.4, 7.1, 5.5, 4.9, 7.1, 7.8, 7.8, 6.7, -0.1, -3.7, -3.2, -1.5, 5.8, 10.5, 13.6, 12.1, 9.4, 13.4, 13.9, 15.0, 13.4, 9.9, 12.3, 12.1], 'temperature_2m_min': [-1.2, -3.8, -6.8, -3.0, -7.2, -11.0, -11.2, -10.2, -9.9, -9.5, -5.7, -6.4, -5.5, -7.6, -4.1, -7.1, -6.4, -3.5, 0.3, -3.0, -3.6, -10.8, -5.7, -6.4, -1.0, -5.2, -3.2, -4.6, -5.8, -6.5, -7.3, -8.0, -4.8, -1.4, -3.0, -2.6, 0.1, -2.4, -1.0, -1.9, -4.7, -4.4, -0.8, -2.7, -7.2, -11.9, -8.6, -13.3, -11.8, -0.1, -9.1, 4.3, 4.6, 4.2, 0.3, 1.2, 4.2, 0.6, -4.1, -1.9], 'precipitation_sum': [18.9, 4.2, 0.0, 0.0, 5.1, 0.0, 0.0, 0.0, 0.0, 0.0, 0.0, 0.0, 0.0, 0.0, 0.0, 0.0, 0.0, 0.0, 0.0, 0.0, 0.0, 0.0, 0.0, 0.0, 0.7, 0.0, 0.0, 0.0, 0.0, 0.0, 0.0, 0.0, 0.0, 0.0, 0.0, 0.0, 0.0, 0.0, 8.8, 2.4, 0.0, 0.0, 0.0, 4.7, 25.9, 17.1, 10.9, 0.1, 0.0, 0.0, 0.0, 12.8, 6.0, 0.0, 0.0, 0.0, 0.2, 0.1, 0.0, 0.0], 'weather_code': [75, 73, 45, 45, 75, 3, 45, 3, 3, 3, 0, 2, 0, 0, 3, 2, 3, 3, 3, 2, 3, 2, 3, 3, 73, 2, 2, 3, 3, 3, 3, 2, 2, 3, 45, 3, 3, 3, 75, 73, 3, 3, 3, 73, 75, 75, 75, 71, 45, 3, 3, 61, 61, 3, 3, 3, 51, 51, 3, 3]}}
[2026-03-05T07:57:45.530+0000] {taskinstance.py:340} INFO - ::group::Post task execution logs
[2026-03-05T07:57:45.530+0000] {taskinstance.py:352} INFO - Marking task as SUCCESS. dag_id=Open_Meteo, task_id=get_past_60_days_weather__1, run_id=manual__2026-03-05T07:57:42.890733+00:00, execution_date=20260305T075742, start_date=20260305T075744, end_date=20260305T075745
[2026-03-05T07:57:45.544+0000] {local_task_job_runner.py:266} INFO - Task exited with return code 0
[2026-03-05T07:57:45.550+0000] {taskinstance.py:3925} ERROR - Error scheduling downstream tasks. Skipping it as this is entirely optional optimisation. There might be various reasons for it, please take a look at the stack trace to figure out if the root cause can be diagnosed and fixed. See the issue https://github.com/apache/***/issues/39717 for details and an example problem. If you would like to get help in solving root cause, open discussion with all details with your managed service support or in Airflow repository.
Traceback (most recent call last):
  File "/home/airflow/.local/lib/python3.12/site-packages/airflow/models/taskinstance.py", line 3921, in schedule_downstream_tasks
    return TaskInstance._schedule_downstream_tasks(
           ^^^^^^^^^^^^^^^^^^^^^^^^^^^^^^^^^^^^^^^^
  File "/home/airflow/.local/lib/python3.12/site-packages/airflow/utils/session.py", line 94, in wrapper
    return func(*args, **kwargs)
           ^^^^^^^^^^^^^^^^^^^^^
  File "/home/airflow/.local/lib/python3.12/site-packages/airflow/models/taskinstance.py", line 3870, in _schedule_downstream_tasks
    partial_dag = task.dag.partial_subset(
                  ^^^^^^^^^^^^^^^^^^^^^^^^
  File "/home/airflow/.local/lib/python3.12/site-packages/airflow/models/dag.py", line 2664, in partial_subset
    t.task_id: _deepcopy_task(t)
               ^^^^^^^^^^^^^^^^^
  File "/home/airflow/.local/lib/python3.12/site-packages/airflow/models/dag.py", line 2661, in _deepcopy_task
    return copy.deepcopy(t, memo)
           ^^^^^^^^^^^^^^^^^^^^^^
  File "/usr/local/lib/python3.12/copy.py", line 143, in deepcopy
    y = copier(memo)
        ^^^^^^^^^^^^
  File "/home/airflow/.local/lib/python3.12/site-packages/airflow/models/baseoperator.py", line 1388, in __deepcopy__
    setattr(result, k, copy.deepcopy(v, memo))
                       ^^^^^^^^^^^^^^^^^^^^^^
  File "/usr/local/lib/python3.12/copy.py", line 136, in deepcopy
    y = copier(x, memo)
        ^^^^^^^^^^^^^^^
  File "/usr/local/lib/python3.12/copy.py", line 221, in _deepcopy_dict
    y[deepcopy(key, memo)] = deepcopy(value, memo)
                             ^^^^^^^^^^^^^^^^^^^^^
  File "/usr/local/lib/python3.12/copy.py", line 136, in deepcopy
    y = copier(x, memo)
        ^^^^^^^^^^^^^^^
  File "/usr/local/lib/python3.12/copy.py", line 201, in _deepcopy_tuple
    y = [deepcopy(a, memo) for a in x]
         ^^^^^^^^^^^^^^^^^
  File "/usr/local/lib/python3.12/copy.py", line 162, in deepcopy
    y = _reconstruct(x, memo, *rv)
        ^^^^^^^^^^^^^^^^^^^^^^^^^^
  File "/usr/local/lib/python3.12/copy.py", line 259, in _reconstruct
    state = deepcopy(state, memo)
            ^^^^^^^^^^^^^^^^^^^^^
  File "/usr/local/lib/python3.12/copy.py", line 136, in deepcopy
    y = copier(x, memo)
        ^^^^^^^^^^^^^^^
  File "/usr/local/lib/python3.12/copy.py", line 221, in _deepcopy_dict
    y[deepcopy(key, memo)] = deepcopy(value, memo)
                             ^^^^^^^^^^^^^^^^^^^^^
  File "/usr/local/lib/python3.12/copy.py", line 162, in deepcopy
    y = _reconstruct(x, memo, *rv)
        ^^^^^^^^^^^^^^^^^^^^^^^^^^
  File "/usr/local/lib/python3.12/copy.py", line 259, in _reconstruct
    state = deepcopy(state, memo)
            ^^^^^^^^^^^^^^^^^^^^^
  File "/usr/local/lib/python3.12/copy.py", line 136, in deepcopy
    y = copier(x, memo)
        ^^^^^^^^^^^^^^^
  File "/usr/local/lib/python3.12/copy.py", line 221, in _deepcopy_dict
    y[deepcopy(key, memo)] = deepcopy(value, memo)
                             ^^^^^^^^^^^^^^^^^^^^^
  File "/usr/local/lib/python3.12/copy.py", line 151, in deepcopy
    rv = reductor(4)
         ^^^^^^^^^^^
TypeError: cannot pickle '_thread.lock' object
[2026-03-05T07:57:45.554+0000] {local_task_job_runner.py:245} INFO - ::endgroup::
