[2026-04-23T07:16:00.720+0000] {local_task_job_runner.py:123} INFO - ::group::Pre task execution logs
[2026-04-23T07:16:00.725+0000] {taskinstance.py:2612} INFO - Dependencies all met for dep_context=non-requeueable deps ti=<TaskInstance: Open_Meteo.transform scheduled__2026-04-21T07:30:00+00:00 [queued]>
[2026-04-23T07:16:00.729+0000] {taskinstance.py:2612} INFO - Dependencies all met for dep_context=requeueable deps ti=<TaskInstance: Open_Meteo.transform scheduled__2026-04-21T07:30:00+00:00 [queued]>
[2026-04-23T07:16:00.729+0000] {taskinstance.py:2865} INFO - Starting attempt 1 of 2
[2026-04-23T07:16:00.735+0000] {taskinstance.py:2888} INFO - Executing <Task(_PythonDecoratedOperator): transform> on 2026-04-21 07:30:00+00:00
[2026-04-23T07:16:00.739+0000] {logging_mixin.py:190} WARNING - /home/***/.local/lib/python3.12/site-packages/***/task/task_runner/standard_task_runner.py:70 DeprecationWarning: This process (pid=9638) is multi-threaded, use of fork() may lead to deadlocks in the child.
[2026-04-23T07:16:00.740+0000] {standard_task_runner.py:72} INFO - Started process 9646 to run task
[2026-04-23T07:16:00.740+0000] {standard_task_runner.py:104} INFO - Running: ['***', 'tasks', 'run', 'Open_Meteo', 'transform', 'scheduled__2026-04-21T07:30:00+00:00', '--job-id', '182', '--raw', '--subdir', 'DAGS_FOLDER/226 - lab 1 - Open Meteo_v2.py', '--cfg-path', '/tmp/tmpvg66cgo4']
[2026-04-23T07:16:00.741+0000] {standard_task_runner.py:105} INFO - Job 182: Subtask transform
[2026-04-23T07:16:00.759+0000] {task_command.py:467} INFO - Running <TaskInstance: Open_Meteo.transform scheduled__2026-04-21T07:30:00+00:00 [running]> on host 2311453635e8
[2026-04-23T07:16:00.798+0000] {taskinstance.py:3131} INFO - Exporting env vars: AIRFLOW_CTX_DAG_EMAIL='vincent.do@sjsu.edu' AIRFLOW_CTX_DAG_OWNER='vdo27' AIRFLOW_CTX_DAG_ID='Open_Meteo' AIRFLOW_CTX_TASK_ID='transform' AIRFLOW_CTX_EXECUTION_DATE='2026-04-21T07:30:00+00:00' AIRFLOW_CTX_TRY_NUMBER='1' AIRFLOW_CTX_DAG_RUN_ID='scheduled__2026-04-21T07:30:00+00:00'
[2026-04-23T07:16:00.799+0000] {taskinstance.py:731} INFO - ::endgroup::
[2026-04-23T07:16:00.806+0000] {python.py:240} INFO - Done. Returned value was:    latitude longitude       date  ...  precipitation  weather_code      city
0   37.3387  121.8853 2026-02-22  ...            0.0             3  San Jose
1   37.3387  121.8853 2026-02-23  ...            1.3            71  San Jose
2   37.3387  121.8853 2026-02-24  ...            0.0             3  San Jose
3   37.3387  121.8853 2026-02-25  ...            0.0             3  San Jose
4   37.3387  121.8853 2026-02-26  ...            0.0            45  San Jose
5   37.3387  121.8853 2026-02-27  ...            0.0             3  San Jose
6   37.3387  121.8853 2026-02-28  ...            0.3            61  San Jose
7   37.3387  121.8853 2026-03-01  ...           17.8            61  San Jose
8   37.3387  121.8853 2026-03-02  ...            0.3            53  San Jose
9   37.3387  121.8853 2026-03-03  ...            0.0             3  San Jose
10  37.3387  121.8853 2026-03-04  ...            0.0             3  San Jose
11  37.3387  121.8853 2026-03-05  ...            0.9            71  San Jose
12  37.3387  121.8853 2026-03-06  ...            0.0             3  San Jose
13  37.3387  121.8853 2026-03-07  ...            0.0             3  San Jose
14  37.3387  121.8853 2026-03-08  ...            0.0             3  San Jose
15  37.3387  121.8853 2026-03-09  ...            0.0             3  San Jose
16  37.3387  121.8853 2026-03-10  ...            0.0             3  San Jose
17  37.3387  121.8853 2026-03-11  ...            0.0            45  San Jose
18  37.3387  121.8853 2026-03-12  ...            0.0             3  San Jose
19  37.3387  121.8853 2026-03-13  ...            0.0             3  San Jose
20  37.3387  121.8853 2026-03-14  ...            0.7            61  San Jose
21  37.3387  121.8853 2026-03-15  ...            0.0             3  San Jose
22  37.3387  121.8853 2026-03-16  ...            0.0             3  San Jose
23  37.3387  121.8853 2026-03-17  ...            0.7            61  San Jose
24  37.3387  121.8853 2026-03-18  ...            0.0             3  San Jose
25  37.3387  121.8853 2026-03-19  ...            0.0             3  San Jose
26  37.3387  121.8853 2026-03-20  ...            0.0             3  San Jose
27  37.3387  121.8853 2026-03-21  ...            0.0             3  San Jose
28  37.3387  121.8853 2026-03-22  ...            0.0            45  San Jose
29  37.3387  121.8853 2026-03-23  ...            0.0             3  San Jose
30  37.3387  121.8853 2026-03-24  ...            0.0             3  San Jose
31  37.3387  121.8853 2026-03-25  ...            0.0             3  San Jose
32  37.3387  121.8853 2026-03-26  ...            0.0             3  San Jose
33  37.3387  121.8853 2026-03-27  ...            0.0             3  San Jose
34  37.3387  121.8853 2026-03-28  ...            0.0             3  San Jose
35  37.3387  121.8853 2026-03-29  ...            0.0             3  San Jose
36  37.3387  121.8853 2026-03-30  ...            0.0             3  San Jose
37  37.3387  121.8853 2026-03-31  ...            0.0             3  San Jose
38  37.3387  121.8853 2026-04-01  ...            0.0             2  San Jose
39  37.3387  121.8853 2026-04-02  ...            0.0             3  San Jose
40  37.3387  121.8853 2026-04-03  ...            1.8            61  San Jose
41  37.3387  121.8853 2026-04-04  ...            0.0             2  San Jose
42  37.3387  121.8853 2026-04-05  ...            0.0             3  San Jose
43  37.3387  121.8853 2026-04-06  ...            0.0             1  San Jose
44  37.3387  121.8853 2026-04-07  ...            0.0             0  San Jose
45  37.3387  121.8853 2026-04-08  ...            6.7            80  San Jose
46  37.3387  121.8853 2026-04-09  ...            0.9            55  San Jose
47  37.3387  121.8853 2026-04-10  ...            0.0             3  San Jose
48  37.3387  121.8853 2026-04-11  ...            0.0             3  San Jose
49  37.3387  121.8853 2026-04-12  ...            0.0             3  San Jose
50  37.3387  121.8853 2026-04-13  ...            0.0             3  San Jose
51  37.3387  121.8853 2026-04-14  ...            0.0             3  San Jose
52  37.3387  121.8853 2026-04-15  ...            0.0             3  San Jose
53  37.3387  121.8853 2026-04-16  ...            3.7            61  San Jose
54  37.3387  121.8853 2026-04-17  ...            0.0             3  San Jose
55  37.3387  121.8853 2026-04-18  ...            0.0             1  San Jose
56  37.3387  121.8853 2026-04-19  ...            0.1            61  San Jose
57  37.3387  121.8853 2026-04-20  ...            0.0             3  San Jose
58  37.3387  121.8853 2026-04-21  ...            0.0             3  San Jose
59  37.3387  121.8853 2026-04-22  ...            0.0             3  San Jose

[60 rows x 8 columns]
[2026-04-23T07:16:00.828+0000] {taskinstance.py:340} INFO - ::group::Post task execution logs
[2026-04-23T07:16:00.828+0000] {taskinstance.py:352} INFO - Marking task as SUCCESS. dag_id=Open_Meteo, task_id=transform, run_id=scheduled__2026-04-21T07:30:00+00:00, execution_date=20260421T073000, start_date=20260423T071600, end_date=20260423T071600
[2026-04-23T07:16:00.840+0000] {local_task_job_runner.py:266} INFO - Task exited with return code 0
[2026-04-23T07:16:00.848+0000] {taskinstance.py:3925} ERROR - Error scheduling downstream tasks. Skipping it as this is entirely optional optimisation. There might be various reasons for it, please take a look at the stack trace to figure out if the root cause can be diagnosed and fixed. See the issue https://github.com/apache/***/issues/39717 for details and an example problem. If you would like to get help in solving root cause, open discussion with all details with your managed service support or in Airflow repository.
Traceback (most recent call last):
  File "/home/airflow/.local/lib/python3.12/site-packages/airflow/models/taskinstance.py", line 3921, in schedule_downstream_tasks
    return TaskInstance._schedule_downstream_tasks(
           ^^^^^^^^^^^^^^^^^^^^^^^^^^^^^^^^^^^^^^^^
  File "/home/airflow/.local/lib/python3.12/site-packages/airflow/utils/session.py", line 94, in wrapper
    return func(*args, **kwargs)
           ^^^^^^^^^^^^^^^^^^^^^
  File "/home/airflow/.local/lib/python3.12/site-packages/airflow/models/taskinstance.py", line 3870, in _schedule_downstream_tasks
    partial_dag = task.dag.partial_subset(
                  ^^^^^^^^^^^^^^^^^^^^^^^^
  File "/home/airflow/.local/lib/python3.12/site-packages/airflow/models/dag.py", line 2664, in partial_subset
    t.task_id: _deepcopy_task(t)
               ^^^^^^^^^^^^^^^^^
  File "/home/airflow/.local/lib/python3.12/site-packages/airflow/models/dag.py", line 2661, in _deepcopy_task
    return copy.deepcopy(t, memo)
           ^^^^^^^^^^^^^^^^^^^^^^
  File "/usr/local/lib/python3.12/copy.py", line 143, in deepcopy
    y = copier(memo)
        ^^^^^^^^^^^^
  File "/home/airflow/.local/lib/python3.12/site-packages/airflow/models/baseoperator.py", line 1388, in __deepcopy__
    setattr(result, k, copy.deepcopy(v, memo))
                       ^^^^^^^^^^^^^^^^^^^^^^
  File "/usr/local/lib/python3.12/copy.py", line 136, in deepcopy
    y = copier(x, memo)
        ^^^^^^^^^^^^^^^
  File "/usr/local/lib/python3.12/copy.py", line 221, in _deepcopy_dict
    y[deepcopy(key, memo)] = deepcopy(value, memo)
                             ^^^^^^^^^^^^^^^^^^^^^
  File "/usr/local/lib/python3.12/copy.py", line 136, in deepcopy
    y = copier(x, memo)
        ^^^^^^^^^^^^^^^
  File "/usr/local/lib/python3.12/copy.py", line 201, in _deepcopy_tuple
    y = [deepcopy(a, memo) for a in x]
         ^^^^^^^^^^^^^^^^^
  File "/usr/local/lib/python3.12/copy.py", line 162, in deepcopy
    y = _reconstruct(x, memo, *rv)
        ^^^^^^^^^^^^^^^^^^^^^^^^^^
  File "/usr/local/lib/python3.12/copy.py", line 259, in _reconstruct
    state = deepcopy(state, memo)
            ^^^^^^^^^^^^^^^^^^^^^
  File "/usr/local/lib/python3.12/copy.py", line 136, in deepcopy
    y = copier(x, memo)
        ^^^^^^^^^^^^^^^
  File "/usr/local/lib/python3.12/copy.py", line 221, in _deepcopy_dict
    y[deepcopy(key, memo)] = deepcopy(value, memo)
                             ^^^^^^^^^^^^^^^^^^^^^
  File "/usr/local/lib/python3.12/copy.py", line 162, in deepcopy
    y = _reconstruct(x, memo, *rv)
        ^^^^^^^^^^^^^^^^^^^^^^^^^^
  File "/usr/local/lib/python3.12/copy.py", line 259, in _reconstruct
    state = deepcopy(state, memo)
            ^^^^^^^^^^^^^^^^^^^^^
  File "/usr/local/lib/python3.12/copy.py", line 136, in deepcopy
    y = copier(x, memo)
        ^^^^^^^^^^^^^^^
  File "/usr/local/lib/python3.12/copy.py", line 221, in _deepcopy_dict
    y[deepcopy(key, memo)] = deepcopy(value, memo)
                             ^^^^^^^^^^^^^^^^^^^^^
  File "/usr/local/lib/python3.12/copy.py", line 151, in deepcopy
    rv = reductor(4)
         ^^^^^^^^^^^
TypeError: cannot pickle '_thread.lock' object
[2026-04-23T07:16:00.850+0000] {local_task_job_runner.py:245} INFO - ::endgroup::
