[2026-04-23T23:04:41.244+0000] {local_task_job_runner.py:123} INFO - ::group::Pre task execution logs
[2026-04-23T23:04:41.250+0000] {taskinstance.py:2612} INFO - Dependencies all met for dep_context=non-requeueable deps ti=<TaskInstance: BuildELT_dbt.dbt_snapshot manual__2026-04-23T23:03:58.550467+00:00 [queued]>
[2026-04-23T23:04:41.253+0000] {taskinstance.py:2612} INFO - Dependencies all met for dep_context=requeueable deps ti=<TaskInstance: BuildELT_dbt.dbt_snapshot manual__2026-04-23T23:03:58.550467+00:00 [queued]>
[2026-04-23T23:04:41.253+0000] {taskinstance.py:2865} INFO - Starting attempt 1 of 1
[2026-04-23T23:04:41.259+0000] {taskinstance.py:2888} INFO - Executing <Task(BashOperator): dbt_snapshot> on 2026-04-23 23:03:58.550467+00:00
[2026-04-23T23:04:41.263+0000] {standard_task_runner.py:104} INFO - Running: ['***', 'tasks', 'run', 'BuildELT_dbt', 'dbt_snapshot', 'manual__2026-04-23T23:03:58.550467+00:00', '--job-id', '225', '--raw', '--subdir', 'DAGS_FOLDER/build_elt_with_dbt.py', '--cfg-path', '/tmp/tmp9fu4wmlq']
[2026-04-23T23:04:41.265+0000] {standard_task_runner.py:105} INFO - Job 225: Subtask dbt_snapshot
[2026-04-23T23:04:41.264+0000] {logging_mixin.py:190} WARNING - /home/***/.local/lib/python3.12/site-packages/***/task/task_runner/standard_task_runner.py:70 DeprecationWarning: This process (pid=1419) is multi-threaded, use of fork() may lead to deadlocks in the child.
[2026-04-23T23:04:41.265+0000] {standard_task_runner.py:72} INFO - Started process 1420 to run task
[2026-04-23T23:04:41.281+0000] {task_command.py:467} INFO - Running <TaskInstance: BuildELT_dbt.dbt_snapshot manual__2026-04-23T23:03:58.550467+00:00 [running]> on host 2311453635e8
[2026-04-23T23:04:41.309+0000] {taskinstance.py:3131} INFO - Exporting env vars: AIRFLOW_CTX_DAG_OWNER='***' AIRFLOW_CTX_DAG_ID='BuildELT_dbt' AIRFLOW_CTX_TASK_ID='dbt_snapshot' AIRFLOW_CTX_EXECUTION_DATE='2026-04-23T23:03:58.550467+00:00' AIRFLOW_CTX_TRY_NUMBER='1' AIRFLOW_CTX_DAG_RUN_ID='manual__2026-04-23T23:03:58.550467+00:00'
[2026-04-23T23:04:41.309+0000] {taskinstance.py:731} INFO - ::endgroup::
[2026-04-23T23:04:41.316+0000] {subprocess.py:63} INFO - Tmp dir root location: /tmp
[2026-04-23T23:04:41.316+0000] {subprocess.py:75} INFO - Running command: ['/usr/bin/bash', '-c', '/home/***/.local/bin/dbt snapshot --profiles-dir /opt/***/dbt --project-dir /opt/***/dbt']
[2026-04-23T23:04:41.320+0000] {subprocess.py:86} INFO - Output:
[2026-04-23T23:04:42.198+0000] {subprocess.py:93} INFO - [0m23:04:42  Running with dbt=1.8.7
[2026-04-23T23:04:42.577+0000] {subprocess.py:93} INFO - [0m23:04:42  Registered adapter: snowflake=1.8.1
[2026-04-23T23:04:42.712+0000] {subprocess.py:93} INFO - [0m23:04:42  Found 5 models, 12 data tests, 1 snapshot, 3 sources, 454 macros
[2026-04-23T23:04:42.713+0000] {subprocess.py:93} INFO - [0m23:04:42
[2026-04-23T23:04:46.466+0000] {subprocess.py:93} INFO - [0m23:04:46  Concurrency: 1 threads (target='dev')
[2026-04-23T23:04:46.468+0000] {subprocess.py:93} INFO - [0m23:04:46
[2026-04-23T23:04:46.480+0000] {subprocess.py:93} INFO - [0m23:04:46  1 of 1 START snapshot snapshot.snapshot_weather_data ........................... [RUN]
[2026-04-23T23:04:56.961+0000] {subprocess.py:93} INFO - [0m23:04:56  1 of 1 OK snapshotted snapshot.snapshot_weather_data ........................... [[32mSUCCESS 0[0m in 10.47s]
[2026-04-23T23:04:56.967+0000] {subprocess.py:93} INFO - [0m23:04:56
[2026-04-23T23:04:56.969+0000] {subprocess.py:93} INFO - [0m23:04:56  Finished running 1 snapshot in 0 hours 0 minutes and 14.25 seconds (14.25s).
[2026-04-23T23:04:57.001+0000] {subprocess.py:93} INFO - [0m23:04:57
[2026-04-23T23:04:57.002+0000] {subprocess.py:93} INFO - [0m23:04:57  [32mCompleted successfully[0m
[2026-04-23T23:04:57.002+0000] {subprocess.py:93} INFO - [0m23:04:57
[2026-04-23T23:04:57.003+0000] {subprocess.py:93} INFO - [0m23:04:57  Done. PASS=1 WARN=0 ERROR=0 SKIP=0 TOTAL=1
[2026-04-23T23:04:57.487+0000] {subprocess.py:97} INFO - Command exited with return code 0
[2026-04-23T23:04:57.497+0000] {taskinstance.py:340} INFO - ::group::Post task execution logs
[2026-04-23T23:04:57.497+0000] {taskinstance.py:352} INFO - Marking task as SUCCESS. dag_id=BuildELT_dbt, task_id=dbt_snapshot, run_id=manual__2026-04-23T23:03:58.550467+00:00, execution_date=20260423T230358, start_date=20260423T230441, end_date=20260423T230457
[2026-04-23T23:04:57.518+0000] {local_task_job_runner.py:266} INFO - Task exited with return code 0
[2026-04-23T23:04:57.523+0000] {taskinstance.py:3900} INFO - 0 downstream tasks scheduled from follow-on schedule check
[2026-04-23T23:04:57.523+0000] {local_task_job_runner.py:245} INFO - ::endgroup::
