[2026-04-22T23:49:15.521+0000] {local_task_job_runner.py:123} INFO - ::group::Pre task execution logs
[2026-04-22T23:49:15.527+0000] {taskinstance.py:2612} INFO - Dependencies all met for dep_context=non-requeueable deps ti=<TaskInstance: BuildELT_dbt.dbt_run manual__2026-04-22T23:49:15.187376+00:00 [queued]>
[2026-04-22T23:49:15.530+0000] {taskinstance.py:2612} INFO - Dependencies all met for dep_context=requeueable deps ti=<TaskInstance: BuildELT_dbt.dbt_run manual__2026-04-22T23:49:15.187376+00:00 [queued]>
[2026-04-22T23:49:15.530+0000] {taskinstance.py:2865} INFO - Starting attempt 1 of 1
[2026-04-22T23:49:15.535+0000] {taskinstance.py:2888} INFO - Executing <Task(BashOperator): dbt_run> on 2026-04-22 23:49:15.187376+00:00
[2026-04-22T23:49:15.539+0000] {standard_task_runner.py:104} INFO - Running: ['***', 'tasks', 'run', 'BuildELT_dbt', 'dbt_run', 'manual__2026-04-22T23:49:15.187376+00:00', '--job-id', '176', '--raw', '--subdir', 'DAGS_FOLDER/build_elt_with_dbt.py', '--cfg-path', '/tmp/tmp1507ni6x']
[2026-04-22T23:49:15.540+0000] {standard_task_runner.py:105} INFO - Job 176: Subtask dbt_run
[2026-04-22T23:49:15.540+0000] {logging_mixin.py:190} WARNING - /home/***/.local/lib/python3.12/site-packages/***/task/task_runner/standard_task_runner.py:70 DeprecationWarning: This process (pid=1319) is multi-threaded, use of fork() may lead to deadlocks in the child.
[2026-04-22T23:49:15.541+0000] {standard_task_runner.py:72} INFO - Started process 1320 to run task
[2026-04-22T23:49:15.556+0000] {task_command.py:467} INFO - Running <TaskInstance: BuildELT_dbt.dbt_run manual__2026-04-22T23:49:15.187376+00:00 [running]> on host 2311453635e8
[2026-04-22T23:49:15.590+0000] {taskinstance.py:3131} INFO - Exporting env vars: AIRFLOW_CTX_DAG_OWNER='***' AIRFLOW_CTX_DAG_ID='BuildELT_dbt' AIRFLOW_CTX_TASK_ID='dbt_run' AIRFLOW_CTX_EXECUTION_DATE='2026-04-22T23:49:15.187376+00:00' AIRFLOW_CTX_TRY_NUMBER='1' AIRFLOW_CTX_DAG_RUN_ID='manual__2026-04-22T23:49:15.187376+00:00'
[2026-04-22T23:49:15.591+0000] {taskinstance.py:731} INFO - ::endgroup::
[2026-04-22T23:49:15.599+0000] {subprocess.py:63} INFO - Tmp dir root location: /tmp
[2026-04-22T23:49:15.600+0000] {subprocess.py:75} INFO - Running command: ['/usr/bin/bash', '-c', '/home/***/.local/bin/dbt run --profiles-dir /opt/***/dbt --project-dir /opt/***/dbt']
[2026-04-22T23:49:15.604+0000] {subprocess.py:86} INFO - Output:
[2026-04-22T23:49:16.528+0000] {subprocess.py:93} INFO - [0m23:49:16  Running with dbt=1.8.7
[2026-04-22T23:49:16.961+0000] {subprocess.py:93} INFO - [0m23:49:16  Registered adapter: snowflake=1.8.1
[2026-04-22T23:49:17.169+0000] {subprocess.py:93} INFO - [0m23:49:17  Found 6 models, 1 snapshot, 2 data tests, 3 sources, 454 macros
[2026-04-22T23:49:17.170+0000] {subprocess.py:93} INFO - [0m23:49:17
[2026-04-22T23:49:20.099+0000] {subprocess.py:93} INFO - [0m23:49:20  Concurrency: 1 threads (target='dev')
[2026-04-22T23:49:20.101+0000] {subprocess.py:93} INFO - [0m23:49:20
[2026-04-22T23:49:20.116+0000] {subprocess.py:93} INFO - [0m23:49:20  1 of 3 START sql table model analytics.percent_rainy_days_monthly .............. [RUN]
[2026-04-22T23:49:22.342+0000] {subprocess.py:93} INFO - [0m23:49:22  1 of 3 OK created sql table model analytics.percent_rainy_days_monthly ......... [[32mSUCCESS 1[0m in 2.22s]
[2026-04-22T23:49:22.351+0000] {subprocess.py:93} INFO - [0m23:49:22  2 of 3 START sql table model analytics.weather_weekly_precipitation ............ [RUN]
[2026-04-22T23:49:24.222+0000] {subprocess.py:93} INFO - [0m23:49:24  2 of 3 OK created sql table model analytics.weather_weekly_precipitation ....... [[32mSUCCESS 1[0m in 1.87s]
[2026-04-22T23:49:24.224+0000] {subprocess.py:93} INFO - [0m23:49:24  3 of 3 START sql table model analytics.session_summary ......................... [RUN]
[2026-04-22T23:49:26.622+0000] {subprocess.py:93} INFO - [0m23:49:26  3 of 3 OK created sql table model analytics.session_summary .................... [[32mSUCCESS 1[0m in 2.39s]
[2026-04-22T23:49:26.627+0000] {subprocess.py:93} INFO - [0m23:49:26
[2026-04-22T23:49:26.628+0000] {subprocess.py:93} INFO - [0m23:49:26  Finished running 3 table models in 0 hours 0 minutes and 9.46 seconds (9.46s).
[2026-04-22T23:49:26.660+0000] {subprocess.py:93} INFO - [0m23:49:26
[2026-04-22T23:49:26.660+0000] {subprocess.py:93} INFO - [0m23:49:26  [32mCompleted successfully[0m
[2026-04-22T23:49:26.660+0000] {subprocess.py:93} INFO - [0m23:49:26
[2026-04-22T23:49:26.660+0000] {subprocess.py:93} INFO - [0m23:49:26  Done. PASS=3 WARN=0 ERROR=0 SKIP=0 TOTAL=3
[2026-04-22T23:49:27.192+0000] {subprocess.py:97} INFO - Command exited with return code 0
[2026-04-22T23:49:27.205+0000] {taskinstance.py:340} INFO - ::group::Post task execution logs
[2026-04-22T23:49:27.205+0000] {taskinstance.py:352} INFO - Marking task as SUCCESS. dag_id=BuildELT_dbt, task_id=dbt_run, run_id=manual__2026-04-22T23:49:15.187376+00:00, execution_date=20260422T234915, start_date=20260422T234915, end_date=20260422T234927
[2026-04-22T23:49:27.254+0000] {local_task_job_runner.py:266} INFO - Task exited with return code 0
[2026-04-22T23:49:27.265+0000] {taskinstance.py:3900} INFO - 1 downstream tasks scheduled from follow-on schedule check
[2026-04-22T23:49:27.266+0000] {local_task_job_runner.py:245} INFO - ::endgroup::
