[2026-03-12T05:38:18.472+0000] {local_task_job_runner.py:123} INFO - ::group::Pre task execution logs
[2026-03-12T05:38:18.478+0000] {taskinstance.py:2612} INFO - Dependencies all met for dep_context=non-requeueable deps ti=<TaskInstance: Open_Meteo.load scheduled__2026-03-10T07:30:00+00:00 [queued]>
[2026-03-12T05:38:18.481+0000] {taskinstance.py:2612} INFO - Dependencies all met for dep_context=requeueable deps ti=<TaskInstance: Open_Meteo.load scheduled__2026-03-10T07:30:00+00:00 [queued]>
[2026-03-12T05:38:18.481+0000] {taskinstance.py:2865} INFO - Starting attempt 1 of 2
[2026-03-12T05:38:18.486+0000] {taskinstance.py:2888} INFO - Executing <Task(_PythonDecoratedOperator): load> on 2026-03-10 07:30:00+00:00
[2026-03-12T05:38:18.489+0000] {logging_mixin.py:190} WARNING - /home/***/.local/lib/python3.12/site-packages/***/task/task_runner/standard_task_runner.py:70 DeprecationWarning: This process (pid=320) is multi-threaded, use of fork() may lead to deadlocks in the child.
[2026-03-12T05:38:18.490+0000] {standard_task_runner.py:72} INFO - Started process 326 to run task
[2026-03-12T05:38:18.489+0000] {standard_task_runner.py:104} INFO - Running: ['***', 'tasks', 'run', 'Open_Meteo', 'load', 'scheduled__2026-03-10T07:30:00+00:00', '--job-id', '83', '--raw', '--subdir', 'DAGS_FOLDER/226 - lab 1 - Open Meteo_v2.py', '--cfg-path', '/tmp/tmp2wnfnott']
[2026-03-12T05:38:18.490+0000] {standard_task_runner.py:105} INFO - Job 83: Subtask load
[2026-03-12T05:38:18.506+0000] {task_command.py:467} INFO - Running <TaskInstance: Open_Meteo.load scheduled__2026-03-10T07:30:00+00:00 [running]> on host 1d38eee2b72b
[2026-03-12T05:38:18.558+0000] {taskinstance.py:3131} INFO - Exporting env vars: AIRFLOW_CTX_DAG_EMAIL='vincent.do@sjsu.edu' AIRFLOW_CTX_DAG_OWNER='vdo27' AIRFLOW_CTX_DAG_ID='Open_Meteo' AIRFLOW_CTX_TASK_ID='load' AIRFLOW_CTX_EXECUTION_DATE='2026-03-10T07:30:00+00:00' AIRFLOW_CTX_TRY_NUMBER='1' AIRFLOW_CTX_DAG_RUN_ID='scheduled__2026-03-10T07:30:00+00:00'
[2026-03-12T05:38:18.558+0000] {taskinstance.py:731} INFO - ::endgroup::
[2026-03-12T05:38:18.683+0000] {cursor.py:1156} INFO - Number of results in first chunk: 1
[2026-03-12T05:38:18.847+0000] {cursor.py:1156} INFO - Number of results in first chunk: 1
[2026-03-12T05:39:48.502+0000] {cursor.py:1156} INFO - Number of results in first chunk: 1
[2026-03-12T05:39:48.506+0000] {logging_mixin.py:190} INFO - Loaded 120 records into USER_DB_BOA.raw.weather_data_lab1
[2026-03-12T05:39:48.507+0000] {python.py:240} INFO - Done. Returned value was: None
[2026-03-12T05:39:48.526+0000] {taskinstance.py:340} INFO - ::group::Post task execution logs
[2026-03-12T05:39:48.527+0000] {taskinstance.py:352} INFO - Marking task as SUCCESS. dag_id=Open_Meteo, task_id=load, run_id=scheduled__2026-03-10T07:30:00+00:00, execution_date=20260310T073000, start_date=20260312T053818, end_date=20260312T053948
[2026-03-12T05:39:48.581+0000] {local_task_job_runner.py:266} INFO - Task exited with return code 0
[2026-03-12T05:39:48.582+0000] {standard_task_runner.py:217} INFO - Process not found (most likely exited), stop collecting metrics
[2026-03-12T05:39:48.593+0000] {taskinstance.py:3900} INFO - 0 downstream tasks scheduled from follow-on schedule check
[2026-03-12T05:39:48.594+0000] {local_task_job_runner.py:245} INFO - ::endgroup::
