[2026-04-23T08:14:34.139+0000] {local_task_job_runner.py:123} INFO - ::group::Pre task execution logs
[2026-04-23T08:14:34.145+0000] {taskinstance.py:2612} INFO - Dependencies all met for dep_context=non-requeueable deps ti=<TaskInstance: BuildELT_dbt.dbt_run manual__2026-04-23T08:14:33.145330+00:00 [queued]>
[2026-04-23T08:14:34.147+0000] {taskinstance.py:2612} INFO - Dependencies all met for dep_context=requeueable deps ti=<TaskInstance: BuildELT_dbt.dbt_run manual__2026-04-23T08:14:33.145330+00:00 [queued]>
[2026-04-23T08:14:34.148+0000] {taskinstance.py:2865} INFO - Starting attempt 1 of 1
[2026-04-23T08:14:34.152+0000] {taskinstance.py:2888} INFO - Executing <Task(BashOperator): dbt_run> on 2026-04-23 08:14:33.145330+00:00
[2026-04-23T08:14:34.156+0000] {standard_task_runner.py:104} INFO - Running: ['***', 'tasks', 'run', 'BuildELT_dbt', 'dbt_run', 'manual__2026-04-23T08:14:33.145330+00:00', '--job-id', '199', '--raw', '--subdir', 'DAGS_FOLDER/build_elt_with_dbt.py', '--cfg-path', '/tmp/tmpioz1kddq']
[2026-04-23T08:14:34.157+0000] {standard_task_runner.py:105} INFO - Job 199: Subtask dbt_run
[2026-04-23T08:14:34.157+0000] {logging_mixin.py:190} WARNING - /home/***/.local/lib/python3.12/site-packages/***/task/task_runner/standard_task_runner.py:70 DeprecationWarning: This process (pid=240) is multi-threaded, use of fork() may lead to deadlocks in the child.
[2026-04-23T08:14:34.158+0000] {standard_task_runner.py:72} INFO - Started process 241 to run task
[2026-04-23T08:14:34.174+0000] {task_command.py:467} INFO - Running <TaskInstance: BuildELT_dbt.dbt_run manual__2026-04-23T08:14:33.145330+00:00 [running]> on host 2311453635e8
[2026-04-23T08:14:34.203+0000] {taskinstance.py:3131} INFO - Exporting env vars: AIRFLOW_CTX_DAG_OWNER='***' AIRFLOW_CTX_DAG_ID='BuildELT_dbt' AIRFLOW_CTX_TASK_ID='dbt_run' AIRFLOW_CTX_EXECUTION_DATE='2026-04-23T08:14:33.145330+00:00' AIRFLOW_CTX_TRY_NUMBER='1' AIRFLOW_CTX_DAG_RUN_ID='manual__2026-04-23T08:14:33.145330+00:00'
[2026-04-23T08:14:34.203+0000] {taskinstance.py:731} INFO - ::endgroup::
[2026-04-23T08:14:34.211+0000] {subprocess.py:63} INFO - Tmp dir root location: /tmp
[2026-04-23T08:14:34.212+0000] {subprocess.py:75} INFO - Running command: ['/usr/bin/bash', '-c', '/home/***/.local/bin/dbt run --profiles-dir /opt/***/dbt --project-dir /opt/***/dbt']
[2026-04-23T08:14:34.216+0000] {subprocess.py:86} INFO - Output:
[2026-04-23T08:14:35.203+0000] {subprocess.py:93} INFO - [0m08:14:35  Running with dbt=1.8.7
[2026-04-23T08:14:35.685+0000] {subprocess.py:93} INFO - [0m08:14:35  Registered adapter: snowflake=1.8.1
[2026-04-23T08:14:35.745+0000] {subprocess.py:93} INFO - [0m08:14:35  Unable to do partial parsing because a project dependency has been added
[2026-04-23T08:14:36.121+0000] {subprocess.py:93} INFO - [0m08:14:36  Encountered an error:
[2026-04-23T08:14:36.121+0000] {subprocess.py:93} INFO - unsupported operand type(s) for -: 'str' and 'str'
[2026-04-23T08:14:36.122+0000] {subprocess.py:93} INFO - [0m08:14:36  Traceback (most recent call last):
[2026-04-23T08:14:36.123+0000] {subprocess.py:93} INFO -   File "/home/***/.local/lib/python3.12/site-packages/dbt/cli/requires.py", line 138, in wrapper
[2026-04-23T08:14:36.123+0000] {subprocess.py:93} INFO -     result, success = func(*args, **kwargs)
[2026-04-23T08:14:36.123+0000] {subprocess.py:93} INFO -                       ^^^^^^^^^^^^^^^^^^^^^
[2026-04-23T08:14:36.123+0000] {subprocess.py:93} INFO -   File "/home/***/.local/lib/python3.12/site-packages/dbt/cli/requires.py", line 101, in wrapper
[2026-04-23T08:14:36.123+0000] {subprocess.py:93} INFO -     return func(*args, **kwargs)
[2026-04-23T08:14:36.123+0000] {subprocess.py:93} INFO -            ^^^^^^^^^^^^^^^^^^^^^
[2026-04-23T08:14:36.123+0000] {subprocess.py:93} INFO -   File "/home/***/.local/lib/python3.12/site-packages/dbt/cli/requires.py", line 218, in wrapper
[2026-04-23T08:14:36.123+0000] {subprocess.py:93} INFO -     return func(*args, **kwargs)
[2026-04-23T08:14:36.123+0000] {subprocess.py:93} INFO -            ^^^^^^^^^^^^^^^^^^^^^
[2026-04-23T08:14:36.123+0000] {subprocess.py:93} INFO -   File "/home/***/.local/lib/python3.12/site-packages/dbt/cli/requires.py", line 247, in wrapper
[2026-04-23T08:14:36.124+0000] {subprocess.py:93} INFO -     return func(*args, **kwargs)
[2026-04-23T08:14:36.124+0000] {subprocess.py:93} INFO -            ^^^^^^^^^^^^^^^^^^^^^
[2026-04-23T08:14:36.124+0000] {subprocess.py:93} INFO -   File "/home/***/.local/lib/python3.12/site-packages/dbt/cli/requires.py", line 294, in wrapper
[2026-04-23T08:14:36.124+0000] {subprocess.py:93} INFO -     return func(*args, **kwargs)
[2026-04-23T08:14:36.124+0000] {subprocess.py:93} INFO -            ^^^^^^^^^^^^^^^^^^^^^
[2026-04-23T08:14:36.124+0000] {subprocess.py:93} INFO -   File "/home/***/.local/lib/python3.12/site-packages/dbt/cli/requires.py", line 320, in wrapper
[2026-04-23T08:14:36.124+0000] {subprocess.py:93} INFO -     ctx.obj["manifest"] = parse_manifest(
[2026-04-23T08:14:36.124+0000] {subprocess.py:93} INFO -                           ^^^^^^^^^^^^^^^
[2026-04-23T08:14:36.124+0000] {subprocess.py:93} INFO -   File "/home/***/.local/lib/python3.12/site-packages/dbt/parser/manifest.py", line 1898, in parse_manifest
[2026-04-23T08:14:36.124+0000] {subprocess.py:93} INFO -     manifest = ManifestLoader.get_full_manifest(
[2026-04-23T08:14:36.125+0000] {subprocess.py:93} INFO -                ^^^^^^^^^^^^^^^^^^^^^^^^^^^^^^^^^
[2026-04-23T08:14:36.125+0000] {subprocess.py:93} INFO -   File "/home/***/.local/lib/python3.12/site-packages/dbt/parser/manifest.py", line 330, in get_full_manifest
[2026-04-23T08:14:36.125+0000] {subprocess.py:93} INFO -     manifest = loader.load()
[2026-04-23T08:14:36.125+0000] {subprocess.py:93} INFO -                ^^^^^^^^^^^^^
[2026-04-23T08:14:36.125+0000] {subprocess.py:93} INFO -   File "/home/***/.local/lib/python3.12/site-packages/dbt/parser/manifest.py", line 435, in load
[2026-04-23T08:14:36.125+0000] {subprocess.py:93} INFO -     self.parse_project(
[2026-04-23T08:14:36.125+0000] {subprocess.py:93} INFO -   File "/home/***/.local/lib/python3.12/site-packages/dbt/parser/manifest.py", line 733, in parse_project
[2026-04-23T08:14:36.125+0000] {subprocess.py:93} INFO -     parser.parse_file(block)
[2026-04-23T08:14:36.125+0000] {subprocess.py:93} INFO -   File "/home/***/.local/lib/python3.12/site-packages/dbt/parser/snapshots.py", line 80, in parse_file
[2026-04-23T08:14:36.125+0000] {subprocess.py:93} INFO -     self.parse_node(block)
[2026-04-23T08:14:36.125+0000] {subprocess.py:93} INFO -   File "/home/***/.local/lib/python3.12/site-packages/dbt/parser/base.py", line 445, in parse_node
[2026-04-23T08:14:36.125+0000] {subprocess.py:93} INFO -     self.render_update(node, config)
[2026-04-23T08:14:36.125+0000] {subprocess.py:93} INFO -   File "/home/***/.local/lib/python3.12/site-packages/dbt/parser/base.py", line 421, in render_update
[2026-04-23T08:14:36.126+0000] {subprocess.py:93} INFO -     context = self.render_with_context(node, config)
[2026-04-23T08:14:36.126+0000] {subprocess.py:93} INFO -               ^^^^^^^^^^^^^^^^^^^^^^^^^^^^^^^^^^^^^^
[2026-04-23T08:14:36.126+0000] {subprocess.py:93} INFO -   File "/home/***/.local/lib/python3.12/site-packages/dbt/parser/base.py", line 270, in render_with_context
[2026-04-23T08:14:36.126+0000] {subprocess.py:93} INFO -     get_rendered(parsed_node.raw_code, context, parsed_node, capture_macros=True)
[2026-04-23T08:14:36.126+0000] {subprocess.py:93} INFO -   File "/home/***/.local/lib/python3.12/site-packages/dbt/clients/jinja.py", line 146, in get_rendered
[2026-04-23T08:14:36.126+0000] {subprocess.py:93} INFO -     rendered = render_template(template, ctx, node)
[2026-04-23T08:14:36.126+0000] {subprocess.py:93} INFO -                ^^^^^^^^^^^^^^^^^^^^^^^^^^^^^^^^^^^^
[2026-04-23T08:14:36.126+0000] {subprocess.py:93} INFO -   File "/home/***/.local/lib/python3.12/site-packages/dbt_common/clients/jinja.py", line 566, in render_template
[2026-04-23T08:14:36.127+0000] {subprocess.py:93} INFO -     return template.render(ctx)
[2026-04-23T08:14:36.127+0000] {subprocess.py:93} INFO -            ^^^^^^^^^^^^^^^^^^^^
[2026-04-23T08:14:36.127+0000] {subprocess.py:93} INFO -   File "/home/***/.local/lib/python3.12/site-packages/dbt_common/clients/jinja.py", line 163, in render
[2026-04-23T08:14:36.127+0000] {subprocess.py:93} INFO -     return self.environment.handle_exception()
[2026-04-23T08:14:36.127+0000] {subprocess.py:93} INFO -            ^^^^^^^^^^^^^^^^^^^^^^^^^^^^^^^^^^^
[2026-04-23T08:14:36.127+0000] {subprocess.py:93} INFO -   File "/home/***/.local/lib/python3.12/site-packages/jinja2/environment.py", line 939, in handle_exception
[2026-04-23T08:14:36.127+0000] {subprocess.py:93} INFO -     raise rewrite_traceback_stack(source=source)
[2026-04-23T08:14:36.127+0000] {subprocess.py:93} INFO -   File "<template>", line 4, in top-level template code
[2026-04-23T08:14:36.127+0000] {subprocess.py:93} INFO - TypeError: unsupported operand type(s) for -: 'str' and 'str'
[2026-04-23T08:14:36.127+0000] {subprocess.py:93} INFO - 
[2026-04-23T08:14:36.682+0000] {subprocess.py:97} INFO - Command exited with return code 2
[2026-04-23T08:14:36.689+0000] {taskinstance.py:3310} ERROR - Task failed with exception
Traceback (most recent call last):
  File "/home/airflow/.local/lib/python3.12/site-packages/airflow/models/taskinstance.py", line 767, in _execute_task
    result = _execute_callable(context=context, **execute_callable_kwargs)
             ^^^^^^^^^^^^^^^^^^^^^^^^^^^^^^^^^^^^^^^^^^^^^^^^^^^^^^^^^^^^^
  File "/home/airflow/.local/lib/python3.12/site-packages/airflow/models/taskinstance.py", line 733, in _execute_callable
    return ExecutionCallableRunner(
           ^^^^^^^^^^^^^^^^^^^^^^^^
  File "/home/airflow/.local/lib/python3.12/site-packages/airflow/utils/operator_helpers.py", line 252, in run
    return self.func(*args, **kwargs)
           ^^^^^^^^^^^^^^^^^^^^^^^^^^
  File "/home/airflow/.local/lib/python3.12/site-packages/airflow/models/baseoperator.py", line 406, in wrapper
    return func(self, *args, **kwargs)
           ^^^^^^^^^^^^^^^^^^^^^^^^^^^
  File "/home/airflow/.local/lib/python3.12/site-packages/airflow/operators/bash.py", line 249, in execute
    raise AirflowException(
airflow.exceptions.AirflowException: Bash command failed. The command returned a non-zero exit code 2.
[2026-04-23T08:14:36.692+0000] {taskinstance.py:1225} INFO - Marking task as FAILED. dag_id=BuildELT_dbt, task_id=dbt_run, run_id=manual__2026-04-23T08:14:33.145330+00:00, execution_date=20260423T081433, start_date=20260423T081434, end_date=20260423T081436
[2026-04-23T08:14:36.698+0000] {taskinstance.py:340} INFO - ::group::Post task execution logs
[2026-04-23T08:14:36.698+0000] {standard_task_runner.py:124} ERROR - Failed to execute job 199 for task dbt_run (Bash command failed. The command returned a non-zero exit code 2.; 241)
Traceback (most recent call last):
  File "/home/airflow/.local/lib/python3.12/site-packages/airflow/task/task_runner/standard_task_runner.py", line 117, in _start_by_fork
    ret = args.func(args, dag=self.dag)
          ^^^^^^^^^^^^^^^^^^^^^^^^^^^^^
  File "/home/airflow/.local/lib/python3.12/site-packages/airflow/cli/cli_config.py", line 49, in command
    return func(*args, **kwargs)
           ^^^^^^^^^^^^^^^^^^^^^
  File "/home/airflow/.local/lib/python3.12/site-packages/airflow/utils/cli.py", line 115, in wrapper
    return f(*args, **kwargs)
           ^^^^^^^^^^^^^^^^^^
  File "/home/airflow/.local/lib/python3.12/site-packages/airflow/cli/commands/task_command.py", line 483, in task_run
    task_return_code = _run_task_by_selected_method(args, _dag, ti)
                       ^^^^^^^^^^^^^^^^^^^^^^^^^^^^^^^^^^^^^^^^^^^^
  File "/home/airflow/.local/lib/python3.12/site-packages/airflow/cli/commands/task_command.py", line 256, in _run_task_by_selected_method
    return _run_raw_task(args, ti)
           ^^^^^^^^^^^^^^^^^^^^^^^
  File "/home/airflow/.local/lib/python3.12/site-packages/airflow/cli/commands/task_command.py", line 341, in _run_raw_task
    return ti._run_raw_task(
           ^^^^^^^^^^^^^^^^^
  File "/home/airflow/.local/lib/python3.12/site-packages/airflow/utils/session.py", line 97, in wrapper
    return func(*args, session=session, **kwargs)
           ^^^^^^^^^^^^^^^^^^^^^^^^^^^^^^^^^^^^^^
  File "/home/airflow/.local/lib/python3.12/site-packages/airflow/models/taskinstance.py", line 3004, in _run_raw_task
    return _run_raw_task(
           ^^^^^^^^^^^^^^
  File "/home/airflow/.local/lib/python3.12/site-packages/airflow/models/taskinstance.py", line 273, in _run_raw_task
    TaskInstance._execute_task_with_callbacks(
  File "/home/airflow/.local/lib/python3.12/site-packages/airflow/models/taskinstance.py", line 3158, in _execute_task_with_callbacks
    result = self._execute_task(context, task_orig)
             ^^^^^^^^^^^^^^^^^^^^^^^^^^^^^^^^^^^^^^
  File "/home/airflow/.local/lib/python3.12/site-packages/airflow/models/taskinstance.py", line 3182, in _execute_task
    return _execute_task(self, context, task_orig)
           ^^^^^^^^^^^^^^^^^^^^^^^^^^^^^^^^^^^^^^^
  File "/home/airflow/.local/lib/python3.12/site-packages/airflow/models/taskinstance.py", line 767, in _execute_task
    result = _execute_callable(context=context, **execute_callable_kwargs)
             ^^^^^^^^^^^^^^^^^^^^^^^^^^^^^^^^^^^^^^^^^^^^^^^^^^^^^^^^^^^^^
  File "/home/airflow/.local/lib/python3.12/site-packages/airflow/models/taskinstance.py", line 733, in _execute_callable
    return ExecutionCallableRunner(
           ^^^^^^^^^^^^^^^^^^^^^^^^
  File "/home/airflow/.local/lib/python3.12/site-packages/airflow/utils/operator_helpers.py", line 252, in run
    return self.func(*args, **kwargs)
           ^^^^^^^^^^^^^^^^^^^^^^^^^^
  File "/home/airflow/.local/lib/python3.12/site-packages/airflow/models/baseoperator.py", line 406, in wrapper
    return func(self, *args, **kwargs)
           ^^^^^^^^^^^^^^^^^^^^^^^^^^^
  File "/home/airflow/.local/lib/python3.12/site-packages/airflow/operators/bash.py", line 249, in execute
    raise AirflowException(
airflow.exceptions.AirflowException: Bash command failed. The command returned a non-zero exit code 2.
[2026-04-23T08:14:36.710+0000] {local_task_job_runner.py:266} INFO - Task exited with return code 1
[2026-04-23T08:14:36.718+0000] {taskinstance.py:3900} INFO - 0 downstream tasks scheduled from follow-on schedule check
[2026-04-23T08:14:36.720+0000] {local_task_job_runner.py:245} INFO - ::endgroup::
