[2026-04-22T05:56:00.925+0000] {local_task_job_runner.py:123} INFO - ::group::Pre task execution logs
[2026-04-22T05:56:00.932+0000] {taskinstance.py:2612} INFO - Dependencies all met for dep_context=non-requeueable deps ti=<TaskInstance: BuildELT_dbt.dbt_snapshot manual__2026-04-22T05:55:39.751229+00:00 [queued]>
[2026-04-22T05:56:00.934+0000] {taskinstance.py:2612} INFO - Dependencies all met for dep_context=requeueable deps ti=<TaskInstance: BuildELT_dbt.dbt_snapshot manual__2026-04-22T05:55:39.751229+00:00 [queued]>
[2026-04-22T05:56:00.934+0000] {taskinstance.py:2865} INFO - Starting attempt 1 of 1
[2026-04-22T05:56:00.938+0000] {taskinstance.py:2888} INFO - Executing <Task(BashOperator): dbt_snapshot> on 2026-04-22 05:55:39.751229+00:00
[2026-04-22T05:56:00.941+0000] {standard_task_runner.py:104} INFO - Running: ['***', 'tasks', 'run', 'BuildELT_dbt', 'dbt_snapshot', 'manual__2026-04-22T05:55:39.751229+00:00', '--job-id', '171', '--raw', '--subdir', 'DAGS_FOLDER/build_elt_with_dbt.py', '--cfg-path', '/tmp/tmph78an05p']
[2026-04-22T05:56:00.943+0000] {standard_task_runner.py:105} INFO - Job 171: Subtask dbt_snapshot
[2026-04-22T05:56:00.942+0000] {logging_mixin.py:190} WARNING - /home/***/.local/lib/python3.12/site-packages/***/task/task_runner/standard_task_runner.py:70 DeprecationWarning: This process (pid=644) is multi-threaded, use of fork() may lead to deadlocks in the child.
[2026-04-22T05:56:00.943+0000] {standard_task_runner.py:72} INFO - Started process 645 to run task
[2026-04-22T05:56:00.958+0000] {task_command.py:467} INFO - Running <TaskInstance: BuildELT_dbt.dbt_snapshot manual__2026-04-22T05:55:39.751229+00:00 [running]> on host 2311453635e8
[2026-04-22T05:56:00.984+0000] {taskinstance.py:3131} INFO - Exporting env vars: AIRFLOW_CTX_DAG_OWNER='***' AIRFLOW_CTX_DAG_ID='BuildELT_dbt' AIRFLOW_CTX_TASK_ID='dbt_snapshot' AIRFLOW_CTX_EXECUTION_DATE='2026-04-22T05:55:39.751229+00:00' AIRFLOW_CTX_TRY_NUMBER='1' AIRFLOW_CTX_DAG_RUN_ID='manual__2026-04-22T05:55:39.751229+00:00'
[2026-04-22T05:56:00.984+0000] {taskinstance.py:731} INFO - ::endgroup::
[2026-04-22T05:56:00.990+0000] {subprocess.py:63} INFO - Tmp dir root location: /tmp
[2026-04-22T05:56:00.990+0000] {subprocess.py:75} INFO - Running command: ['/usr/bin/bash', '-c', '/home/***/.local/bin/dbt snapshot --profiles-dir /opt/***/dbt --project-dir /opt/***/dbt']
[2026-04-22T05:56:00.993+0000] {subprocess.py:86} INFO - Output:
[2026-04-22T05:56:01.826+0000] {subprocess.py:93} INFO - [0m05:56:01  Running with dbt=1.8.7
[2026-04-22T05:56:02.197+0000] {subprocess.py:93} INFO - [0m05:56:02  Registered adapter: snowflake=1.8.1
[2026-04-22T05:56:02.336+0000] {subprocess.py:93} INFO - [0m05:56:02  Found 3 models, 1 snapshot, 2 data tests, 3 sources, 454 macros
[2026-04-22T05:56:02.337+0000] {subprocess.py:93} INFO - [0m05:56:02
[2026-04-22T05:56:05.750+0000] {subprocess.py:93} INFO - [0m05:56:05  Concurrency: 1 threads (target='dev')
[2026-04-22T05:56:05.752+0000] {subprocess.py:93} INFO - [0m05:56:05
[2026-04-22T05:56:05.766+0000] {subprocess.py:93} INFO - [0m05:56:05  1 of 1 START snapshot snapshot.snapshot_session_summary ........................ [RUN]
[2026-04-22T05:56:09.689+0000] {subprocess.py:93} INFO - [0m05:56:09  1 of 1 OK snapshotted snapshot.snapshot_session_summary ........................ [[32mSUCCESS 0[0m in 3.92s]
[2026-04-22T05:56:09.695+0000] {subprocess.py:93} INFO - [0m05:56:09
[2026-04-22T05:56:09.696+0000] {subprocess.py:93} INFO - [0m05:56:09  Finished running 1 snapshot in 0 hours 0 minutes and 7.36 seconds (7.36s).
[2026-04-22T05:56:09.727+0000] {subprocess.py:93} INFO - [0m05:56:09
[2026-04-22T05:56:09.727+0000] {subprocess.py:93} INFO - [0m05:56:09  [32mCompleted successfully[0m
[2026-04-22T05:56:09.728+0000] {subprocess.py:93} INFO - [0m05:56:09
[2026-04-22T05:56:09.728+0000] {subprocess.py:93} INFO - [0m05:56:09  Done. PASS=1 WARN=0 ERROR=0 SKIP=0 TOTAL=1
[2026-04-22T05:56:10.238+0000] {subprocess.py:97} INFO - Command exited with return code 0
[2026-04-22T05:56:10.251+0000] {taskinstance.py:340} INFO - ::group::Post task execution logs
[2026-04-22T05:56:10.251+0000] {taskinstance.py:352} INFO - Marking task as SUCCESS. dag_id=BuildELT_dbt, task_id=dbt_snapshot, run_id=manual__2026-04-22T05:55:39.751229+00:00, execution_date=20260422T055539, start_date=20260422T055600, end_date=20260422T055610
[2026-04-22T05:56:10.300+0000] {local_task_job_runner.py:266} INFO - Task exited with return code 0
[2026-04-22T05:56:10.306+0000] {taskinstance.py:3900} INFO - 0 downstream tasks scheduled from follow-on schedule check
[2026-04-22T05:56:10.307+0000] {local_task_job_runner.py:245} INFO - ::endgroup::
