[2026-03-05T09:06:14.556+0000] {local_task_job_runner.py:123} INFO - ::group::Pre task execution logs
[2026-03-05T09:06:14.563+0000] {taskinstance.py:2612} INFO - Dependencies all met for dep_context=non-requeueable deps ti=<TaskInstance: Open_Meteo.transform__1 manual__2026-03-05T09:06:10.331513+00:00 [queued]>
[2026-03-05T09:06:14.566+0000] {taskinstance.py:2612} INFO - Dependencies all met for dep_context=requeueable deps ti=<TaskInstance: Open_Meteo.transform__1 manual__2026-03-05T09:06:10.331513+00:00 [queued]>
[2026-03-05T09:06:14.567+0000] {taskinstance.py:2865} INFO - Starting attempt 1 of 2
[2026-03-05T09:06:14.572+0000] {taskinstance.py:2888} INFO - Executing <Task(_PythonDecoratedOperator): transform__1> on 2026-03-05 09:06:10.331513+00:00
[2026-03-05T09:06:14.576+0000] {logging_mixin.py:190} WARNING - /home/***/.local/lib/python3.12/site-packages/***/task/task_runner/standard_task_runner.py:70 DeprecationWarning: This process (pid=3581) is multi-threaded, use of fork() may lead to deadlocks in the child.
[2026-03-05T09:06:14.577+0000] {standard_task_runner.py:72} INFO - Started process 3591 to run task
[2026-03-05T09:06:14.577+0000] {standard_task_runner.py:104} INFO - Running: ['***', 'tasks', 'run', 'Open_Meteo', 'transform__1', 'manual__2026-03-05T09:06:10.331513+00:00', '--job-id', '49', '--raw', '--subdir', 'DAGS_FOLDER/226 - lab 1 - Open Meteo_v2.py', '--cfg-path', '/tmp/tmpiiu865su']
[2026-03-05T09:06:14.577+0000] {standard_task_runner.py:105} INFO - Job 49: Subtask transform__1
[2026-03-05T09:06:14.594+0000] {task_command.py:467} INFO - Running <TaskInstance: Open_Meteo.transform__1 manual__2026-03-05T09:06:10.331513+00:00 [running]> on host 1d38eee2b72b
[2026-03-05T09:06:14.623+0000] {taskinstance.py:3131} INFO - Exporting env vars: AIRFLOW_CTX_DAG_EMAIL='vincent.do@sjsu.edu' AIRFLOW_CTX_DAG_OWNER='vdo27' AIRFLOW_CTX_DAG_ID='Open_Meteo' AIRFLOW_CTX_TASK_ID='transform__1' AIRFLOW_CTX_EXECUTION_DATE='2026-03-05T09:06:10.331513+00:00' AIRFLOW_CTX_TRY_NUMBER='1' AIRFLOW_CTX_DAG_RUN_ID='manual__2026-03-05T09:06:10.331513+00:00'
[2026-03-05T09:06:14.625+0000] {taskinstance.py:731} INFO - ::endgroup::
[2026-03-05T09:06:14.629+0000] {python.py:240} INFO - Done. Returned value was:    latitude  longitude       date  ...  precipitation  weather_code        city
0   38.9332  -119.9844 2026-01-04  ...           17.8            75  Lake Tahoe
1   38.9332  -119.9844 2026-01-05  ...            0.4            71  Lake Tahoe
2   38.9332  -119.9844 2026-01-06  ...            0.0            45  Lake Tahoe
3   38.9332  -119.9844 2026-01-07  ...            2.1            75  Lake Tahoe
4   38.9332  -119.9844 2026-01-08  ...            3.0            75  Lake Tahoe
5   38.9332  -119.9844 2026-01-09  ...            0.0             3  Lake Tahoe
6   38.9332  -119.9844 2026-01-10  ...            0.0            45  Lake Tahoe
7   38.9332  -119.9844 2026-01-11  ...            0.0             3  Lake Tahoe
8   38.9332  -119.9844 2026-01-12  ...            0.0             3  Lake Tahoe
9   38.9332  -119.9844 2026-01-13  ...            0.0             3  Lake Tahoe
10  38.9332  -119.9844 2026-01-14  ...            0.0             0  Lake Tahoe
11  38.9332  -119.9844 2026-01-15  ...            0.0             2  Lake Tahoe
12  38.9332  -119.9844 2026-01-16  ...            0.0             0  Lake Tahoe
13  38.9332  -119.9844 2026-01-17  ...            0.0             2  Lake Tahoe
14  38.9332  -119.9844 2026-01-18  ...            0.0             3  Lake Tahoe
15  38.9332  -119.9844 2026-01-19  ...            0.0             1  Lake Tahoe
16  38.9332  -119.9844 2026-01-20  ...            0.0             3  Lake Tahoe
17  38.9332  -119.9844 2026-01-21  ...            0.0             3  Lake Tahoe
18  38.9332  -119.9844 2026-01-22  ...            0.0             3  Lake Tahoe
19  38.9332  -119.9844 2026-01-23  ...            0.0             3  Lake Tahoe
20  38.9332  -119.9844 2026-01-24  ...            0.0             3  Lake Tahoe
21  38.9332  -119.9844 2026-01-25  ...            0.0             3  Lake Tahoe
22  38.9332  -119.9844 2026-01-26  ...            0.0             1  Lake Tahoe
23  38.9332  -119.9844 2026-01-27  ...            0.0             3  Lake Tahoe
24  38.9332  -119.9844 2026-01-28  ...            0.7            73  Lake Tahoe
25  38.9332  -119.9844 2026-01-29  ...            0.0             2  Lake Tahoe
26  38.9332  -119.9844 2026-01-30  ...            0.0             3  Lake Tahoe
27  38.9332  -119.9844 2026-01-31  ...            0.0             3  Lake Tahoe
28  38.9332  -119.9844 2026-02-01  ...            0.0             3  Lake Tahoe
29  38.9332  -119.9844 2026-02-02  ...            0.0             0  Lake Tahoe
30  38.9332  -119.9844 2026-02-03  ...            0.0             3  Lake Tahoe
31  38.9332  -119.9844 2026-02-04  ...            0.0             2  Lake Tahoe
32  38.9332  -119.9844 2026-02-05  ...            0.0             2  Lake Tahoe
33  38.9332  -119.9844 2026-02-06  ...            0.0             3  Lake Tahoe
34  38.9332  -119.9844 2026-02-07  ...            0.0            45  Lake Tahoe
35  38.9332  -119.9844 2026-02-08  ...            0.0             3  Lake Tahoe
36  38.9332  -119.9844 2026-02-09  ...            0.0             3  Lake Tahoe
37  38.9332  -119.9844 2026-02-10  ...            6.1            75  Lake Tahoe
38  38.9332  -119.9844 2026-02-11  ...            3.0            73  Lake Tahoe
39  38.9332  -119.9844 2026-02-12  ...            2.1            73  Lake Tahoe
40  38.9332  -119.9844 2026-02-13  ...            0.0             3  Lake Tahoe
41  38.9332  -119.9844 2026-02-14  ...            0.0             3  Lake Tahoe
42  38.9332  -119.9844 2026-02-15  ...            0.0             3  Lake Tahoe
43  38.9332  -119.9844 2026-02-16  ...           10.6            75  Lake Tahoe
44  38.9332  -119.9844 2026-02-17  ...           32.4            75  Lake Tahoe
45  38.9332  -119.9844 2026-02-18  ...            7.3            73  Lake Tahoe
46  38.9332  -119.9844 2026-02-19  ...            8.4            75  Lake Tahoe
47  38.9332  -119.9844 2026-02-20  ...            0.0            45  Lake Tahoe
48  38.9332  -119.9844 2026-02-21  ...            0.0             3  Lake Tahoe
49  38.9332  -119.9844 2026-02-22  ...            0.0             3  Lake Tahoe
50  38.9332  -119.9844 2026-02-23  ...            0.0             3  Lake Tahoe
51  38.9332  -119.9844 2026-02-24  ...           17.2            61  Lake Tahoe
52  38.9332  -119.9844 2026-02-25  ...            1.6            53  Lake Tahoe
53  38.9332  -119.9844 2026-02-26  ...            0.0             3  Lake Tahoe
54  38.9332  -119.9844 2026-02-27  ...            0.0             3  Lake Tahoe
55  38.9332  -119.9844 2026-02-28  ...            0.0             3  Lake Tahoe
56  38.9332  -119.9844 2026-03-01  ...            0.3            51  Lake Tahoe
57  38.9332  -119.9844 2026-03-02  ...            0.0             3  Lake Tahoe
58  38.9332  -119.9844 2026-03-03  ...            0.0             0  Lake Tahoe
59  38.9332  -119.9844 2026-03-04  ...            0.0             3  Lake Tahoe

[60 rows x 8 columns]
[2026-03-05T09:06:14.650+0000] {taskinstance.py:340} INFO - ::group::Post task execution logs
[2026-03-05T09:06:14.650+0000] {taskinstance.py:352} INFO - Marking task as SUCCESS. dag_id=Open_Meteo, task_id=transform__1, run_id=manual__2026-03-05T09:06:10.331513+00:00, execution_date=20260305T090610, start_date=20260305T090614, end_date=20260305T090614
[2026-03-05T09:06:14.678+0000] {local_task_job_runner.py:266} INFO - Task exited with return code 0
[2026-03-05T09:06:14.682+0000] {taskinstance.py:3925} ERROR - Error scheduling downstream tasks. Skipping it as this is entirely optional optimisation. There might be various reasons for it, please take a look at the stack trace to figure out if the root cause can be diagnosed and fixed. See the issue https://github.com/apache/***/issues/39717 for details and an example problem. If you would like to get help in solving root cause, open discussion with all details with your managed service support or in Airflow repository.
Traceback (most recent call last):
  File "/home/airflow/.local/lib/python3.12/site-packages/airflow/models/taskinstance.py", line 3921, in schedule_downstream_tasks
    return TaskInstance._schedule_downstream_tasks(
           ^^^^^^^^^^^^^^^^^^^^^^^^^^^^^^^^^^^^^^^^
  File "/home/airflow/.local/lib/python3.12/site-packages/airflow/utils/session.py", line 94, in wrapper
    return func(*args, **kwargs)
           ^^^^^^^^^^^^^^^^^^^^^
  File "/home/airflow/.local/lib/python3.12/site-packages/airflow/models/taskinstance.py", line 3870, in _schedule_downstream_tasks
    partial_dag = task.dag.partial_subset(
                  ^^^^^^^^^^^^^^^^^^^^^^^^
  File "/home/airflow/.local/lib/python3.12/site-packages/airflow/models/dag.py", line 2664, in partial_subset
    t.task_id: _deepcopy_task(t)
               ^^^^^^^^^^^^^^^^^
  File "/home/airflow/.local/lib/python3.12/site-packages/airflow/models/dag.py", line 2661, in _deepcopy_task
    return copy.deepcopy(t, memo)
           ^^^^^^^^^^^^^^^^^^^^^^
  File "/usr/local/lib/python3.12/copy.py", line 143, in deepcopy
    y = copier(memo)
        ^^^^^^^^^^^^
  File "/home/airflow/.local/lib/python3.12/site-packages/airflow/models/baseoperator.py", line 1388, in __deepcopy__
    setattr(result, k, copy.deepcopy(v, memo))
                       ^^^^^^^^^^^^^^^^^^^^^^
  File "/usr/local/lib/python3.12/copy.py", line 136, in deepcopy
    y = copier(x, memo)
        ^^^^^^^^^^^^^^^
  File "/usr/local/lib/python3.12/copy.py", line 221, in _deepcopy_dict
    y[deepcopy(key, memo)] = deepcopy(value, memo)
                             ^^^^^^^^^^^^^^^^^^^^^
  File "/usr/local/lib/python3.12/copy.py", line 136, in deepcopy
    y = copier(x, memo)
        ^^^^^^^^^^^^^^^
  File "/usr/local/lib/python3.12/copy.py", line 201, in _deepcopy_tuple
    y = [deepcopy(a, memo) for a in x]
         ^^^^^^^^^^^^^^^^^
  File "/usr/local/lib/python3.12/copy.py", line 162, in deepcopy
    y = _reconstruct(x, memo, *rv)
        ^^^^^^^^^^^^^^^^^^^^^^^^^^
  File "/usr/local/lib/python3.12/copy.py", line 259, in _reconstruct
    state = deepcopy(state, memo)
            ^^^^^^^^^^^^^^^^^^^^^
  File "/usr/local/lib/python3.12/copy.py", line 136, in deepcopy
    y = copier(x, memo)
        ^^^^^^^^^^^^^^^
  File "/usr/local/lib/python3.12/copy.py", line 221, in _deepcopy_dict
    y[deepcopy(key, memo)] = deepcopy(value, memo)
                             ^^^^^^^^^^^^^^^^^^^^^
  File "/usr/local/lib/python3.12/copy.py", line 162, in deepcopy
    y = _reconstruct(x, memo, *rv)
        ^^^^^^^^^^^^^^^^^^^^^^^^^^
  File "/usr/local/lib/python3.12/copy.py", line 259, in _reconstruct
    state = deepcopy(state, memo)
            ^^^^^^^^^^^^^^^^^^^^^
  File "/usr/local/lib/python3.12/copy.py", line 136, in deepcopy
    y = copier(x, memo)
        ^^^^^^^^^^^^^^^
  File "/usr/local/lib/python3.12/copy.py", line 221, in _deepcopy_dict
    y[deepcopy(key, memo)] = deepcopy(value, memo)
                             ^^^^^^^^^^^^^^^^^^^^^
  File "/usr/local/lib/python3.12/copy.py", line 151, in deepcopy
    rv = reductor(4)
         ^^^^^^^^^^^
TypeError: cannot pickle '_thread.lock' object
[2026-03-05T09:06:14.684+0000] {local_task_job_runner.py:245} INFO - ::endgroup::
