[2026-04-30T23:14:03.259+0000] {local_task_job_runner.py:123} INFO - ::group::Pre task execution logs
[2026-04-30T23:14:03.266+0000] {taskinstance.py:2612} INFO - Dependencies all met for dep_context=non-requeueable deps ti=<TaskInstance: Medium_to_Pinecone.create_pinecone_index manual__2026-04-30T23:13:58.773884+00:00 [queued]>
[2026-04-30T23:14:03.272+0000] {taskinstance.py:2612} INFO - Dependencies all met for dep_context=requeueable deps ti=<TaskInstance: Medium_to_Pinecone.create_pinecone_index manual__2026-04-30T23:13:58.773884+00:00 [queued]>
[2026-04-30T23:14:03.272+0000] {taskinstance.py:2865} INFO - Starting attempt 1 of 2
[2026-04-30T23:14:03.279+0000] {taskinstance.py:2888} INFO - Executing <Task(_PythonDecoratedOperator): create_pinecone_index> on 2026-04-30 23:13:58.773884+00:00
[2026-04-30T23:14:03.293+0000] {logging_mixin.py:190} WARNING - /home/***/.local/lib/python3.12/site-packages/***/task/task_runner/standard_task_runner.py:70 DeprecationWarning: This process (pid=1144) is multi-threaded, use of fork() may lead to deadlocks in the child.
[2026-04-30T23:14:03.292+0000] {standard_task_runner.py:104} INFO - Running: ['***', 'tasks', 'run', 'Medium_to_Pinecone', 'create_pinecone_index', 'manual__2026-04-30T23:13:58.773884+00:00', '--job-id', '254', '--raw', '--subdir', 'DAGS_FOLDER/build_pinecone_search.py', '--cfg-path', '/tmp/tmp6xw8xrsc']
[2026-04-30T23:14:03.295+0000] {standard_task_runner.py:72} INFO - Started process 1176 to run task
[2026-04-30T23:14:03.295+0000] {standard_task_runner.py:105} INFO - Job 254: Subtask create_pinecone_index
[2026-04-30T23:14:03.333+0000] {task_command.py:467} INFO - Running <TaskInstance: Medium_to_Pinecone.create_pinecone_index manual__2026-04-30T23:13:58.773884+00:00 [running]> on host c7d91b7c89dd
[2026-04-30T23:14:03.365+0000] {taskinstance.py:3131} INFO - Exporting env vars: AIRFLOW_CTX_DAG_OWNER='***' AIRFLOW_CTX_DAG_ID='Medium_to_Pinecone' AIRFLOW_CTX_TASK_ID='create_pinecone_index' AIRFLOW_CTX_EXECUTION_DATE='2026-04-30T23:13:58.773884+00:00' AIRFLOW_CTX_TRY_NUMBER='1' AIRFLOW_CTX_DAG_RUN_ID='manual__2026-04-30T23:13:58.773884+00:00'
[2026-04-30T23:14:03.366+0000] {taskinstance.py:731} INFO - ::endgroup::
[2026-04-30T23:14:03.378+0000] {discover_namespace_packages.py:12} INFO - Discovering subpackages in _NamespacePath(['/home/***/.local/lib/python3.12/site-packages/pinecone_plugins'])
[2026-04-30T23:14:03.379+0000] {discover_plugins.py:9} INFO - Looking for plugins in pinecone_plugins.inference
[2026-04-30T23:14:03.387+0000] {installation.py:10} INFO - Installing plugin inference into Pinecone
[2026-04-30T23:14:14.394+0000] {logging_mixin.py:190} INFO - Pinecone index 'semantic-search-fast' created successfully
[2026-04-30T23:14:14.413+0000] {python.py:240} INFO - Done. Returned value was: semantic-search-fast
[2026-04-30T23:14:14.445+0000] {taskinstance.py:340} INFO - ::group::Post task execution logs
[2026-04-30T23:14:14.445+0000] {taskinstance.py:352} INFO - Marking task as SUCCESS. dag_id=Medium_to_Pinecone, task_id=create_pinecone_index, run_id=manual__2026-04-30T23:13:58.773884+00:00, execution_date=20260430T231358, start_date=20260430T231403, end_date=20260430T231414
[2026-04-30T23:14:14.496+0000] {local_task_job_runner.py:266} INFO - Task exited with return code 0
[2026-04-30T23:14:14.514+0000] {taskinstance.py:3900} INFO - 1 downstream tasks scheduled from follow-on schedule check
[2026-04-30T23:14:14.515+0000] {local_task_job_runner.py:245} INFO - ::endgroup::
